2017/04/21 11:08:28 >> Started SolrSearchQuestion: start = 50000...
Starting the StanfordNLP API...
[main] INFO edu.stanford.nlp.pipeline.StanfordCoreNLP - Adding annotator tokenize
[main] INFO edu.stanford.nlp.pipeline.TokenizerAnnotator - No tokenizer type provided. Defaulting to PTBTokenizer.
[main] INFO edu.stanford.nlp.pipeline.StanfordCoreNLP - Adding annotator ssplit
[main] INFO edu.stanford.nlp.pipeline.StanfordCoreNLP - Adding annotator parse
[main] INFO edu.stanford.nlp.parser.common.ParserGrammar - Loading parser from serialized file edu/stanford/nlp/models/lexparser/englishPCFG.ser.gz ... done [0.5 sec].
Finished starting the StanfordNLP API!
2017/04/21 11:08:33 >> Finished more 100 comments...
Apr 21, 2017 11:08:33 AM solr.utils.Log doInfoLogging
INFO: 2017/04/21 11:08:33 >> Finished more 100 comments...
2017/04/21 11:08:39 >> Finished more 100 comments...
Apr 21, 2017 11:08:39 AM solr.utils.Log doInfoLogging
INFO: 2017/04/21 11:08:39 >> Finished more 100 comments...
2017/04/21 11:08:42 >> Finished more 100 comments...
Apr 21, 2017 11:08:42 AM solr.utils.Log doInfoLogging
INFO: 2017/04/21 11:08:42 >> Finished more 100 comments...
2017/04/21 11:08:59 >> Finished more 100 comments...
Apr 21, 2017 11:08:59 AM solr.utils.Log doInfoLogging
INFO: 2017/04/21 11:08:59 >> Finished more 100 comments...
2017/04/21 11:09:06 >> Finished more 100 comments...
Apr 21, 2017 11:09:06 AM solr.utils.Log doInfoLogging
INFO: 2017/04/21 11:09:06 >> Finished more 100 comments...
2017/04/21 11:09:24 >> Finished more 100 comments...
Apr 21, 2017 11:09:24 AM solr.utils.Log doInfoLogging
INFO: 2017/04/21 11:09:24 >> Finished more 100 comments...
2017/04/21 11:09:28 >> Finished more 100 comments...
Apr 21, 2017 11:09:28 AM solr.utils.Log doInfoLogging
INFO: 2017/04/21 11:09:28 >> Finished more 100 comments...
2017/04/21 11:09:33 >> Finished more 100 comments...
Apr 21, 2017 11:09:33 AM solr.utils.Log doInfoLogging
INFO: 2017/04/21 11:09:33 >> Finished more 100 comments...
2017/04/21 11:09:36 >> Finished more 100 comments...
Apr 21, 2017 11:09:36 AM solr.utils.Log doInfoLogging
INFO: 2017/04/21 11:09:36 >> Finished more 100 comments...
2017/04/21 11:09:45 >> Finished more 100 comments...
Apr 21, 2017 11:09:45 AM solr.utils.Log doInfoLogging
INFO: 2017/04/21 11:09:45 >> Finished more 100 comments...
2017/04/21 11:10:31 >> Finished more 100 comments...
Apr 21, 2017 11:10:31 AM solr.utils.Log doInfoLogging
INFO: 2017/04/21 11:10:31 >> Finished more 100 comments...
2017/04/21 11:10:41 >> Finished more 100 comments...
Apr 21, 2017 11:10:41 AM solr.utils.Log doInfoLogging
INFO: 2017/04/21 11:10:41 >> Finished more 100 comments...
2017/04/21 11:10:50 >> Finished more 100 comments...
Apr 21, 2017 11:10:50 AM solr.utils.Log doInfoLogging
INFO: 2017/04/21 11:10:50 >> Finished more 100 comments...
2017/04/21 11:10:55 >> Finished more 100 comments...
Apr 21, 2017 11:10:55 AM solr.utils.Log doInfoLogging
INFO: 2017/04/21 11:10:55 >> Finished more 100 comments...
2017/04/21 11:10:58 >> Finished more 100 comments...
Apr 21, 2017 11:10:58 AM solr.utils.Log doInfoLogging
INFO: 2017/04/21 11:10:58 >> Finished more 100 comments...
2017/04/21 11:11:03 >> Finished more 100 comments...
Apr 21, 2017 11:11:03 AM solr.utils.Log doInfoLogging
INFO: 2017/04/21 11:11:03 >> Finished more 100 comments...
2017/04/21 11:11:08 >> Finished more 100 comments...
Apr 21, 2017 11:11:08 AM solr.utils.Log doInfoLogging
INFO: 2017/04/21 11:11:08 >> Finished more 100 comments...
2017/04/21 11:11:13 >> Finished more 100 comments...
Apr 21, 2017 11:11:13 AM solr.utils.Log doInfoLogging
INFO: 2017/04/21 11:11:13 >> Finished more 100 comments...
2017/04/21 12:13:42 >> Finished more 100 comments...
Apr 21, 2017 12:13:42 PM solr.utils.Log doInfoLogging
INFO: 2017/04/21 12:13:42 >> Finished more 100 comments...
2017/04/21 12:13:52 >> Finished more 100 comments...
Apr 21, 2017 12:13:52 PM solr.utils.Log doInfoLogging
INFO: 2017/04/21 12:13:52 >> Finished more 100 comments...
2017/04/21 12:13:54 >> Finished more 100 comments...
Apr 21, 2017 12:13:54 PM solr.utils.Log doInfoLogging
INFO: 2017/04/21 12:13:54 >> Finished more 100 comments...
2017/04/21 12:14:19 >> Finished more 100 comments...
Apr 21, 2017 12:14:19 PM solr.utils.Log doInfoLogging
INFO: 2017/04/21 12:14:19 >> Finished more 100 comments...
2017/04/21 12:14:25 >> Finished more 100 comments...
Apr 21, 2017 12:14:25 PM solr.utils.Log doInfoLogging
INFO: 2017/04/21 12:14:25 >> Finished more 100 comments...
2017/04/21 12:14:36 >> Finished more 100 comments...
Apr 21, 2017 12:14:36 PM solr.utils.Log doInfoLogging
INFO: 2017/04/21 12:14:36 >> Finished more 100 comments...
2017/04/21 12:14:43 >> Finished more 100 comments...
Apr 21, 2017 12:14:43 PM solr.utils.Log doInfoLogging
INFO: 2017/04/21 12:14:43 >> Finished more 100 comments...
2017/04/21 12:14:48 >> Finished more 100 comments...
Apr 21, 2017 12:14:48 PM solr.utils.Log doInfoLogging
INFO: 2017/04/21 12:14:48 >> Finished more 100 comments...
2017/04/21 12:14:55 >> Finished more 100 comments...
Apr 21, 2017 12:14:55 PM solr.utils.Log doInfoLogging
INFO: 2017/04/21 12:14:55 >> Finished more 100 comments...
2017/04/21 12:15:04 >> Finished more 100 comments...
Apr 21, 2017 12:15:04 PM solr.utils.Log doInfoLogging
INFO: 2017/04/21 12:15:04 >> Finished more 100 comments...
2017/04/21 12:15:09 >> Finished more 100 comments...
Apr 21, 2017 12:15:09 PM solr.utils.Log doInfoLogging
INFO: 2017/04/21 12:15:09 >> Finished more 100 comments...
2017/04/21 12:15:12 >> Finished more 100 comments...
Apr 21, 2017 12:15:12 PM solr.utils.Log doInfoLogging
INFO: 2017/04/21 12:15:12 >> Finished more 100 comments...
2017/04/21 12:15:22 >> Finished more 100 comments...
Apr 21, 2017 12:15:22 PM solr.utils.Log doInfoLogging
INFO: 2017/04/21 12:15:22 >> Finished more 100 comments...
2017/04/21 12:15:25 >> Finished more 100 comments...
Apr 21, 2017 12:15:25 PM solr.utils.Log doInfoLogging
INFO: 2017/04/21 12:15:25 >> Finished more 100 comments...
2017/04/21 12:15:36 >> Finished more 100 comments...
Apr 21, 2017 12:15:36 PM solr.utils.Log doInfoLogging
INFO: 2017/04/21 12:15:36 >> Finished more 100 comments...
2017/04/21 12:15:40 >> Finished more 100 comments...
Apr 21, 2017 12:15:40 PM solr.utils.Log doInfoLogging
INFO: 2017/04/21 12:15:40 >> Finished more 100 comments...
2017/04/21 12:15:52 >> Finished more 100 comments...
Apr 21, 2017 12:15:52 PM solr.utils.Log doInfoLogging
INFO: 2017/04/21 12:15:52 >> Finished more 100 comments...
2017/04/21 12:15:57 >> Finished more 100 comments...
Apr 21, 2017 12:15:57 PM solr.utils.Log doInfoLogging
INFO: 2017/04/21 12:15:57 >> Finished more 100 comments...
2017/04/21 12:16:00 >> Finished more 100 comments...
Apr 21, 2017 12:16:00 PM solr.utils.Log doInfoLogging
INFO: 2017/04/21 12:16:00 >> Finished more 100 comments...
2017/04/21 12:17:24 >> Finished more 100 comments...
Apr 21, 2017 12:17:24 PM solr.utils.Log doInfoLogging
INFO: 2017/04/21 12:17:24 >> Finished more 100 comments...
2017/04/21 12:17:42 >> Finished more 100 comments...
Apr 21, 2017 12:17:42 PM solr.utils.Log doInfoLogging
INFO: 2017/04/21 12:17:42 >> Finished more 100 comments...
2017/04/21 12:19:30 >> Finished more 100 comments...
Apr 21, 2017 12:19:30 PM solr.utils.Log doInfoLogging
INFO: 2017/04/21 12:19:30 >> Finished more 100 comments...
2017/04/21 12:19:34 >> Finished more 100 comments...
Apr 21, 2017 12:19:34 PM solr.utils.Log doInfoLogging
INFO: 2017/04/21 12:19:34 >> Finished more 100 comments...
2017/04/21 12:19:50 >> Finished more 100 comments...
Apr 21, 2017 12:19:50 PM solr.utils.Log doInfoLogging
INFO: 2017/04/21 12:19:50 >> Finished more 100 comments...
2017/04/21 12:20:04 >> Finished more 100 comments...
Apr 21, 2017 12:20:04 PM solr.utils.Log doInfoLogging
INFO: 2017/04/21 12:20:04 >> Finished more 100 comments...
2017/04/21 12:20:07 >> Finished more 100 comments...
Apr 21, 2017 12:20:07 PM solr.utils.Log doInfoLogging
INFO: 2017/04/21 12:20:07 >> Finished more 100 comments...
2017/04/21 12:20:14 >> Finished more 100 comments...
Apr 21, 2017 12:20:14 PM solr.utils.Log doInfoLogging
INFO: 2017/04/21 12:20:14 >> Finished more 100 comments...
2017/04/21 12:20:18 >> Finished more 100 comments...
Apr 21, 2017 12:20:18 PM solr.utils.Log doInfoLogging
INFO: 2017/04/21 12:20:18 >> Finished more 100 comments...
2017/04/21 12:21:34 >> Finished more 100 comments...
Apr 21, 2017 12:21:34 PM solr.utils.Log doInfoLogging
INFO: 2017/04/21 12:21:34 >> Finished more 100 comments...
2017/04/21 12:21:38 >> Finished more 100 comments...
Apr 21, 2017 12:21:38 PM solr.utils.Log doInfoLogging
INFO: 2017/04/21 12:21:38 >> Finished more 100 comments...
2017/04/21 12:28:26 >> Finished more 100 comments...
Apr 21, 2017 12:28:26 PM solr.utils.Log doInfoLogging
INFO: 2017/04/21 12:28:26 >> Finished more 100 comments...
2017/04/21 12:28:30 >> Finished more 100 comments...
Apr 21, 2017 12:28:30 PM solr.utils.Log doInfoLogging
INFO: 2017/04/21 12:28:30 >> Finished more 100 comments...
2017/04/21 12:29:19 >> Finished more 100 comments...
Apr 21, 2017 12:29:19 PM solr.utils.Log doInfoLogging
INFO: 2017/04/21 12:29:19 >> Finished more 100 comments...
2017/04/21 12:29:27 >> Finished more 100 comments...
Apr 21, 2017 12:29:27 PM solr.utils.Log doInfoLogging
INFO: 2017/04/21 12:29:27 >> Finished more 100 comments...
2017/04/21 12:29:38 >> Finished more 100 comments...
Apr 21, 2017 12:29:38 PM solr.utils.Log doInfoLogging
INFO: 2017/04/21 12:29:38 >> Finished more 100 comments...
2017/04/21 12:29:43 >> Finished more 100 comments...
Apr 21, 2017 12:29:43 PM solr.utils.Log doInfoLogging
INFO: 2017/04/21 12:29:43 >> Finished more 100 comments...
2017/04/21 12:29:58 >> Finished more 100 comments...
Apr 21, 2017 12:29:58 PM solr.utils.Log doInfoLogging
INFO: 2017/04/21 12:29:58 >> Finished more 100 comments...
2017/04/21 12:30:04 >> Finished more 100 comments...
Apr 21, 2017 12:30:04 PM solr.utils.Log doInfoLogging
INFO: 2017/04/21 12:30:04 >> Finished more 100 comments...
2017/04/21 12:30:12 >> Finished more 100 comments...
Apr 21, 2017 12:30:12 PM solr.utils.Log doInfoLogging
INFO: 2017/04/21 12:30:12 >> Finished more 100 comments...
2017/04/21 12:30:15 >> Finished more 100 comments...
Apr 21, 2017 12:30:15 PM solr.utils.Log doInfoLogging
INFO: 2017/04/21 12:30:15 >> Finished more 100 comments...
2017/04/21 12:30:19 >> Finished more 100 comments...
Apr 21, 2017 12:30:19 PM solr.utils.Log doInfoLogging
INFO: 2017/04/21 12:30:19 >> Finished more 100 comments...
2017/04/21 12:30:27 >> Finished more 100 comments...
Apr 21, 2017 12:30:27 PM solr.utils.Log doInfoLogging
INFO: 2017/04/21 12:30:27 >> Finished more 100 comments...
2017/04/21 12:30:31 >> Finished more 100 comments...
Apr 21, 2017 12:30:31 PM solr.utils.Log doInfoLogging
INFO: 2017/04/21 12:30:31 >> Finished more 100 comments...
2017/04/21 12:30:38 >> Finished more 100 comments...
Apr 21, 2017 12:30:38 PM solr.utils.Log doInfoLogging
INFO: 2017/04/21 12:30:38 >> Finished more 100 comments...
2017/04/21 12:30:44 >> Finished more 100 comments...
Apr 21, 2017 12:30:44 PM solr.utils.Log doInfoLogging
INFO: 2017/04/21 12:30:44 >> Finished more 100 comments...
2017/04/21 12:30:50 >> Finished more 100 comments...
Apr 21, 2017 12:30:50 PM solr.utils.Log doInfoLogging
INFO: 2017/04/21 12:30:50 >> Finished more 100 comments...
2017/04/21 12:30:55 >> Finished more 100 comments...
Apr 21, 2017 12:30:55 PM solr.utils.Log doInfoLogging
INFO: 2017/04/21 12:30:55 >> Finished more 100 comments...
2017/04/21 12:31:09 >> Finished more 100 comments...
Apr 21, 2017 12:31:09 PM solr.utils.Log doInfoLogging
INFO: 2017/04/21 12:31:09 >> Finished more 100 comments...
2017/04/21 12:31:13 >> Finished more 100 comments...
Apr 21, 2017 12:31:13 PM solr.utils.Log doInfoLogging
INFO: 2017/04/21 12:31:13 >> Finished more 100 comments...
2017/04/21 12:31:21 >> Finished more 100 comments...
Apr 21, 2017 12:31:21 PM solr.utils.Log doInfoLogging
INFO: 2017/04/21 12:31:21 >> Finished more 100 comments...
2017/04/21 12:31:25 >> Finished more 100 comments...
Apr 21, 2017 12:31:25 PM solr.utils.Log doInfoLogging
INFO: 2017/04/21 12:31:25 >> Finished more 100 comments...
2017/04/21 12:31:31 >> Finished more 100 comments...
Apr 21, 2017 12:31:31 PM solr.utils.Log doInfoLogging
INFO: 2017/04/21 12:31:31 >> Finished more 100 comments...
2017/04/21 12:31:51 >> Finished more 100 comments...
Apr 21, 2017 12:31:51 PM solr.utils.Log doInfoLogging
INFO: 2017/04/21 12:31:51 >> Finished more 100 comments...
2017/04/21 12:34:37 >> Finished more 100 comments...
Apr 21, 2017 12:34:37 PM solr.utils.Log doInfoLogging
INFO: 2017/04/21 12:34:37 >> Finished more 100 comments...
2017/04/21 12:34:53 >> Finished more 100 comments...
Apr 21, 2017 12:34:53 PM solr.utils.Log doInfoLogging
INFO: 2017/04/21 12:34:53 >> Finished more 100 comments...
2017/04/21 12:34:56 >> Finished more 100 comments...
Apr 21, 2017 12:34:56 PM solr.utils.Log doInfoLogging
INFO: 2017/04/21 12:34:56 >> Finished more 100 comments...
2017/04/21 12:40:55 >> Finished more 100 comments...
Apr 21, 2017 12:40:55 PM solr.utils.Log doInfoLogging
INFO: 2017/04/21 12:40:55 >> Finished more 100 comments...
2017/04/21 12:41:14 >> Finished more 100 comments...
Apr 21, 2017 12:41:14 PM solr.utils.Log doInfoLogging
INFO: 2017/04/21 12:41:14 >> Finished more 100 comments...
2017/04/21 12:41:21 >> Finished more 100 comments...
Apr 21, 2017 12:41:21 PM solr.utils.Log doInfoLogging
INFO: 2017/04/21 12:41:21 >> Finished more 100 comments...
2017/04/21 12:41:54 >> Finished more 100 comments...
Apr 21, 2017 12:41:54 PM solr.utils.Log doInfoLogging
INFO: 2017/04/21 12:41:54 >> Finished more 100 comments...
2017/04/21 12:42:03 >> Finished more 100 comments...
Apr 21, 2017 12:42:03 PM solr.utils.Log doInfoLogging
INFO: 2017/04/21 12:42:03 >> Finished more 100 comments...
2017/04/21 12:42:13 >> Finished more 100 comments...
Apr 21, 2017 12:42:13 PM solr.utils.Log doInfoLogging
INFO: 2017/04/21 12:42:13 >> Finished more 100 comments...
2017/04/21 12:42:19 >> Finished more 100 comments...
Apr 21, 2017 12:42:19 PM solr.utils.Log doInfoLogging
INFO: 2017/04/21 12:42:19 >> Finished more 100 comments...
2017/04/21 12:42:26 >> Finished more 100 comments...
Apr 21, 2017 12:42:26 PM solr.utils.Log doInfoLogging
INFO: 2017/04/21 12:42:26 >> Finished more 100 comments...
2017/04/21 12:42:54 >> Finished more 100 comments...
Apr 21, 2017 12:42:54 PM solr.utils.Log doInfoLogging
INFO: 2017/04/21 12:42:54 >> Finished more 100 comments...
2017/04/21 12:43:03 >> Finished more 100 comments...
Apr 21, 2017 12:43:03 PM solr.utils.Log doInfoLogging
INFO: 2017/04/21 12:43:03 >> Finished more 100 comments...
2017/04/21 12:43:08 >> Finished more 100 comments...
Apr 21, 2017 12:43:08 PM solr.utils.Log doInfoLogging
INFO: 2017/04/21 12:43:08 >> Finished more 100 comments...
2017/04/21 12:43:11 >> Finished more 100 comments...
Apr 21, 2017 12:43:11 PM solr.utils.Log doInfoLogging
INFO: 2017/04/21 12:43:11 >> Finished more 100 comments...
2017/04/21 12:43:15 >> Finished more 100 comments...
Apr 21, 2017 12:43:15 PM solr.utils.Log doInfoLogging
INFO: 2017/04/21 12:43:15 >> Finished more 100 comments...
2017/04/21 12:43:20 >> Finished more 100 comments...
Apr 21, 2017 12:43:20 PM solr.utils.Log doInfoLogging
INFO: 2017/04/21 12:43:20 >> Finished more 100 comments...
2017/04/21 12:43:26 >> Finished more 100 comments...
Apr 21, 2017 12:43:26 PM solr.utils.Log doInfoLogging
INFO: 2017/04/21 12:43:26 >> Finished more 100 comments...
2017/04/21 12:43:30 >> Finished more 100 comments...
Apr 21, 2017 12:43:30 PM solr.utils.Log doInfoLogging
INFO: 2017/04/21 12:43:30 >> Finished more 100 comments...
2017/04/21 12:43:35 >> Finished more 100 comments...
Apr 21, 2017 12:43:35 PM solr.utils.Log doInfoLogging
INFO: 2017/04/21 12:43:35 >> Finished more 100 comments...
2017/04/21 12:43:44 >> Finished more 100 comments...
Apr 21, 2017 12:43:44 PM solr.utils.Log doInfoLogging
INFO: 2017/04/21 12:43:44 >> Finished more 100 comments...
2017/04/21 12:43:50 >> Finished more 100 comments...
Apr 21, 2017 12:43:50 PM solr.utils.Log doInfoLogging
INFO: 2017/04/21 12:43:50 >> Finished more 100 comments...
2017/04/21 12:43:58 >> Finished more 100 comments...
Apr 21, 2017 12:43:58 PM solr.utils.Log doInfoLogging
INFO: 2017/04/21 12:43:58 >> Finished more 100 comments...
2017/04/21 12:44:11 >> Finished more 100 comments...
Apr 21, 2017 12:44:11 PM solr.utils.Log doInfoLogging
INFO: 2017/04/21 12:44:11 >> Finished more 100 comments...
2017/04/21 12:44:15 >> Finished more 100 comments...
Apr 21, 2017 12:44:15 PM solr.utils.Log doInfoLogging
INFO: 2017/04/21 12:44:15 >> Finished more 100 comments...
2017/04/21 12:44:19 >> Finished more 100 comments...
Apr 21, 2017 12:44:19 PM solr.utils.Log doInfoLogging
INFO: 2017/04/21 12:44:19 >> Finished more 100 comments...
2017/04/21 12:44:24 >> Finished more 100 comments...
Apr 21, 2017 12:44:24 PM solr.utils.Log doInfoLogging
INFO: 2017/04/21 12:44:24 >> Finished more 100 comments...
2017/04/21 12:44:43 >> Finished more 100 comments...
Apr 21, 2017 12:44:43 PM solr.utils.Log doInfoLogging
INFO: 2017/04/21 12:44:43 >> Finished more 100 comments...
2017/04/21 12:44:46 >> Finished more 100 comments...
Apr 21, 2017 12:44:46 PM solr.utils.Log doInfoLogging
INFO: 2017/04/21 12:44:46 >> Finished more 100 comments...
2017/04/21 12:44:51 >> Finished more 100 comments...
Apr 21, 2017 12:44:51 PM solr.utils.Log doInfoLogging
INFO: 2017/04/21 12:44:51 >> Finished more 100 comments...
2017/04/21 12:44:56 >> Finished more 100 comments...
Apr 21, 2017 12:44:56 PM solr.utils.Log doInfoLogging
INFO: 2017/04/21 12:44:56 >> Finished more 100 comments...
2017/04/21 12:45:17 >> Finished more 100 comments...
Apr 21, 2017 12:45:17 PM solr.utils.Log doInfoLogging
INFO: 2017/04/21 12:45:17 >> Finished more 100 comments...
2017/04/21 12:45:21 >> Finished more 100 comments...
Apr 21, 2017 12:45:21 PM solr.utils.Log doInfoLogging
INFO: 2017/04/21 12:45:21 >> Finished more 100 comments...
2017/04/21 12:45:26 >> Finished more 100 comments...
Apr 21, 2017 12:45:26 PM solr.utils.Log doInfoLogging
INFO: 2017/04/21 12:45:26 >> Finished more 100 comments...
2017/04/21 12:48:32 >> Finished more 100 comments...
Apr 21, 2017 12:48:32 PM solr.utils.Log doInfoLogging
INFO: 2017/04/21 12:48:32 >> Finished more 100 comments...
2017/04/21 12:48:37 >> Finished more 100 comments...
Apr 21, 2017 12:48:37 PM solr.utils.Log doInfoLogging
INFO: 2017/04/21 12:48:37 >> Finished more 100 comments...
2017/04/21 12:48:46 >> Finished more 100 comments...
Apr 21, 2017 12:48:46 PM solr.utils.Log doInfoLogging
INFO: 2017/04/21 12:48:46 >> Finished more 100 comments...
2017/04/21 12:48:58 >> Finished more 100 comments...
Apr 21, 2017 12:48:58 PM solr.utils.Log doInfoLogging
INFO: 2017/04/21 12:48:58 >> Finished more 100 comments...
2017/04/21 12:49:05 >> Finished more 100 comments...
Apr 21, 2017 12:49:05 PM solr.utils.Log doInfoLogging
INFO: 2017/04/21 12:49:05 >> Finished more 100 comments...
2017/04/21 12:49:10 >> Finished more 100 comments...
Apr 21, 2017 12:49:10 PM solr.utils.Log doInfoLogging
INFO: 2017/04/21 12:49:10 >> Finished more 100 comments...
2017/04/21 12:49:15 >> Finished more 100 comments...
Apr 21, 2017 12:49:15 PM solr.utils.Log doInfoLogging
INFO: 2017/04/21 12:49:15 >> Finished more 100 comments...
2017/04/21 12:49:46 >> Finished more 100 comments...
Apr 21, 2017 12:49:46 PM solr.utils.Log doInfoLogging
INFO: 2017/04/21 12:49:46 >> Finished more 100 comments...
2017/04/21 12:50:03 >> Finished more 100 comments...
Apr 21, 2017 12:50:03 PM solr.utils.Log doInfoLogging
INFO: 2017/04/21 12:50:03 >> Finished more 100 comments...
2017/04/21 12:50:36 >> Finished more 100 comments...
Apr 21, 2017 12:50:36 PM solr.utils.Log doInfoLogging
INFO: 2017/04/21 12:50:36 >> Finished more 100 comments...
2017/04/21 12:50:46 >> Finished more 100 comments...
Apr 21, 2017 12:50:46 PM solr.utils.Log doInfoLogging
INFO: 2017/04/21 12:50:46 >> Finished more 100 comments...
2017/04/21 12:50:51 >> Finished more 100 comments...
Apr 21, 2017 12:50:51 PM solr.utils.Log doInfoLogging
INFO: 2017/04/21 12:50:51 >> Finished more 100 comments...
2017/04/21 12:50:57 >> Finished more 100 comments...
Apr 21, 2017 12:50:57 PM solr.utils.Log doInfoLogging
INFO: 2017/04/21 12:50:57 >> Finished more 100 comments...
2017/04/21 12:51:02 >> Finished more 100 comments...
Apr 21, 2017 12:51:02 PM solr.utils.Log doInfoLogging
INFO: 2017/04/21 12:51:02 >> Finished more 100 comments...
2017/04/21 12:51:07 >> Finished more 100 comments...
Apr 21, 2017 12:51:07 PM solr.utils.Log doInfoLogging
INFO: 2017/04/21 12:51:07 >> Finished more 100 comments...
2017/04/21 12:51:10 >> Finished more 100 comments...
Apr 21, 2017 12:51:10 PM solr.utils.Log doInfoLogging
INFO: 2017/04/21 12:51:10 >> Finished more 100 comments...
2017/04/21 12:51:15 >> Finished more 100 comments...
Apr 21, 2017 12:51:15 PM solr.utils.Log doInfoLogging
INFO: 2017/04/21 12:51:15 >> Finished more 100 comments...
2017/04/21 12:51:19 >> Finished more 100 comments...
Apr 21, 2017 12:51:19 PM solr.utils.Log doInfoLogging
INFO: 2017/04/21 12:51:19 >> Finished more 100 comments...
2017/04/21 12:51:24 >> Finished more 100 comments...
Apr 21, 2017 12:51:24 PM solr.utils.Log doInfoLogging
INFO: 2017/04/21 12:51:24 >> Finished more 100 comments...
2017/04/21 12:51:28 >> Finished more 100 comments...
Apr 21, 2017 12:51:28 PM solr.utils.Log doInfoLogging
INFO: 2017/04/21 12:51:28 >> Finished more 100 comments...
2017/04/21 12:51:33 >> Finished more 100 comments...
Apr 21, 2017 12:51:33 PM solr.utils.Log doInfoLogging
INFO: 2017/04/21 12:51:33 >> Finished more 100 comments...
2017/04/21 12:51:38 >> Finished more 100 comments...
Apr 21, 2017 12:51:38 PM solr.utils.Log doInfoLogging
INFO: 2017/04/21 12:51:38 >> Finished more 100 comments...
2017/04/21 12:51:45 >> Finished more 100 comments...
Apr 21, 2017 12:51:45 PM solr.utils.Log doInfoLogging
INFO: 2017/04/21 12:51:45 >> Finished more 100 comments...
2017/04/21 12:52:06 >> Finished more 100 comments...
Apr 21, 2017 12:52:06 PM solr.utils.Log doInfoLogging
INFO: 2017/04/21 12:52:06 >> Finished more 100 comments...
2017/04/21 12:52:10 >> Finished more 100 comments...
Apr 21, 2017 12:52:10 PM solr.utils.Log doInfoLogging
INFO: 2017/04/21 12:52:10 >> Finished more 100 comments...
2017/04/21 12:52:17 >> Finished more 100 comments...
Apr 21, 2017 12:52:17 PM solr.utils.Log doInfoLogging
INFO: 2017/04/21 12:52:17 >> Finished more 100 comments...
2017/04/21 12:52:30 >> Finished more 100 comments...
Apr 21, 2017 12:52:30 PM solr.utils.Log doInfoLogging
INFO: 2017/04/21 12:52:30 >> Finished more 100 comments...
2017/04/21 12:53:01 >> Finished more 100 comments...
Apr 21, 2017 12:53:01 PM solr.utils.Log doInfoLogging
INFO: 2017/04/21 12:53:01 >> Finished more 100 comments...
2017/04/21 12:53:08 >> Finished more 100 comments...
Apr 21, 2017 12:53:08 PM solr.utils.Log doInfoLogging
INFO: 2017/04/21 12:53:08 >> Finished more 100 comments...
2017/04/21 12:53:20 >> Finished more 100 comments...
Apr 21, 2017 12:53:20 PM solr.utils.Log doInfoLogging
INFO: 2017/04/21 12:53:20 >> Finished more 100 comments...
2017/04/21 12:53:24 >> Finished more 100 comments...
Apr 21, 2017 12:53:24 PM solr.utils.Log doInfoLogging
INFO: 2017/04/21 12:53:24 >> Finished more 100 comments...
2017/04/21 12:53:31 >> Finished more 100 comments...
Apr 21, 2017 12:53:31 PM solr.utils.Log doInfoLogging
INFO: 2017/04/21 12:53:31 >> Finished more 100 comments...
2017/04/21 12:53:34 >> Finished more 100 comments...
Apr 21, 2017 12:53:34 PM solr.utils.Log doInfoLogging
INFO: 2017/04/21 12:53:34 >> Finished more 100 comments...
2017/04/21 12:53:38 >> Finished more 100 comments...
Apr 21, 2017 12:53:38 PM solr.utils.Log doInfoLogging
INFO: 2017/04/21 12:53:38 >> Finished more 100 comments...
2017/04/21 12:53:43 >> Finished more 100 comments...
Apr 21, 2017 12:53:43 PM solr.utils.Log doInfoLogging
INFO: 2017/04/21 12:53:43 >> Finished more 100 comments...
2017/04/21 12:53:50 >> Finished more 100 comments...
Apr 21, 2017 12:53:50 PM solr.utils.Log doInfoLogging
INFO: 2017/04/21 12:53:50 >> Finished more 100 comments...
2017/04/21 12:53:58 >> Finished more 100 comments...
Apr 21, 2017 12:53:58 PM solr.utils.Log doInfoLogging
INFO: 2017/04/21 12:53:58 >> Finished more 100 comments...
2017/04/21 12:54:04 >> Finished more 100 comments...
Apr 21, 2017 12:54:04 PM solr.utils.Log doInfoLogging
INFO: 2017/04/21 12:54:04 >> Finished more 100 comments...
2017/04/21 12:54:22 >> Finished more 100 comments...
Apr 21, 2017 12:54:22 PM solr.utils.Log doInfoLogging
INFO: 2017/04/21 12:54:22 >> Finished more 100 comments...
2017/04/21 12:54:32 >> Finished more 100 comments...
Apr 21, 2017 12:54:32 PM solr.utils.Log doInfoLogging
INFO: 2017/04/21 12:54:32 >> Finished more 100 comments...
2017/04/21 12:54:34 >> Finished more 100 comments...
Apr 21, 2017 12:54:34 PM solr.utils.Log doInfoLogging
INFO: 2017/04/21 12:54:34 >> Finished more 100 comments...
2017/04/21 12:54:41 >> Finished more 100 comments...
Apr 21, 2017 12:54:41 PM solr.utils.Log doInfoLogging
INFO: 2017/04/21 12:54:41 >> Finished more 100 comments...
2017/04/21 12:54:47 >> Finished more 100 comments...
Apr 21, 2017 12:54:47 PM solr.utils.Log doInfoLogging
INFO: 2017/04/21 12:54:47 >> Finished more 100 comments...
2017/04/21 12:54:50 >> Finished more 100 comments...
Apr 21, 2017 12:54:50 PM solr.utils.Log doInfoLogging
INFO: 2017/04/21 12:54:50 >> Finished more 100 comments...
2017/04/21 12:55:03 >> Finished more 100 comments...
Apr 21, 2017 12:55:03 PM solr.utils.Log doInfoLogging
INFO: 2017/04/21 12:55:03 >> Finished more 100 comments...
2017/04/21 12:55:08 >> Finished more 100 comments...
Apr 21, 2017 12:55:08 PM solr.utils.Log doInfoLogging
INFO: 2017/04/21 12:55:08 >> Finished more 100 comments...
2017/04/21 12:55:13 >> Finished more 100 comments...
Apr 21, 2017 12:55:13 PM solr.utils.Log doInfoLogging
INFO: 2017/04/21 12:55:13 >> Finished more 100 comments...
2017/04/21 12:55:21 >> Finished more 100 comments...
Apr 21, 2017 12:55:21 PM solr.utils.Log doInfoLogging
INFO: 2017/04/21 12:55:21 >> Finished more 100 comments...
2017/04/21 12:55:25 >> Finished more 100 comments...
Apr 21, 2017 12:55:25 PM solr.utils.Log doInfoLogging
INFO: 2017/04/21 12:55:25 >> Finished more 100 comments...
2017/04/21 12:55:33 >> Finished more 100 comments...
Apr 21, 2017 12:55:33 PM solr.utils.Log doInfoLogging
INFO: 2017/04/21 12:55:33 >> Finished more 100 comments...
2017/04/21 12:55:38 >> Finished more 100 comments...
Apr 21, 2017 12:55:38 PM solr.utils.Log doInfoLogging
INFO: 2017/04/21 12:55:38 >> Finished more 100 comments...
2017/04/21 12:55:47 >> Finished more 100 comments...
Apr 21, 2017 12:55:47 PM solr.utils.Log doInfoLogging
INFO: 2017/04/21 12:55:47 >> Finished more 100 comments...
2017/04/21 12:55:51 >> Finished more 100 comments...
Apr 21, 2017 12:55:51 PM solr.utils.Log doInfoLogging
INFO: 2017/04/21 12:55:51 >> Finished more 100 comments...
2017/04/21 12:56:06 >> Finished more 100 comments...
Apr 21, 2017 12:56:06 PM solr.utils.Log doInfoLogging
INFO: 2017/04/21 12:56:06 >> Finished more 100 comments...
2017/04/21 12:56:09 >> Finished more 100 comments...
Apr 21, 2017 12:56:09 PM solr.utils.Log doInfoLogging
INFO: 2017/04/21 12:56:09 >> Finished more 100 comments...
2017/04/21 12:56:18 >> Finished more 100 comments...
Apr 21, 2017 12:56:18 PM solr.utils.Log doInfoLogging
INFO: 2017/04/21 12:56:18 >> Finished more 100 comments...
2017/04/21 12:56:23 >> Finished more 100 comments...
Apr 21, 2017 12:56:23 PM solr.utils.Log doInfoLogging
INFO: 2017/04/21 12:56:23 >> Finished more 100 comments...
2017/04/21 12:56:30 >> Finished more 100 comments...
Apr 21, 2017 12:56:30 PM solr.utils.Log doInfoLogging
INFO: 2017/04/21 12:56:30 >> Finished more 100 comments...
2017/04/21 12:56:33 >> Finished more 100 comments...
Apr 21, 2017 12:56:33 PM solr.utils.Log doInfoLogging
INFO: 2017/04/21 12:56:33 >> Finished more 100 comments...
2017/04/21 12:58:42 >> Finished more 100 comments...
Apr 21, 2017 12:58:42 PM solr.utils.Log doInfoLogging
INFO: 2017/04/21 12:58:42 >> Finished more 100 comments...
2017/04/21 12:58:47 >> Finished more 100 comments...
Apr 21, 2017 12:58:47 PM solr.utils.Log doInfoLogging
INFO: 2017/04/21 12:58:47 >> Finished more 100 comments...
2017/04/21 12:58:52 >> Finished more 100 comments...
Apr 21, 2017 12:58:52 PM solr.utils.Log doInfoLogging
INFO: 2017/04/21 12:58:52 >> Finished more 100 comments...
2017/04/21 12:58:55 >> Finished more 100 comments...
Apr 21, 2017 12:58:55 PM solr.utils.Log doInfoLogging
INFO: 2017/04/21 12:58:55 >> Finished more 100 comments...
2017/04/21 12:58:59 >> Finished more 100 comments...
Apr 21, 2017 12:58:59 PM solr.utils.Log doInfoLogging
INFO: 2017/04/21 12:58:59 >> Finished more 100 comments...
2017/04/21 12:59:01 >> Finished more 100 comments...
Apr 21, 2017 12:59:01 PM solr.utils.Log doInfoLogging
INFO: 2017/04/21 12:59:01 >> Finished more 100 comments...
2017/04/21 12:59:08 >> Finished more 100 comments...
Apr 21, 2017 12:59:08 PM solr.utils.Log doInfoLogging
INFO: 2017/04/21 12:59:08 >> Finished more 100 comments...
2017/04/21 12:59:11 >> Finished more 100 comments...
Apr 21, 2017 12:59:11 PM solr.utils.Log doInfoLogging
INFO: 2017/04/21 12:59:11 >> Finished more 100 comments...
2017/04/21 12:59:17 >> Finished more 100 comments...
Apr 21, 2017 12:59:17 PM solr.utils.Log doInfoLogging
INFO: 2017/04/21 12:59:17 >> Finished more 100 comments...
2017/04/21 12:59:23 >> Finished more 100 comments...
Apr 21, 2017 12:59:23 PM solr.utils.Log doInfoLogging
INFO: 2017/04/21 12:59:23 >> Finished more 100 comments...
2017/04/21 12:59:39 >> Finished more 100 comments...
Apr 21, 2017 12:59:39 PM solr.utils.Log doInfoLogging
INFO: 2017/04/21 12:59:39 >> Finished more 100 comments...
2017/04/21 12:59:45 >> Finished more 100 comments...
Apr 21, 2017 12:59:45 PM solr.utils.Log doInfoLogging
INFO: 2017/04/21 12:59:45 >> Finished more 100 comments...
2017/04/21 12:59:48 >> Finished more 100 comments...
Apr 21, 2017 12:59:48 PM solr.utils.Log doInfoLogging
INFO: 2017/04/21 12:59:48 >> Finished more 100 comments...
2017/04/21 12:59:52 >> Finished more 100 comments...
Apr 21, 2017 12:59:52 PM solr.utils.Log doInfoLogging
INFO: 2017/04/21 12:59:52 >> Finished more 100 comments...
2017/04/21 12:59:58 >> Finished more 100 comments...
Apr 21, 2017 12:59:58 PM solr.utils.Log doInfoLogging
INFO: 2017/04/21 12:59:58 >> Finished more 100 comments...
2017/04/21 13:00:04 >> Finished more 100 comments...
Apr 21, 2017 1:00:04 PM solr.utils.Log doInfoLogging
INFO: 2017/04/21 13:00:04 >> Finished more 100 comments...
2017/04/21 13:00:10 >> Finished more 100 comments...
Apr 21, 2017 1:00:10 PM solr.utils.Log doInfoLogging
INFO: 2017/04/21 13:00:10 >> Finished more 100 comments...
2017/04/21 13:00:17 >> Finished more 100 comments...
Apr 21, 2017 1:00:17 PM solr.utils.Log doInfoLogging
INFO: 2017/04/21 13:00:17 >> Finished more 100 comments...
2017/04/21 13:00:20 >> Finished more 100 comments...
Apr 21, 2017 1:00:20 PM solr.utils.Log doInfoLogging
INFO: 2017/04/21 13:00:20 >> Finished more 100 comments...
2017/04/21 13:00:24 >> Finished more 100 comments...
Apr 21, 2017 1:00:24 PM solr.utils.Log doInfoLogging
INFO: 2017/04/21 13:00:24 >> Finished more 100 comments...
2017/04/21 13:00:28 >> Finished more 100 comments...
Apr 21, 2017 1:00:28 PM solr.utils.Log doInfoLogging
INFO: 2017/04/21 13:00:28 >> Finished more 100 comments...
2017/04/21 13:00:37 >> Finished more 100 comments...
Apr 21, 2017 1:00:37 PM solr.utils.Log doInfoLogging
INFO: 2017/04/21 13:00:37 >> Finished more 100 comments...
2017/04/21 13:00:40 >> Finished more 100 comments...
Apr 21, 2017 1:00:40 PM solr.utils.Log doInfoLogging
INFO: 2017/04/21 13:00:40 >> Finished more 100 comments...
2017/04/21 13:00:54 >> Finished more 100 comments...
Apr 21, 2017 1:00:54 PM solr.utils.Log doInfoLogging
INFO: 2017/04/21 13:00:54 >> Finished more 100 comments...
2017/04/21 13:01:04 >> Finished more 100 comments...
Apr 21, 2017 1:01:04 PM solr.utils.Log doInfoLogging
INFO: 2017/04/21 13:01:04 >> Finished more 100 comments...
2017/04/21 13:01:09 >> Finished more 100 comments...
Apr 21, 2017 1:01:09 PM solr.utils.Log doInfoLogging
INFO: 2017/04/21 13:01:09 >> Finished more 100 comments...
2017/04/21 13:01:28 >> Finished more 100 comments...
Apr 21, 2017 1:01:28 PM solr.utils.Log doInfoLogging
INFO: 2017/04/21 13:01:28 >> Finished more 100 comments...
2017/04/21 13:01:35 >> Finished more 100 comments...
Apr 21, 2017 1:01:35 PM solr.utils.Log doInfoLogging
INFO: 2017/04/21 13:01:35 >> Finished more 100 comments...
2017/04/21 13:01:46 >> Finished more 100 comments...
Apr 21, 2017 1:01:46 PM solr.utils.Log doInfoLogging
INFO: 2017/04/21 13:01:46 >> Finished more 100 comments...
2017/04/21 13:01:48 >> Finished more 100 comments...
Apr 21, 2017 1:01:48 PM solr.utils.Log doInfoLogging
INFO: 2017/04/21 13:01:48 >> Finished more 100 comments...
2017/04/21 13:03:31 >> Finished more 100 comments...
Apr 21, 2017 1:03:31 PM solr.utils.Log doInfoLogging
INFO: 2017/04/21 13:03:31 >> Finished more 100 comments...
2017/04/21 13:03:36 >> Finished more 100 comments...
Apr 21, 2017 1:03:36 PM solr.utils.Log doInfoLogging
INFO: 2017/04/21 13:03:36 >> Finished more 100 comments...
2017/04/21 13:04:29 >> Finished more 100 comments...
Apr 21, 2017 1:04:29 PM solr.utils.Log doInfoLogging
INFO: 2017/04/21 13:04:29 >> Finished more 100 comments...
2017/04/21 13:04:37 >> Finished more 100 comments...
Apr 21, 2017 1:04:37 PM solr.utils.Log doInfoLogging
INFO: 2017/04/21 13:04:37 >> Finished more 100 comments...
2017/04/21 13:04:41 >> Finished more 100 comments...
Apr 21, 2017 1:04:41 PM solr.utils.Log doInfoLogging
INFO: 2017/04/21 13:04:41 >> Finished more 100 comments...
2017/04/21 13:04:47 >> Finished more 100 comments...
Apr 21, 2017 1:04:47 PM solr.utils.Log doInfoLogging
INFO: 2017/04/21 13:04:47 >> Finished more 100 comments...
2017/04/21 13:04:50 >> Finished SolrSearchQuestion!
