2017/04/21 08:59:26 >> Started SolrSearchQuestion: start = 30000...
Starting the StanfordNLP API...
[main] INFO edu.stanford.nlp.pipeline.StanfordCoreNLP - Adding annotator tokenize
[main] INFO edu.stanford.nlp.pipeline.TokenizerAnnotator - No tokenizer type provided. Defaulting to PTBTokenizer.
[main] INFO edu.stanford.nlp.pipeline.StanfordCoreNLP - Adding annotator ssplit
[main] INFO edu.stanford.nlp.pipeline.StanfordCoreNLP - Adding annotator parse
[main] INFO edu.stanford.nlp.parser.common.ParserGrammar - Loading parser from serialized file edu/stanford/nlp/models/lexparser/englishPCFG.ser.gz ... done [0.5 sec].
Finished starting the StanfordNLP API!
2017/04/21 08:59:30 >> Finished more 100 comments...
Apr 21, 2017 8:59:30 AM solr.utils.Log doInfoLogging
INFO: 2017/04/21 08:59:30 >> Finished more 100 comments...
2017/04/21 08:59:40 >> Finished more 100 comments...
Apr 21, 2017 8:59:40 AM solr.utils.Log doInfoLogging
INFO: 2017/04/21 08:59:40 >> Finished more 100 comments...
2017/04/21 08:59:46 >> Finished more 100 comments...
Apr 21, 2017 8:59:46 AM solr.utils.Log doInfoLogging
INFO: 2017/04/21 08:59:46 >> Finished more 100 comments...
2017/04/21 08:59:54 >> Finished more 100 comments...
Apr 21, 2017 8:59:54 AM solr.utils.Log doInfoLogging
INFO: 2017/04/21 08:59:54 >> Finished more 100 comments...
2017/04/21 09:00:16 >> Finished more 100 comments...
Apr 21, 2017 9:00:16 AM solr.utils.Log doInfoLogging
INFO: 2017/04/21 09:00:16 >> Finished more 100 comments...
2017/04/21 09:00:20 >> Finished more 100 comments...
Apr 21, 2017 9:00:20 AM solr.utils.Log doInfoLogging
INFO: 2017/04/21 09:00:20 >> Finished more 100 comments...
2017/04/21 09:04:06 >> Finished more 100 comments...
Apr 21, 2017 9:04:06 AM solr.utils.Log doInfoLogging
INFO: 2017/04/21 09:04:06 >> Finished more 100 comments...
2017/04/21 09:04:14 >> Finished more 100 comments...
Apr 21, 2017 9:04:14 AM solr.utils.Log doInfoLogging
INFO: 2017/04/21 09:04:14 >> Finished more 100 comments...
2017/04/21 09:04:24 >> Finished more 100 comments...
Apr 21, 2017 9:04:24 AM solr.utils.Log doInfoLogging
INFO: 2017/04/21 09:04:24 >> Finished more 100 comments...
2017/04/21 09:04:35 >> Finished more 100 comments...
Apr 21, 2017 9:04:35 AM solr.utils.Log doInfoLogging
INFO: 2017/04/21 09:04:35 >> Finished more 100 comments...
2017/04/21 09:04:38 >> Finished more 100 comments...
Apr 21, 2017 9:04:38 AM solr.utils.Log doInfoLogging
INFO: 2017/04/21 09:04:38 >> Finished more 100 comments...
2017/04/21 09:05:00 >> Finished more 100 comments...
Apr 21, 2017 9:05:00 AM solr.utils.Log doInfoLogging
INFO: 2017/04/21 09:05:00 >> Finished more 100 comments...
2017/04/21 09:05:02 >> Finished more 100 comments...
Apr 21, 2017 9:05:02 AM solr.utils.Log doInfoLogging
INFO: 2017/04/21 09:05:02 >> Finished more 100 comments...
2017/04/21 09:05:06 >> Finished more 100 comments...
Apr 21, 2017 9:05:06 AM solr.utils.Log doInfoLogging
INFO: 2017/04/21 09:05:06 >> Finished more 100 comments...
2017/04/21 09:05:12 >> Finished more 100 comments...
Apr 21, 2017 9:05:12 AM solr.utils.Log doInfoLogging
INFO: 2017/04/21 09:05:12 >> Finished more 100 comments...
2017/04/21 09:05:19 >> Finished more 100 comments...
Apr 21, 2017 9:05:19 AM solr.utils.Log doInfoLogging
INFO: 2017/04/21 09:05:19 >> Finished more 100 comments...
2017/04/21 09:05:26 >> Finished more 100 comments...
Apr 21, 2017 9:05:26 AM solr.utils.Log doInfoLogging
INFO: 2017/04/21 09:05:26 >> Finished more 100 comments...
2017/04/21 09:05:28 >> Finished more 100 comments...
Apr 21, 2017 9:05:28 AM solr.utils.Log doInfoLogging
INFO: 2017/04/21 09:05:28 >> Finished more 100 comments...
2017/04/21 09:05:37 >> Finished more 100 comments...
Apr 21, 2017 9:05:37 AM solr.utils.Log doInfoLogging
INFO: 2017/04/21 09:05:37 >> Finished more 100 comments...
2017/04/21 09:05:44 >> Finished more 100 comments...
Apr 21, 2017 9:05:44 AM solr.utils.Log doInfoLogging
INFO: 2017/04/21 09:05:44 >> Finished more 100 comments...
2017/04/21 09:05:52 >> Finished more 100 comments...
Apr 21, 2017 9:05:52 AM solr.utils.Log doInfoLogging
INFO: 2017/04/21 09:05:52 >> Finished more 100 comments...
2017/04/21 09:06:01 >> Finished more 100 comments...
Apr 21, 2017 9:06:01 AM solr.utils.Log doInfoLogging
INFO: 2017/04/21 09:06:01 >> Finished more 100 comments...
2017/04/21 09:06:05 >> Finished more 100 comments...
Apr 21, 2017 9:06:05 AM solr.utils.Log doInfoLogging
INFO: 2017/04/21 09:06:05 >> Finished more 100 comments...
2017/04/21 09:06:11 >> Finished more 100 comments...
Apr 21, 2017 9:06:11 AM solr.utils.Log doInfoLogging
INFO: 2017/04/21 09:06:11 >> Finished more 100 comments...
2017/04/21 09:06:17 >> Finished more 100 comments...
Apr 21, 2017 9:06:17 AM solr.utils.Log doInfoLogging
INFO: 2017/04/21 09:06:17 >> Finished more 100 comments...
2017/04/21 09:06:21 >> Finished more 100 comments...
Apr 21, 2017 9:06:21 AM solr.utils.Log doInfoLogging
INFO: 2017/04/21 09:06:21 >> Finished more 100 comments...
2017/04/21 09:06:27 >> Finished more 100 comments...
Apr 21, 2017 9:06:27 AM solr.utils.Log doInfoLogging
INFO: 2017/04/21 09:06:27 >> Finished more 100 comments...
2017/04/21 09:06:35 >> Finished more 100 comments...
Apr 21, 2017 9:06:35 AM solr.utils.Log doInfoLogging
INFO: 2017/04/21 09:06:35 >> Finished more 100 comments...
2017/04/21 09:07:15 >> Finished more 100 comments...
Apr 21, 2017 9:07:15 AM solr.utils.Log doInfoLogging
INFO: 2017/04/21 09:07:15 >> Finished more 100 comments...
2017/04/21 09:07:24 >> Finished more 100 comments...
Apr 21, 2017 9:07:24 AM solr.utils.Log doInfoLogging
INFO: 2017/04/21 09:07:24 >> Finished more 100 comments...
2017/04/21 09:07:37 >> Finished more 100 comments...
Apr 21, 2017 9:07:37 AM solr.utils.Log doInfoLogging
INFO: 2017/04/21 09:07:37 >> Finished more 100 comments...
2017/04/21 09:07:40 >> Finished more 100 comments...
Apr 21, 2017 9:07:40 AM solr.utils.Log doInfoLogging
INFO: 2017/04/21 09:07:40 >> Finished more 100 comments...
2017/04/21 09:07:44 >> Finished more 100 comments...
Apr 21, 2017 9:07:44 AM solr.utils.Log doInfoLogging
INFO: 2017/04/21 09:07:44 >> Finished more 100 comments...
2017/04/21 09:08:03 >> Finished more 100 comments...
Apr 21, 2017 9:08:03 AM solr.utils.Log doInfoLogging
INFO: 2017/04/21 09:08:03 >> Finished more 100 comments...
2017/04/21 09:08:08 >> Finished more 100 comments...
Apr 21, 2017 9:08:08 AM solr.utils.Log doInfoLogging
INFO: 2017/04/21 09:08:08 >> Finished more 100 comments...
2017/04/21 09:08:26 >> Finished more 100 comments...
Apr 21, 2017 9:08:26 AM solr.utils.Log doInfoLogging
INFO: 2017/04/21 09:08:26 >> Finished more 100 comments...
2017/04/21 09:08:41 >> Finished more 100 comments...
Apr 21, 2017 9:08:41 AM solr.utils.Log doInfoLogging
INFO: 2017/04/21 09:08:41 >> Finished more 100 comments...
2017/04/21 09:08:48 >> Finished more 100 comments...
Apr 21, 2017 9:08:48 AM solr.utils.Log doInfoLogging
INFO: 2017/04/21 09:08:48 >> Finished more 100 comments...
2017/04/21 09:09:05 >> Finished more 100 comments...
Apr 21, 2017 9:09:05 AM solr.utils.Log doInfoLogging
INFO: 2017/04/21 09:09:05 >> Finished more 100 comments...
2017/04/21 09:09:09 >> Finished more 100 comments...
Apr 21, 2017 9:09:09 AM solr.utils.Log doInfoLogging
INFO: 2017/04/21 09:09:09 >> Finished more 100 comments...
2017/04/21 09:09:12 >> Finished more 100 comments...
Apr 21, 2017 9:09:12 AM solr.utils.Log doInfoLogging
INFO: 2017/04/21 09:09:12 >> Finished more 100 comments...
2017/04/21 09:09:23 >> Finished more 100 comments...
Apr 21, 2017 9:09:23 AM solr.utils.Log doInfoLogging
INFO: 2017/04/21 09:09:23 >> Finished more 100 comments...
2017/04/21 09:18:48 >> Finished more 100 comments...
Apr 21, 2017 9:18:48 AM solr.utils.Log doInfoLogging
INFO: 2017/04/21 09:18:48 >> Finished more 100 comments...
2017/04/21 09:19:09 >> Finished more 100 comments...
Apr 21, 2017 9:19:09 AM solr.utils.Log doInfoLogging
INFO: 2017/04/21 09:19:09 >> Finished more 100 comments...
2017/04/21 09:23:16 >> Finished more 100 comments...
Apr 21, 2017 9:23:16 AM solr.utils.Log doInfoLogging
INFO: 2017/04/21 09:23:16 >> Finished more 100 comments...
2017/04/21 09:23:20 >> Finished more 100 comments...
Apr 21, 2017 9:23:20 AM solr.utils.Log doInfoLogging
INFO: 2017/04/21 09:23:20 >> Finished more 100 comments...
2017/04/21 09:23:25 >> Finished more 100 comments...
Apr 21, 2017 9:23:25 AM solr.utils.Log doInfoLogging
INFO: 2017/04/21 09:23:25 >> Finished more 100 comments...
2017/04/21 09:23:40 >> Finished more 100 comments...
Apr 21, 2017 9:23:40 AM solr.utils.Log doInfoLogging
INFO: 2017/04/21 09:23:40 >> Finished more 100 comments...
2017/04/21 09:23:44 >> Finished more 100 comments...
Apr 21, 2017 9:23:44 AM solr.utils.Log doInfoLogging
INFO: 2017/04/21 09:23:44 >> Finished more 100 comments...
2017/04/21 09:23:49 >> Finished more 100 comments...
Apr 21, 2017 9:23:49 AM solr.utils.Log doInfoLogging
INFO: 2017/04/21 09:23:49 >> Finished more 100 comments...
2017/04/21 09:23:57 >> Finished more 100 comments...
Apr 21, 2017 9:23:57 AM solr.utils.Log doInfoLogging
INFO: 2017/04/21 09:23:57 >> Finished more 100 comments...
2017/04/21 09:26:28 >> Finished more 100 comments...
Apr 21, 2017 9:26:28 AM solr.utils.Log doInfoLogging
INFO: 2017/04/21 09:26:28 >> Finished more 100 comments...
2017/04/21 09:26:34 >> Finished more 100 comments...
Apr 21, 2017 9:26:34 AM solr.utils.Log doInfoLogging
INFO: 2017/04/21 09:26:34 >> Finished more 100 comments...
2017/04/21 09:26:40 >> Finished more 100 comments...
Apr 21, 2017 9:26:40 AM solr.utils.Log doInfoLogging
INFO: 2017/04/21 09:26:40 >> Finished more 100 comments...
2017/04/21 09:26:42 >> Finished more 100 comments...
Apr 21, 2017 9:26:42 AM solr.utils.Log doInfoLogging
INFO: 2017/04/21 09:26:42 >> Finished more 100 comments...
2017/04/21 09:26:47 >> Finished more 100 comments...
Apr 21, 2017 9:26:47 AM solr.utils.Log doInfoLogging
INFO: 2017/04/21 09:26:47 >> Finished more 100 comments...
2017/04/21 09:26:56 >> Finished more 100 comments...
Apr 21, 2017 9:26:56 AM solr.utils.Log doInfoLogging
INFO: 2017/04/21 09:26:56 >> Finished more 100 comments...
2017/04/21 09:26:59 >> Finished more 100 comments...
Apr 21, 2017 9:26:59 AM solr.utils.Log doInfoLogging
INFO: 2017/04/21 09:26:59 >> Finished more 100 comments...
2017/04/21 09:27:05 >> Finished more 100 comments...
Apr 21, 2017 9:27:05 AM solr.utils.Log doInfoLogging
INFO: 2017/04/21 09:27:05 >> Finished more 100 comments...
2017/04/21 09:27:09 >> Finished more 100 comments...
Apr 21, 2017 9:27:09 AM solr.utils.Log doInfoLogging
INFO: 2017/04/21 09:27:09 >> Finished more 100 comments...
2017/04/21 09:27:24 >> Finished more 100 comments...
Apr 21, 2017 9:27:24 AM solr.utils.Log doInfoLogging
INFO: 2017/04/21 09:27:24 >> Finished more 100 comments...
2017/04/21 09:27:30 >> Finished more 100 comments...
Apr 21, 2017 9:27:30 AM solr.utils.Log doInfoLogging
INFO: 2017/04/21 09:27:30 >> Finished more 100 comments...
2017/04/21 09:27:36 >> Finished more 100 comments...
Apr 21, 2017 9:27:36 AM solr.utils.Log doInfoLogging
INFO: 2017/04/21 09:27:36 >> Finished more 100 comments...
2017/04/21 09:27:40 >> Finished more 100 comments...
Apr 21, 2017 9:27:40 AM solr.utils.Log doInfoLogging
INFO: 2017/04/21 09:27:40 >> Finished more 100 comments...
2017/04/21 09:27:46 >> Finished more 100 comments...
Apr 21, 2017 9:27:46 AM solr.utils.Log doInfoLogging
INFO: 2017/04/21 09:27:46 >> Finished more 100 comments...
2017/04/21 09:27:49 >> Finished more 100 comments...
Apr 21, 2017 9:27:49 AM solr.utils.Log doInfoLogging
INFO: 2017/04/21 09:27:49 >> Finished more 100 comments...
2017/04/21 09:27:52 >> Finished more 100 comments...
Apr 21, 2017 9:27:52 AM solr.utils.Log doInfoLogging
INFO: 2017/04/21 09:27:52 >> Finished more 100 comments...
2017/04/21 09:28:02 >> Finished more 100 comments...
Apr 21, 2017 9:28:02 AM solr.utils.Log doInfoLogging
INFO: 2017/04/21 09:28:02 >> Finished more 100 comments...
2017/04/21 09:28:06 >> Finished more 100 comments...
Apr 21, 2017 9:28:06 AM solr.utils.Log doInfoLogging
INFO: 2017/04/21 09:28:06 >> Finished more 100 comments...
2017/04/21 09:29:15 >> Finished more 100 comments...
Apr 21, 2017 9:29:15 AM solr.utils.Log doInfoLogging
INFO: 2017/04/21 09:29:15 >> Finished more 100 comments...
2017/04/21 09:29:53 >> Finished more 100 comments...
Apr 21, 2017 9:29:53 AM solr.utils.Log doInfoLogging
INFO: 2017/04/21 09:29:53 >> Finished more 100 comments...
2017/04/21 09:30:24 >> Finished more 100 comments...
Apr 21, 2017 9:30:24 AM solr.utils.Log doInfoLogging
INFO: 2017/04/21 09:30:24 >> Finished more 100 comments...
2017/04/21 09:30:40 >> Finished more 100 comments...
Apr 21, 2017 9:30:40 AM solr.utils.Log doInfoLogging
INFO: 2017/04/21 09:30:40 >> Finished more 100 comments...
2017/04/21 09:30:43 >> Finished more 100 comments...
Apr 21, 2017 9:30:43 AM solr.utils.Log doInfoLogging
INFO: 2017/04/21 09:30:43 >> Finished more 100 comments...
2017/04/21 09:30:47 >> Finished more 100 comments...
Apr 21, 2017 9:30:47 AM solr.utils.Log doInfoLogging
INFO: 2017/04/21 09:30:47 >> Finished more 100 comments...
2017/04/21 09:30:50 >> Finished more 100 comments...
Apr 21, 2017 9:30:50 AM solr.utils.Log doInfoLogging
INFO: 2017/04/21 09:30:50 >> Finished more 100 comments...
2017/04/21 09:31:15 >> Finished more 100 comments...
Apr 21, 2017 9:31:15 AM solr.utils.Log doInfoLogging
INFO: 2017/04/21 09:31:15 >> Finished more 100 comments...
2017/04/21 09:31:22 >> Finished more 100 comments...
Apr 21, 2017 9:31:22 AM solr.utils.Log doInfoLogging
INFO: 2017/04/21 09:31:22 >> Finished more 100 comments...
2017/04/21 09:31:28 >> Finished more 100 comments...
Apr 21, 2017 9:31:28 AM solr.utils.Log doInfoLogging
INFO: 2017/04/21 09:31:28 >> Finished more 100 comments...
2017/04/21 09:31:34 >> Finished more 100 comments...
Apr 21, 2017 9:31:34 AM solr.utils.Log doInfoLogging
INFO: 2017/04/21 09:31:34 >> Finished more 100 comments...
2017/04/21 09:31:36 >> Finished more 100 comments...
Apr 21, 2017 9:31:36 AM solr.utils.Log doInfoLogging
INFO: 2017/04/21 09:31:36 >> Finished more 100 comments...
2017/04/21 09:31:48 >> Finished more 100 comments...
Apr 21, 2017 9:31:48 AM solr.utils.Log doInfoLogging
INFO: 2017/04/21 09:31:48 >> Finished more 100 comments...
2017/04/21 09:31:52 >> Finished more 100 comments...
Apr 21, 2017 9:31:52 AM solr.utils.Log doInfoLogging
INFO: 2017/04/21 09:31:52 >> Finished more 100 comments...
2017/04/21 09:32:03 >> Finished more 100 comments...
Apr 21, 2017 9:32:03 AM solr.utils.Log doInfoLogging
INFO: 2017/04/21 09:32:03 >> Finished more 100 comments...
2017/04/21 09:32:13 >> Finished more 100 comments...
Apr 21, 2017 9:32:13 AM solr.utils.Log doInfoLogging
INFO: 2017/04/21 09:32:13 >> Finished more 100 comments...
2017/04/21 09:32:29 >> Finished more 100 comments...
Apr 21, 2017 9:32:29 AM solr.utils.Log doInfoLogging
INFO: 2017/04/21 09:32:29 >> Finished more 100 comments...
2017/04/21 09:33:08 >> Finished more 100 comments...
Apr 21, 2017 9:33:08 AM solr.utils.Log doInfoLogging
INFO: 2017/04/21 09:33:08 >> Finished more 100 comments...
2017/04/21 09:33:18 >> Finished more 100 comments...
Apr 21, 2017 9:33:18 AM solr.utils.Log doInfoLogging
INFO: 2017/04/21 09:33:18 >> Finished more 100 comments...
2017/04/21 09:33:31 >> Finished more 100 comments...
Apr 21, 2017 9:33:31 AM solr.utils.Log doInfoLogging
INFO: 2017/04/21 09:33:31 >> Finished more 100 comments...
2017/04/21 09:33:39 >> Finished more 100 comments...
Apr 21, 2017 9:33:39 AM solr.utils.Log doInfoLogging
INFO: 2017/04/21 09:33:39 >> Finished more 100 comments...
2017/04/21 09:33:43 >> Finished more 100 comments...
Apr 21, 2017 9:33:43 AM solr.utils.Log doInfoLogging
INFO: 2017/04/21 09:33:43 >> Finished more 100 comments...
2017/04/21 09:33:49 >> Finished more 100 comments...
Apr 21, 2017 9:33:49 AM solr.utils.Log doInfoLogging
INFO: 2017/04/21 09:33:49 >> Finished more 100 comments...
2017/04/21 09:36:21 >> Finished more 100 comments...
Apr 21, 2017 9:36:21 AM solr.utils.Log doInfoLogging
INFO: 2017/04/21 09:36:21 >> Finished more 100 comments...
2017/04/21 09:36:30 >> Finished more 100 comments...
Apr 21, 2017 9:36:30 AM solr.utils.Log doInfoLogging
INFO: 2017/04/21 09:36:30 >> Finished more 100 comments...
2017/04/21 09:36:55 >> Finished more 100 comments...
Apr 21, 2017 9:36:55 AM solr.utils.Log doInfoLogging
INFO: 2017/04/21 09:36:55 >> Finished more 100 comments...
2017/04/21 09:36:59 >> Finished more 100 comments...
Apr 21, 2017 9:36:59 AM solr.utils.Log doInfoLogging
INFO: 2017/04/21 09:36:59 >> Finished more 100 comments...
2017/04/21 09:37:04 >> Finished more 100 comments...
Apr 21, 2017 9:37:04 AM solr.utils.Log doInfoLogging
INFO: 2017/04/21 09:37:04 >> Finished more 100 comments...
2017/04/21 09:37:09 >> Finished more 100 comments...
Apr 21, 2017 9:37:09 AM solr.utils.Log doInfoLogging
INFO: 2017/04/21 09:37:09 >> Finished more 100 comments...
2017/04/21 09:38:27 >> Finished more 100 comments...
Apr 21, 2017 9:38:27 AM solr.utils.Log doInfoLogging
INFO: 2017/04/21 09:38:27 >> Finished more 100 comments...
2017/04/21 09:38:34 >> Finished more 100 comments...
Apr 21, 2017 9:38:34 AM solr.utils.Log doInfoLogging
INFO: 2017/04/21 09:38:34 >> Finished more 100 comments...
2017/04/21 09:38:48 >> Finished more 100 comments...
Apr 21, 2017 9:38:48 AM solr.utils.Log doInfoLogging
INFO: 2017/04/21 09:38:48 >> Finished more 100 comments...
2017/04/21 09:39:00 >> Finished more 100 comments...
Apr 21, 2017 9:39:00 AM solr.utils.Log doInfoLogging
INFO: 2017/04/21 09:39:00 >> Finished more 100 comments...
2017/04/21 09:39:06 >> Finished more 100 comments...
Apr 21, 2017 9:39:06 AM solr.utils.Log doInfoLogging
INFO: 2017/04/21 09:39:06 >> Finished more 100 comments...
2017/04/21 09:39:17 >> Finished more 100 comments...
Apr 21, 2017 9:39:17 AM solr.utils.Log doInfoLogging
INFO: 2017/04/21 09:39:17 >> Finished more 100 comments...
2017/04/21 09:39:24 >> Finished more 100 comments...
Apr 21, 2017 9:39:24 AM solr.utils.Log doInfoLogging
INFO: 2017/04/21 09:39:24 >> Finished more 100 comments...
2017/04/21 09:39:34 >> Finished more 100 comments...
Apr 21, 2017 9:39:34 AM solr.utils.Log doInfoLogging
INFO: 2017/04/21 09:39:34 >> Finished more 100 comments...
2017/04/21 09:43:02 >> Finished more 100 comments...
Apr 21, 2017 9:43:02 AM solr.utils.Log doInfoLogging
INFO: 2017/04/21 09:43:02 >> Finished more 100 comments...
2017/04/21 09:43:26 >> Finished more 100 comments...
Apr 21, 2017 9:43:26 AM solr.utils.Log doInfoLogging
INFO: 2017/04/21 09:43:26 >> Finished more 100 comments...
2017/04/21 09:43:30 >> Finished more 100 comments...
Apr 21, 2017 9:43:30 AM solr.utils.Log doInfoLogging
INFO: 2017/04/21 09:43:30 >> Finished more 100 comments...
2017/04/21 09:43:38 >> Finished more 100 comments...
Apr 21, 2017 9:43:38 AM solr.utils.Log doInfoLogging
INFO: 2017/04/21 09:43:38 >> Finished more 100 comments...
2017/04/21 09:43:43 >> Finished more 100 comments...
Apr 21, 2017 9:43:43 AM solr.utils.Log doInfoLogging
INFO: 2017/04/21 09:43:43 >> Finished more 100 comments...
2017/04/21 09:43:49 >> Finished more 100 comments...
Apr 21, 2017 9:43:49 AM solr.utils.Log doInfoLogging
INFO: 2017/04/21 09:43:49 >> Finished more 100 comments...
2017/04/21 09:44:00 >> Finished more 100 comments...
Apr 21, 2017 9:44:00 AM solr.utils.Log doInfoLogging
INFO: 2017/04/21 09:44:00 >> Finished more 100 comments...
2017/04/21 09:44:13 >> Finished more 100 comments...
Apr 21, 2017 9:44:13 AM solr.utils.Log doInfoLogging
INFO: 2017/04/21 09:44:13 >> Finished more 100 comments...
2017/04/21 09:44:25 >> Finished more 100 comments...
Apr 21, 2017 9:44:25 AM solr.utils.Log doInfoLogging
INFO: 2017/04/21 09:44:25 >> Finished more 100 comments...
2017/04/21 09:44:30 >> Finished more 100 comments...
Apr 21, 2017 9:44:30 AM solr.utils.Log doInfoLogging
INFO: 2017/04/21 09:44:30 >> Finished more 100 comments...
2017/04/21 09:44:35 >> Finished more 100 comments...
Apr 21, 2017 9:44:35 AM solr.utils.Log doInfoLogging
INFO: 2017/04/21 09:44:35 >> Finished more 100 comments...
2017/04/21 09:44:50 >> Finished more 100 comments...
Apr 21, 2017 9:44:50 AM solr.utils.Log doInfoLogging
INFO: 2017/04/21 09:44:50 >> Finished more 100 comments...
2017/04/21 09:44:53 >> Finished more 100 comments...
Apr 21, 2017 9:44:53 AM solr.utils.Log doInfoLogging
INFO: 2017/04/21 09:44:53 >> Finished more 100 comments...
2017/04/21 09:44:59 >> Finished more 100 comments...
Apr 21, 2017 9:44:59 AM solr.utils.Log doInfoLogging
INFO: 2017/04/21 09:44:59 >> Finished more 100 comments...
2017/04/21 09:45:03 >> Finished more 100 comments...
Apr 21, 2017 9:45:03 AM solr.utils.Log doInfoLogging
INFO: 2017/04/21 09:45:03 >> Finished more 100 comments...
2017/04/21 09:45:14 >> Finished more 100 comments...
Apr 21, 2017 9:45:14 AM solr.utils.Log doInfoLogging
INFO: 2017/04/21 09:45:14 >> Finished more 100 comments...
2017/04/21 09:45:24 >> Finished more 100 comments...
Apr 21, 2017 9:45:24 AM solr.utils.Log doInfoLogging
INFO: 2017/04/21 09:45:24 >> Finished more 100 comments...
2017/04/21 09:45:28 >> Finished more 100 comments...
Apr 21, 2017 9:45:28 AM solr.utils.Log doInfoLogging
INFO: 2017/04/21 09:45:28 >> Finished more 100 comments...
2017/04/21 09:45:33 >> Finished more 100 comments...
Apr 21, 2017 9:45:33 AM solr.utils.Log doInfoLogging
INFO: 2017/04/21 09:45:33 >> Finished more 100 comments...
2017/04/21 09:45:39 >> Finished more 100 comments...
Apr 21, 2017 9:45:39 AM solr.utils.Log doInfoLogging
INFO: 2017/04/21 09:45:39 >> Finished more 100 comments...
2017/04/21 09:45:46 >> Finished more 100 comments...
Apr 21, 2017 9:45:46 AM solr.utils.Log doInfoLogging
INFO: 2017/04/21 09:45:46 >> Finished more 100 comments...
2017/04/21 09:45:56 >> Finished more 100 comments...
Apr 21, 2017 9:45:56 AM solr.utils.Log doInfoLogging
INFO: 2017/04/21 09:45:56 >> Finished more 100 comments...
2017/04/21 09:45:59 >> Finished more 100 comments...
Apr 21, 2017 9:45:59 AM solr.utils.Log doInfoLogging
INFO: 2017/04/21 09:45:59 >> Finished more 100 comments...
2017/04/21 09:46:12 >> Finished more 100 comments...
Apr 21, 2017 9:46:12 AM solr.utils.Log doInfoLogging
INFO: 2017/04/21 09:46:12 >> Finished more 100 comments...
2017/04/21 09:46:20 >> Finished more 100 comments...
Apr 21, 2017 9:46:20 AM solr.utils.Log doInfoLogging
INFO: 2017/04/21 09:46:20 >> Finished more 100 comments...
2017/04/21 09:46:30 >> Finished more 100 comments...
Apr 21, 2017 9:46:30 AM solr.utils.Log doInfoLogging
INFO: 2017/04/21 09:46:30 >> Finished more 100 comments...
2017/04/21 09:46:37 >> Finished more 100 comments...
Apr 21, 2017 9:46:37 AM solr.utils.Log doInfoLogging
INFO: 2017/04/21 09:46:37 >> Finished more 100 comments...
2017/04/21 09:46:40 >> Finished more 100 comments...
Apr 21, 2017 9:46:40 AM solr.utils.Log doInfoLogging
INFO: 2017/04/21 09:46:40 >> Finished more 100 comments...
2017/04/21 09:46:50 >> Finished more 100 comments...
Apr 21, 2017 9:46:50 AM solr.utils.Log doInfoLogging
INFO: 2017/04/21 09:46:50 >> Finished more 100 comments...
2017/04/21 09:46:54 >> Finished more 100 comments...
Apr 21, 2017 9:46:54 AM solr.utils.Log doInfoLogging
INFO: 2017/04/21 09:46:54 >> Finished more 100 comments...
2017/04/21 09:47:00 >> Finished more 100 comments...
Apr 21, 2017 9:47:00 AM solr.utils.Log doInfoLogging
INFO: 2017/04/21 09:47:00 >> Finished more 100 comments...
2017/04/21 09:47:04 >> Finished more 100 comments...
Apr 21, 2017 9:47:04 AM solr.utils.Log doInfoLogging
INFO: 2017/04/21 09:47:04 >> Finished more 100 comments...
2017/04/21 09:47:10 >> Finished more 100 comments...
Apr 21, 2017 9:47:10 AM solr.utils.Log doInfoLogging
INFO: 2017/04/21 09:47:10 >> Finished more 100 comments...
2017/04/21 09:47:19 >> Finished more 100 comments...
Apr 21, 2017 9:47:19 AM solr.utils.Log doInfoLogging
INFO: 2017/04/21 09:47:19 >> Finished more 100 comments...
2017/04/21 10:23:01 >> Finished more 100 comments...
Apr 21, 2017 10:23:01 AM solr.utils.Log doInfoLogging
INFO: 2017/04/21 10:23:01 >> Finished more 100 comments...
2017/04/21 10:23:04 >> Finished more 100 comments...
Apr 21, 2017 10:23:04 AM solr.utils.Log doInfoLogging
INFO: 2017/04/21 10:23:04 >> Finished more 100 comments...
2017/04/21 10:23:08 >> Finished more 100 comments...
Apr 21, 2017 10:23:08 AM solr.utils.Log doInfoLogging
INFO: 2017/04/21 10:23:08 >> Finished more 100 comments...
2017/04/21 10:23:19 >> Finished more 100 comments...
Apr 21, 2017 10:23:19 AM solr.utils.Log doInfoLogging
INFO: 2017/04/21 10:23:19 >> Finished more 100 comments...
2017/04/21 10:23:31 >> Finished more 100 comments...
Apr 21, 2017 10:23:31 AM solr.utils.Log doInfoLogging
INFO: 2017/04/21 10:23:31 >> Finished more 100 comments...
2017/04/21 10:23:42 >> Finished more 100 comments...
Apr 21, 2017 10:23:42 AM solr.utils.Log doInfoLogging
INFO: 2017/04/21 10:23:42 >> Finished more 100 comments...
2017/04/21 10:23:46 >> Finished more 100 comments...
Apr 21, 2017 10:23:46 AM solr.utils.Log doInfoLogging
INFO: 2017/04/21 10:23:46 >> Finished more 100 comments...
2017/04/21 10:24:19 >> Finished more 100 comments...
Apr 21, 2017 10:24:19 AM solr.utils.Log doInfoLogging
INFO: 2017/04/21 10:24:19 >> Finished more 100 comments...
2017/04/21 10:24:27 >> Finished more 100 comments...
Apr 21, 2017 10:24:27 AM solr.utils.Log doInfoLogging
INFO: 2017/04/21 10:24:27 >> Finished more 100 comments...
2017/04/21 10:24:38 >> Finished more 100 comments...
Apr 21, 2017 10:24:38 AM solr.utils.Log doInfoLogging
INFO: 2017/04/21 10:24:38 >> Finished more 100 comments...
2017/04/21 10:24:45 >> Finished more 100 comments...
Apr 21, 2017 10:24:45 AM solr.utils.Log doInfoLogging
INFO: 2017/04/21 10:24:45 >> Finished more 100 comments...
2017/04/21 10:24:57 >> Finished more 100 comments...
Apr 21, 2017 10:24:57 AM solr.utils.Log doInfoLogging
INFO: 2017/04/21 10:24:57 >> Finished more 100 comments...
2017/04/21 10:25:06 >> Finished more 100 comments...
Apr 21, 2017 10:25:06 AM solr.utils.Log doInfoLogging
INFO: 2017/04/21 10:25:06 >> Finished more 100 comments...
2017/04/21 10:25:21 >> Finished more 100 comments...
Apr 21, 2017 10:25:21 AM solr.utils.Log doInfoLogging
INFO: 2017/04/21 10:25:21 >> Finished more 100 comments...
2017/04/21 10:25:25 >> Finished more 100 comments...
Apr 21, 2017 10:25:25 AM solr.utils.Log doInfoLogging
INFO: 2017/04/21 10:25:25 >> Finished more 100 comments...
2017/04/21 10:25:50 >> Finished more 100 comments...
Apr 21, 2017 10:25:50 AM solr.utils.Log doInfoLogging
INFO: 2017/04/21 10:25:50 >> Finished more 100 comments...
2017/04/21 10:25:55 >> Finished more 100 comments...
Apr 21, 2017 10:25:55 AM solr.utils.Log doInfoLogging
INFO: 2017/04/21 10:25:55 >> Finished more 100 comments...
2017/04/21 10:26:13 >> Finished more 100 comments...
Apr 21, 2017 10:26:13 AM solr.utils.Log doInfoLogging
INFO: 2017/04/21 10:26:13 >> Finished more 100 comments...
2017/04/21 10:26:19 >> Finished more 100 comments...
Apr 21, 2017 10:26:19 AM solr.utils.Log doInfoLogging
INFO: 2017/04/21 10:26:19 >> Finished more 100 comments...
2017/04/21 10:31:57 >> Finished more 100 comments...
Apr 21, 2017 10:31:57 AM solr.utils.Log doInfoLogging
INFO: 2017/04/21 10:31:57 >> Finished more 100 comments...
2017/04/21 10:32:05 >> Finished more 100 comments...
Apr 21, 2017 10:32:05 AM solr.utils.Log doInfoLogging
INFO: 2017/04/21 10:32:05 >> Finished more 100 comments...
2017/04/21 10:32:11 >> Finished more 100 comments...
Apr 21, 2017 10:32:11 AM solr.utils.Log doInfoLogging
INFO: 2017/04/21 10:32:11 >> Finished more 100 comments...
2017/04/21 10:32:16 >> Finished more 100 comments...
Apr 21, 2017 10:32:16 AM solr.utils.Log doInfoLogging
INFO: 2017/04/21 10:32:16 >> Finished more 100 comments...
2017/04/21 10:32:22 >> Finished more 100 comments...
Apr 21, 2017 10:32:22 AM solr.utils.Log doInfoLogging
INFO: 2017/04/21 10:32:22 >> Finished more 100 comments...
2017/04/21 10:32:27 >> Finished more 100 comments...
Apr 21, 2017 10:32:27 AM solr.utils.Log doInfoLogging
INFO: 2017/04/21 10:32:27 >> Finished more 100 comments...
2017/04/21 10:32:35 >> Finished more 100 comments...
Apr 21, 2017 10:32:35 AM solr.utils.Log doInfoLogging
INFO: 2017/04/21 10:32:35 >> Finished more 100 comments...
2017/04/21 10:32:46 >> Finished more 100 comments...
Apr 21, 2017 10:32:46 AM solr.utils.Log doInfoLogging
INFO: 2017/04/21 10:32:46 >> Finished more 100 comments...
2017/04/21 10:32:52 >> Finished more 100 comments...
Apr 21, 2017 10:32:52 AM solr.utils.Log doInfoLogging
INFO: 2017/04/21 10:32:52 >> Finished more 100 comments...
2017/04/21 10:32:59 >> Finished more 100 comments...
Apr 21, 2017 10:32:59 AM solr.utils.Log doInfoLogging
INFO: 2017/04/21 10:32:59 >> Finished more 100 comments...
2017/04/21 10:34:25 >> Finished more 100 comments...
Apr 21, 2017 10:34:25 AM solr.utils.Log doInfoLogging
INFO: 2017/04/21 10:34:25 >> Finished more 100 comments...
2017/04/21 10:34:29 >> Finished more 100 comments...
Apr 21, 2017 10:34:29 AM solr.utils.Log doInfoLogging
INFO: 2017/04/21 10:34:29 >> Finished more 100 comments...
2017/04/21 10:34:33 >> Finished more 100 comments...
Apr 21, 2017 10:34:33 AM solr.utils.Log doInfoLogging
INFO: 2017/04/21 10:34:33 >> Finished more 100 comments...
2017/04/21 10:34:37 >> Finished more 100 comments...
Apr 21, 2017 10:34:37 AM solr.utils.Log doInfoLogging
INFO: 2017/04/21 10:34:37 >> Finished more 100 comments...
2017/04/21 10:34:45 >> Finished more 100 comments...
Apr 21, 2017 10:34:45 AM solr.utils.Log doInfoLogging
INFO: 2017/04/21 10:34:45 >> Finished more 100 comments...
2017/04/21 10:35:00 >> Finished more 100 comments...
Apr 21, 2017 10:35:00 AM solr.utils.Log doInfoLogging
INFO: 2017/04/21 10:35:00 >> Finished more 100 comments...
2017/04/21 10:35:04 >> Finished more 100 comments...
Apr 21, 2017 10:35:04 AM solr.utils.Log doInfoLogging
INFO: 2017/04/21 10:35:04 >> Finished more 100 comments...
2017/04/21 10:35:15 >> Finished more 100 comments...
Apr 21, 2017 10:35:15 AM solr.utils.Log doInfoLogging
INFO: 2017/04/21 10:35:15 >> Finished more 100 comments...
2017/04/21 10:35:21 >> Finished more 100 comments...
Apr 21, 2017 10:35:21 AM solr.utils.Log doInfoLogging
INFO: 2017/04/21 10:35:21 >> Finished more 100 comments...
2017/04/21 10:35:25 >> Finished more 100 comments...
Apr 21, 2017 10:35:25 AM solr.utils.Log doInfoLogging
INFO: 2017/04/21 10:35:25 >> Finished more 100 comments...
2017/04/21 10:35:29 >> Finished more 100 comments...
Apr 21, 2017 10:35:29 AM solr.utils.Log doInfoLogging
INFO: 2017/04/21 10:35:29 >> Finished more 100 comments...
2017/04/21 10:35:38 >> Finished more 100 comments...
Apr 21, 2017 10:35:38 AM solr.utils.Log doInfoLogging
INFO: 2017/04/21 10:35:38 >> Finished more 100 comments...
2017/04/21 10:35:45 >> Finished more 100 comments...
Apr 21, 2017 10:35:45 AM solr.utils.Log doInfoLogging
INFO: 2017/04/21 10:35:45 >> Finished more 100 comments...
2017/04/21 10:36:17 >> Finished more 100 comments...
Apr 21, 2017 10:36:17 AM solr.utils.Log doInfoLogging
INFO: 2017/04/21 10:36:17 >> Finished more 100 comments...
2017/04/21 10:39:40 >> Finished more 100 comments...
Apr 21, 2017 10:39:40 AM solr.utils.Log doInfoLogging
INFO: 2017/04/21 10:39:40 >> Finished more 100 comments...
2017/04/21 10:39:43 >> Finished more 100 comments...
Apr 21, 2017 10:39:43 AM solr.utils.Log doInfoLogging
INFO: 2017/04/21 10:39:43 >> Finished more 100 comments...
2017/04/21 10:39:46 >> Finished more 100 comments...
Apr 21, 2017 10:39:46 AM solr.utils.Log doInfoLogging
INFO: 2017/04/21 10:39:46 >> Finished more 100 comments...
2017/04/21 10:39:53 >> Finished more 100 comments...
Apr 21, 2017 10:39:53 AM solr.utils.Log doInfoLogging
INFO: 2017/04/21 10:39:53 >> Finished more 100 comments...
2017/04/21 10:39:57 >> Finished more 100 comments...
Apr 21, 2017 10:39:57 AM solr.utils.Log doInfoLogging
INFO: 2017/04/21 10:39:57 >> Finished more 100 comments...
2017/04/21 10:40:08 >> Finished more 100 comments...
Apr 21, 2017 10:40:08 AM solr.utils.Log doInfoLogging
INFO: 2017/04/21 10:40:08 >> Finished more 100 comments...
2017/04/21 10:40:12 >> Finished more 100 comments...
Apr 21, 2017 10:40:12 AM solr.utils.Log doInfoLogging
INFO: 2017/04/21 10:40:12 >> Finished more 100 comments...
2017/04/21 10:40:17 >> Finished more 100 comments...
Apr 21, 2017 10:40:17 AM solr.utils.Log doInfoLogging
INFO: 2017/04/21 10:40:17 >> Finished more 100 comments...
2017/04/21 10:44:30 >> Finished more 100 comments...
Apr 21, 2017 10:44:30 AM solr.utils.Log doInfoLogging
INFO: 2017/04/21 10:44:30 >> Finished more 100 comments...
2017/04/21 10:44:48 >> Finished more 100 comments...
Apr 21, 2017 10:44:48 AM solr.utils.Log doInfoLogging
INFO: 2017/04/21 10:44:48 >> Finished more 100 comments...
2017/04/21 10:45:13 >> Finished more 100 comments...
Apr 21, 2017 10:45:13 AM solr.utils.Log doInfoLogging
INFO: 2017/04/21 10:45:13 >> Finished more 100 comments...
2017/04/21 10:45:20 >> Finished more 100 comments...
Apr 21, 2017 10:45:20 AM solr.utils.Log doInfoLogging
INFO: 2017/04/21 10:45:20 >> Finished more 100 comments...
2017/04/21 10:45:23 >> Finished more 100 comments...
Apr 21, 2017 10:45:23 AM solr.utils.Log doInfoLogging
INFO: 2017/04/21 10:45:23 >> Finished more 100 comments...
2017/04/21 10:45:27 >> Finished more 100 comments...
Apr 21, 2017 10:45:27 AM solr.utils.Log doInfoLogging
INFO: 2017/04/21 10:45:27 >> Finished more 100 comments...
2017/04/21 10:45:38 >> Finished more 100 comments...
Apr 21, 2017 10:45:38 AM solr.utils.Log doInfoLogging
INFO: 2017/04/21 10:45:38 >> Finished more 100 comments...
2017/04/21 10:45:50 >> Finished more 100 comments...
Apr 21, 2017 10:45:50 AM solr.utils.Log doInfoLogging
INFO: 2017/04/21 10:45:50 >> Finished more 100 comments...
2017/04/21 10:45:54 >> Finished more 100 comments...
Apr 21, 2017 10:45:54 AM solr.utils.Log doInfoLogging
INFO: 2017/04/21 10:45:54 >> Finished more 100 comments...
2017/04/21 10:45:59 >> Finished SolrSearchQuestion!
