2017/04/22 09:19:38 >> Started SolrSearchQuestion: start = 70000...
Starting the StanfordNLP API...
[main] INFO edu.stanford.nlp.pipeline.StanfordCoreNLP - Adding annotator tokenize
[main] INFO edu.stanford.nlp.pipeline.TokenizerAnnotator - No tokenizer type provided. Defaulting to PTBTokenizer.
[main] INFO edu.stanford.nlp.pipeline.StanfordCoreNLP - Adding annotator ssplit
[main] INFO edu.stanford.nlp.pipeline.StanfordCoreNLP - Adding annotator parse
[main] INFO edu.stanford.nlp.parser.common.ParserGrammar - Loading parser from serialized file edu/stanford/nlp/models/lexparser/englishPCFG.ser.gz ... done [0.5 sec].
Finished starting the StanfordNLP API!
2017/04/22 09:19:45 >> Finished more 100 comments...
Apr 22, 2017 9:19:45 AM solr.utils.Log doInfoLogging
INFO: 2017/04/22 09:19:45 >> Finished more 100 comments...
2017/04/22 09:19:49 >> Finished more 100 comments...
Apr 22, 2017 9:19:49 AM solr.utils.Log doInfoLogging
INFO: 2017/04/22 09:19:49 >> Finished more 100 comments...
2017/04/22 09:19:53 >> Finished more 100 comments...
Apr 22, 2017 9:19:53 AM solr.utils.Log doInfoLogging
INFO: 2017/04/22 09:19:53 >> Finished more 100 comments...
2017/04/22 09:20:02 >> Finished more 100 comments...
Apr 22, 2017 9:20:02 AM solr.utils.Log doInfoLogging
INFO: 2017/04/22 09:20:02 >> Finished more 100 comments...
2017/04/22 09:20:08 >> Finished more 100 comments...
Apr 22, 2017 9:20:08 AM solr.utils.Log doInfoLogging
INFO: 2017/04/22 09:20:08 >> Finished more 100 comments...
2017/04/22 09:20:18 >> Finished more 100 comments...
Apr 22, 2017 9:20:18 AM solr.utils.Log doInfoLogging
INFO: 2017/04/22 09:20:18 >> Finished more 100 comments...
2017/04/22 09:20:27 >> Finished more 100 comments...
Apr 22, 2017 9:20:27 AM solr.utils.Log doInfoLogging
INFO: 2017/04/22 09:20:27 >> Finished more 100 comments...
2017/04/22 09:20:35 >> Finished more 100 comments...
Apr 22, 2017 9:20:35 AM solr.utils.Log doInfoLogging
INFO: 2017/04/22 09:20:35 >> Finished more 100 comments...
2017/04/22 09:20:44 >> Finished more 100 comments...
Apr 22, 2017 9:20:44 AM solr.utils.Log doInfoLogging
INFO: 2017/04/22 09:20:44 >> Finished more 100 comments...
2017/04/22 09:21:05 >> Finished more 100 comments...
Apr 22, 2017 9:21:05 AM solr.utils.Log doInfoLogging
INFO: 2017/04/22 09:21:05 >> Finished more 100 comments...
2017/04/22 09:21:14 >> Finished more 100 comments...
Apr 22, 2017 9:21:14 AM solr.utils.Log doInfoLogging
INFO: 2017/04/22 09:21:14 >> Finished more 100 comments...
2017/04/22 09:21:19 >> Finished more 100 comments...
Apr 22, 2017 9:21:19 AM solr.utils.Log doInfoLogging
INFO: 2017/04/22 09:21:19 >> Finished more 100 comments...
2017/04/22 09:21:24 >> Finished more 100 comments...
Apr 22, 2017 9:21:24 AM solr.utils.Log doInfoLogging
INFO: 2017/04/22 09:21:24 >> Finished more 100 comments...
2017/04/22 09:21:36 >> Finished more 100 comments...
Apr 22, 2017 9:21:36 AM solr.utils.Log doInfoLogging
INFO: 2017/04/22 09:21:36 >> Finished more 100 comments...
2017/04/22 09:21:39 >> Finished more 100 comments...
Apr 22, 2017 9:21:39 AM solr.utils.Log doInfoLogging
INFO: 2017/04/22 09:21:39 >> Finished more 100 comments...
2017/04/22 09:21:46 >> Finished more 100 comments...
Apr 22, 2017 9:21:46 AM solr.utils.Log doInfoLogging
INFO: 2017/04/22 09:21:46 >> Finished more 100 comments...
2017/04/22 09:21:59 >> Finished more 100 comments...
Apr 22, 2017 9:21:59 AM solr.utils.Log doInfoLogging
INFO: 2017/04/22 09:21:59 >> Finished more 100 comments...
2017/04/22 09:22:03 >> Finished more 100 comments...
Apr 22, 2017 9:22:03 AM solr.utils.Log doInfoLogging
INFO: 2017/04/22 09:22:03 >> Finished more 100 comments...
2017/04/22 09:22:09 >> Finished more 100 comments...
Apr 22, 2017 9:22:09 AM solr.utils.Log doInfoLogging
INFO: 2017/04/22 09:22:09 >> Finished more 100 comments...
2017/04/22 09:22:18 >> Finished more 100 comments...
Apr 22, 2017 9:22:18 AM solr.utils.Log doInfoLogging
INFO: 2017/04/22 09:22:18 >> Finished more 100 comments...
2017/04/22 09:22:24 >> Finished more 100 comments...
Apr 22, 2017 9:22:24 AM solr.utils.Log doInfoLogging
INFO: 2017/04/22 09:22:24 >> Finished more 100 comments...
2017/04/22 09:22:29 >> Finished more 100 comments...
Apr 22, 2017 9:22:29 AM solr.utils.Log doInfoLogging
INFO: 2017/04/22 09:22:29 >> Finished more 100 comments...
2017/04/22 09:22:39 >> Finished more 100 comments...
Apr 22, 2017 9:22:39 AM solr.utils.Log doInfoLogging
INFO: 2017/04/22 09:22:39 >> Finished more 100 comments...
2017/04/22 09:22:44 >> Finished more 100 comments...
Apr 22, 2017 9:22:44 AM solr.utils.Log doInfoLogging
INFO: 2017/04/22 09:22:44 >> Finished more 100 comments...
2017/04/22 09:22:51 >> Finished more 100 comments...
Apr 22, 2017 9:22:51 AM solr.utils.Log doInfoLogging
INFO: 2017/04/22 09:22:51 >> Finished more 100 comments...
2017/04/22 09:22:55 >> Finished more 100 comments...
Apr 22, 2017 9:22:55 AM solr.utils.Log doInfoLogging
INFO: 2017/04/22 09:22:55 >> Finished more 100 comments...
2017/04/22 09:23:04 >> Finished more 100 comments...
Apr 22, 2017 9:23:04 AM solr.utils.Log doInfoLogging
INFO: 2017/04/22 09:23:04 >> Finished more 100 comments...
2017/04/22 09:23:07 >> Finished more 100 comments...
Apr 22, 2017 9:23:07 AM solr.utils.Log doInfoLogging
INFO: 2017/04/22 09:23:07 >> Finished more 100 comments...
2017/04/22 09:23:30 >> Finished more 100 comments...
Apr 22, 2017 9:23:30 AM solr.utils.Log doInfoLogging
INFO: 2017/04/22 09:23:30 >> Finished more 100 comments...
2017/04/22 09:23:43 >> Finished more 100 comments...
Apr 22, 2017 9:23:43 AM solr.utils.Log doInfoLogging
INFO: 2017/04/22 09:23:43 >> Finished more 100 comments...
2017/04/22 09:23:50 >> Finished more 100 comments...
Apr 22, 2017 9:23:50 AM solr.utils.Log doInfoLogging
INFO: 2017/04/22 09:23:50 >> Finished more 100 comments...
2017/04/22 09:23:55 >> Finished more 100 comments...
Apr 22, 2017 9:23:55 AM solr.utils.Log doInfoLogging
INFO: 2017/04/22 09:23:55 >> Finished more 100 comments...
2017/04/22 09:24:02 >> Finished more 100 comments...
Apr 22, 2017 9:24:02 AM solr.utils.Log doInfoLogging
INFO: 2017/04/22 09:24:02 >> Finished more 100 comments...
2017/04/22 09:24:08 >> Finished more 100 comments...
Apr 22, 2017 9:24:08 AM solr.utils.Log doInfoLogging
INFO: 2017/04/22 09:24:08 >> Finished more 100 comments...
2017/04/22 09:24:14 >> Finished more 100 comments...
Apr 22, 2017 9:24:14 AM solr.utils.Log doInfoLogging
INFO: 2017/04/22 09:24:14 >> Finished more 100 comments...
2017/04/22 09:24:18 >> Finished more 100 comments...
Apr 22, 2017 9:24:18 AM solr.utils.Log doInfoLogging
INFO: 2017/04/22 09:24:18 >> Finished more 100 comments...
2017/04/22 09:24:21 >> Finished more 100 comments...
Apr 22, 2017 9:24:21 AM solr.utils.Log doInfoLogging
INFO: 2017/04/22 09:24:21 >> Finished more 100 comments...
2017/04/22 09:24:39 >> Finished more 100 comments...
Apr 22, 2017 9:24:39 AM solr.utils.Log doInfoLogging
INFO: 2017/04/22 09:24:39 >> Finished more 100 comments...
2017/04/22 09:24:50 >> Finished more 100 comments...
Apr 22, 2017 9:24:50 AM solr.utils.Log doInfoLogging
INFO: 2017/04/22 09:24:50 >> Finished more 100 comments...
2017/04/22 09:24:56 >> Finished more 100 comments...
Apr 22, 2017 9:24:56 AM solr.utils.Log doInfoLogging
INFO: 2017/04/22 09:24:56 >> Finished more 100 comments...
2017/04/22 09:25:02 >> Finished more 100 comments...
Apr 22, 2017 9:25:02 AM solr.utils.Log doInfoLogging
INFO: 2017/04/22 09:25:02 >> Finished more 100 comments...
2017/04/22 09:25:08 >> Finished more 100 comments...
Apr 22, 2017 9:25:08 AM solr.utils.Log doInfoLogging
INFO: 2017/04/22 09:25:08 >> Finished more 100 comments...
2017/04/22 09:25:15 >> Finished more 100 comments...
Apr 22, 2017 9:25:15 AM solr.utils.Log doInfoLogging
INFO: 2017/04/22 09:25:15 >> Finished more 100 comments...
2017/04/22 09:25:27 >> Finished more 100 comments...
Apr 22, 2017 9:25:27 AM solr.utils.Log doInfoLogging
INFO: 2017/04/22 09:25:27 >> Finished more 100 comments...
2017/04/22 09:25:30 >> Finished more 100 comments...
Apr 22, 2017 9:25:30 AM solr.utils.Log doInfoLogging
INFO: 2017/04/22 09:25:30 >> Finished more 100 comments...
2017/04/22 09:25:34 >> Finished more 100 comments...
Apr 22, 2017 9:25:34 AM solr.utils.Log doInfoLogging
INFO: 2017/04/22 09:25:34 >> Finished more 100 comments...
2017/04/22 09:25:37 >> Finished more 100 comments...
Apr 22, 2017 9:25:37 AM solr.utils.Log doInfoLogging
INFO: 2017/04/22 09:25:37 >> Finished more 100 comments...
2017/04/22 09:25:41 >> Finished more 100 comments...
Apr 22, 2017 9:25:41 AM solr.utils.Log doInfoLogging
INFO: 2017/04/22 09:25:41 >> Finished more 100 comments...
2017/04/22 09:25:48 >> Finished more 100 comments...
Apr 22, 2017 9:25:48 AM solr.utils.Log doInfoLogging
INFO: 2017/04/22 09:25:48 >> Finished more 100 comments...
2017/04/22 09:25:54 >> Finished more 100 comments...
Apr 22, 2017 9:25:54 AM solr.utils.Log doInfoLogging
INFO: 2017/04/22 09:25:54 >> Finished more 100 comments...
2017/04/22 09:25:59 >> Finished more 100 comments...
Apr 22, 2017 9:25:59 AM solr.utils.Log doInfoLogging
INFO: 2017/04/22 09:25:59 >> Finished more 100 comments...
2017/04/22 09:26:04 >> Finished more 100 comments...
Apr 22, 2017 9:26:04 AM solr.utils.Log doInfoLogging
INFO: 2017/04/22 09:26:04 >> Finished more 100 comments...
2017/04/22 09:26:17 >> Finished more 100 comments...
Apr 22, 2017 9:26:17 AM solr.utils.Log doInfoLogging
INFO: 2017/04/22 09:26:17 >> Finished more 100 comments...
2017/04/22 09:26:22 >> Finished more 100 comments...
Apr 22, 2017 9:26:22 AM solr.utils.Log doInfoLogging
INFO: 2017/04/22 09:26:22 >> Finished more 100 comments...
2017/04/22 09:27:03 >> Finished more 100 comments...
Apr 22, 2017 9:27:03 AM solr.utils.Log doInfoLogging
INFO: 2017/04/22 09:27:03 >> Finished more 100 comments...
2017/04/22 09:27:13 >> Finished more 100 comments...
Apr 22, 2017 9:27:13 AM solr.utils.Log doInfoLogging
INFO: 2017/04/22 09:27:13 >> Finished more 100 comments...
2017/04/22 09:27:16 >> Finished more 100 comments...
Apr 22, 2017 9:27:16 AM solr.utils.Log doInfoLogging
INFO: 2017/04/22 09:27:16 >> Finished more 100 comments...
2017/04/22 09:27:41 >> Finished more 100 comments...
Apr 22, 2017 9:27:41 AM solr.utils.Log doInfoLogging
INFO: 2017/04/22 09:27:41 >> Finished more 100 comments...
2017/04/22 09:27:47 >> Finished more 100 comments...
Apr 22, 2017 9:27:47 AM solr.utils.Log doInfoLogging
INFO: 2017/04/22 09:27:47 >> Finished more 100 comments...
2017/04/22 09:29:17 >> Finished more 100 comments...
Apr 22, 2017 9:29:17 AM solr.utils.Log doInfoLogging
INFO: 2017/04/22 09:29:17 >> Finished more 100 comments...
2017/04/22 09:29:27 >> Finished more 100 comments...
Apr 22, 2017 9:29:27 AM solr.utils.Log doInfoLogging
INFO: 2017/04/22 09:29:27 >> Finished more 100 comments...
2017/04/22 09:29:34 >> Finished more 100 comments...
Apr 22, 2017 9:29:34 AM solr.utils.Log doInfoLogging
INFO: 2017/04/22 09:29:34 >> Finished more 100 comments...
2017/04/22 09:29:36 >> Finished more 100 comments...
Apr 22, 2017 9:29:36 AM solr.utils.Log doInfoLogging
INFO: 2017/04/22 09:29:36 >> Finished more 100 comments...
2017/04/22 09:29:41 >> Finished more 100 comments...
Apr 22, 2017 9:29:41 AM solr.utils.Log doInfoLogging
INFO: 2017/04/22 09:29:41 >> Finished more 100 comments...
2017/04/22 09:29:48 >> Finished more 100 comments...
Apr 22, 2017 9:29:48 AM solr.utils.Log doInfoLogging
INFO: 2017/04/22 09:29:48 >> Finished more 100 comments...
2017/04/22 09:29:54 >> Finished more 100 comments...
Apr 22, 2017 9:29:54 AM solr.utils.Log doInfoLogging
INFO: 2017/04/22 09:29:54 >> Finished more 100 comments...
2017/04/22 09:30:00 >> Finished more 100 comments...
Apr 22, 2017 9:30:00 AM solr.utils.Log doInfoLogging
INFO: 2017/04/22 09:30:00 >> Finished more 100 comments...
2017/04/22 09:30:05 >> Finished more 100 comments...
Apr 22, 2017 9:30:05 AM solr.utils.Log doInfoLogging
INFO: 2017/04/22 09:30:05 >> Finished more 100 comments...
2017/04/22 09:30:10 >> Finished more 100 comments...
Apr 22, 2017 9:30:10 AM solr.utils.Log doInfoLogging
INFO: 2017/04/22 09:30:10 >> Finished more 100 comments...
2017/04/22 09:30:19 >> Finished more 100 comments...
Apr 22, 2017 9:30:19 AM solr.utils.Log doInfoLogging
INFO: 2017/04/22 09:30:19 >> Finished more 100 comments...
2017/04/22 09:30:23 >> Finished more 100 comments...
Apr 22, 2017 9:30:23 AM solr.utils.Log doInfoLogging
INFO: 2017/04/22 09:30:23 >> Finished more 100 comments...
2017/04/22 09:30:27 >> Finished more 100 comments...
Apr 22, 2017 9:30:27 AM solr.utils.Log doInfoLogging
INFO: 2017/04/22 09:30:27 >> Finished more 100 comments...
2017/04/22 09:30:53 >> Finished more 100 comments...
Apr 22, 2017 9:30:53 AM solr.utils.Log doInfoLogging
INFO: 2017/04/22 09:30:53 >> Finished more 100 comments...
2017/04/22 09:31:00 >> Finished more 100 comments...
Apr 22, 2017 9:31:00 AM solr.utils.Log doInfoLogging
INFO: 2017/04/22 09:31:00 >> Finished more 100 comments...
2017/04/22 09:35:24 >> Finished more 100 comments...
Apr 22, 2017 9:35:24 AM solr.utils.Log doInfoLogging
INFO: 2017/04/22 09:35:24 >> Finished more 100 comments...
2017/04/22 09:35:28 >> Finished more 100 comments...
Apr 22, 2017 9:35:28 AM solr.utils.Log doInfoLogging
INFO: 2017/04/22 09:35:28 >> Finished more 100 comments...
2017/04/22 09:35:37 >> Finished more 100 comments...
Apr 22, 2017 9:35:37 AM solr.utils.Log doInfoLogging
INFO: 2017/04/22 09:35:37 >> Finished more 100 comments...
2017/04/22 09:35:40 >> Finished more 100 comments...
Apr 22, 2017 9:35:40 AM solr.utils.Log doInfoLogging
INFO: 2017/04/22 09:35:40 >> Finished more 100 comments...
2017/04/22 09:35:48 >> Finished more 100 comments...
Apr 22, 2017 9:35:48 AM solr.utils.Log doInfoLogging
INFO: 2017/04/22 09:35:48 >> Finished more 100 comments...
2017/04/22 09:35:54 >> Finished more 100 comments...
Apr 22, 2017 9:35:54 AM solr.utils.Log doInfoLogging
INFO: 2017/04/22 09:35:54 >> Finished more 100 comments...
2017/04/22 09:36:01 >> Finished more 100 comments...
Apr 22, 2017 9:36:01 AM solr.utils.Log doInfoLogging
INFO: 2017/04/22 09:36:01 >> Finished more 100 comments...
2017/04/22 09:36:05 >> Finished more 100 comments...
Apr 22, 2017 9:36:05 AM solr.utils.Log doInfoLogging
INFO: 2017/04/22 09:36:05 >> Finished more 100 comments...
2017/04/22 09:36:12 >> Finished more 100 comments...
Apr 22, 2017 9:36:12 AM solr.utils.Log doInfoLogging
INFO: 2017/04/22 09:36:12 >> Finished more 100 comments...
2017/04/22 09:36:18 >> Finished more 100 comments...
Apr 22, 2017 9:36:18 AM solr.utils.Log doInfoLogging
INFO: 2017/04/22 09:36:18 >> Finished more 100 comments...
2017/04/22 09:36:22 >> Finished more 100 comments...
Apr 22, 2017 9:36:22 AM solr.utils.Log doInfoLogging
INFO: 2017/04/22 09:36:22 >> Finished more 100 comments...
2017/04/22 09:36:26 >> Finished more 100 comments...
Apr 22, 2017 9:36:26 AM solr.utils.Log doInfoLogging
INFO: 2017/04/22 09:36:26 >> Finished more 100 comments...
2017/04/22 09:36:30 >> Finished more 100 comments...
Apr 22, 2017 9:36:30 AM solr.utils.Log doInfoLogging
INFO: 2017/04/22 09:36:30 >> Finished more 100 comments...
2017/04/22 09:36:40 >> Finished more 100 comments...
Apr 22, 2017 9:36:40 AM solr.utils.Log doInfoLogging
INFO: 2017/04/22 09:36:40 >> Finished more 100 comments...
2017/04/22 09:36:46 >> Finished more 100 comments...
Apr 22, 2017 9:36:46 AM solr.utils.Log doInfoLogging
INFO: 2017/04/22 09:36:46 >> Finished more 100 comments...
2017/04/22 09:37:24 >> Finished more 100 comments...
Apr 22, 2017 9:37:24 AM solr.utils.Log doInfoLogging
INFO: 2017/04/22 09:37:24 >> Finished more 100 comments...
2017/04/22 09:37:59 >> Finished more 100 comments...
Apr 22, 2017 9:37:59 AM solr.utils.Log doInfoLogging
INFO: 2017/04/22 09:37:59 >> Finished more 100 comments...
2017/04/22 09:38:03 >> Finished more 100 comments...
Apr 22, 2017 9:38:03 AM solr.utils.Log doInfoLogging
INFO: 2017/04/22 09:38:03 >> Finished more 100 comments...
2017/04/22 09:38:12 >> Finished more 100 comments...
Apr 22, 2017 9:38:12 AM solr.utils.Log doInfoLogging
INFO: 2017/04/22 09:38:12 >> Finished more 100 comments...
2017/04/22 09:38:21 >> Finished more 100 comments...
Apr 22, 2017 9:38:21 AM solr.utils.Log doInfoLogging
INFO: 2017/04/22 09:38:21 >> Finished more 100 comments...
2017/04/22 09:38:30 >> Finished more 100 comments...
Apr 22, 2017 9:38:30 AM solr.utils.Log doInfoLogging
INFO: 2017/04/22 09:38:30 >> Finished more 100 comments...
2017/04/22 09:38:34 >> Finished more 100 comments...
Apr 22, 2017 9:38:34 AM solr.utils.Log doInfoLogging
INFO: 2017/04/22 09:38:34 >> Finished more 100 comments...
2017/04/22 09:38:45 >> Finished more 100 comments...
Apr 22, 2017 9:38:45 AM solr.utils.Log doInfoLogging
INFO: 2017/04/22 09:38:45 >> Finished more 100 comments...
2017/04/22 09:38:50 >> Finished more 100 comments...
Apr 22, 2017 9:38:50 AM solr.utils.Log doInfoLogging
INFO: 2017/04/22 09:38:50 >> Finished more 100 comments...
2017/04/22 09:38:54 >> Finished more 100 comments...
Apr 22, 2017 9:38:54 AM solr.utils.Log doInfoLogging
INFO: 2017/04/22 09:38:54 >> Finished more 100 comments...
2017/04/22 09:38:59 >> Finished more 100 comments...
Apr 22, 2017 9:38:59 AM solr.utils.Log doInfoLogging
INFO: 2017/04/22 09:38:59 >> Finished more 100 comments...
2017/04/22 09:39:04 >> Finished more 100 comments...
Apr 22, 2017 9:39:04 AM solr.utils.Log doInfoLogging
INFO: 2017/04/22 09:39:04 >> Finished more 100 comments...
2017/04/22 09:39:13 >> Finished more 100 comments...
Apr 22, 2017 9:39:13 AM solr.utils.Log doInfoLogging
INFO: 2017/04/22 09:39:13 >> Finished more 100 comments...
2017/04/22 09:39:20 >> Finished more 100 comments...
Apr 22, 2017 9:39:20 AM solr.utils.Log doInfoLogging
INFO: 2017/04/22 09:39:20 >> Finished more 100 comments...
2017/04/22 09:39:25 >> Finished more 100 comments...
Apr 22, 2017 9:39:25 AM solr.utils.Log doInfoLogging
INFO: 2017/04/22 09:39:25 >> Finished more 100 comments...
2017/04/22 09:39:30 >> Finished more 100 comments...
Apr 22, 2017 9:39:30 AM solr.utils.Log doInfoLogging
INFO: 2017/04/22 09:39:30 >> Finished more 100 comments...
2017/04/22 09:39:34 >> Finished more 100 comments...
Apr 22, 2017 9:39:34 AM solr.utils.Log doInfoLogging
INFO: 2017/04/22 09:39:34 >> Finished more 100 comments...
2017/04/22 09:39:41 >> Finished more 100 comments...
Apr 22, 2017 9:39:41 AM solr.utils.Log doInfoLogging
INFO: 2017/04/22 09:39:41 >> Finished more 100 comments...
2017/04/22 09:39:48 >> Finished more 100 comments...
Apr 22, 2017 9:39:48 AM solr.utils.Log doInfoLogging
INFO: 2017/04/22 09:39:48 >> Finished more 100 comments...
2017/04/22 09:39:54 >> Finished more 100 comments...
Apr 22, 2017 9:39:54 AM solr.utils.Log doInfoLogging
INFO: 2017/04/22 09:39:54 >> Finished more 100 comments...
2017/04/22 09:40:25 >> Finished more 100 comments...
Apr 22, 2017 9:40:25 AM solr.utils.Log doInfoLogging
INFO: 2017/04/22 09:40:25 >> Finished more 100 comments...
2017/04/22 09:40:30 >> Finished more 100 comments...
Apr 22, 2017 9:40:30 AM solr.utils.Log doInfoLogging
INFO: 2017/04/22 09:40:30 >> Finished more 100 comments...
2017/04/22 09:40:40 >> Finished more 100 comments...
Apr 22, 2017 9:40:40 AM solr.utils.Log doInfoLogging
INFO: 2017/04/22 09:40:40 >> Finished more 100 comments...
2017/04/22 09:41:59 >> Finished more 100 comments...
Apr 22, 2017 9:41:59 AM solr.utils.Log doInfoLogging
INFO: 2017/04/22 09:41:59 >> Finished more 100 comments...
2017/04/22 09:42:11 >> Finished more 100 comments...
Apr 22, 2017 9:42:11 AM solr.utils.Log doInfoLogging
INFO: 2017/04/22 09:42:11 >> Finished more 100 comments...
2017/04/22 09:42:15 >> Finished more 100 comments...
Apr 22, 2017 9:42:15 AM solr.utils.Log doInfoLogging
INFO: 2017/04/22 09:42:15 >> Finished more 100 comments...
2017/04/22 09:42:20 >> Finished more 100 comments...
Apr 22, 2017 9:42:20 AM solr.utils.Log doInfoLogging
INFO: 2017/04/22 09:42:20 >> Finished more 100 comments...
2017/04/22 09:42:26 >> Finished more 100 comments...
Apr 22, 2017 9:42:26 AM solr.utils.Log doInfoLogging
INFO: 2017/04/22 09:42:26 >> Finished more 100 comments...
2017/04/22 09:42:33 >> Finished more 100 comments...
Apr 22, 2017 9:42:33 AM solr.utils.Log doInfoLogging
INFO: 2017/04/22 09:42:33 >> Finished more 100 comments...
2017/04/22 09:42:44 >> Finished more 100 comments...
Apr 22, 2017 9:42:44 AM solr.utils.Log doInfoLogging
INFO: 2017/04/22 09:42:44 >> Finished more 100 comments...
2017/04/22 09:42:47 >> Finished more 100 comments...
Apr 22, 2017 9:42:47 AM solr.utils.Log doInfoLogging
INFO: 2017/04/22 09:42:47 >> Finished more 100 comments...
[main] WARN edu.stanford.nlp.process.PTBLexer - Untokenizable:  (U+1B, decimal: 27)
2017/04/22 09:44:05 >> Finished more 100 comments...
Apr 22, 2017 9:44:05 AM solr.utils.Log doInfoLogging
INFO: 2017/04/22 09:44:05 >> Finished more 100 comments...
2017/04/22 09:44:10 >> Finished more 100 comments...
Apr 22, 2017 9:44:10 AM solr.utils.Log doInfoLogging
INFO: 2017/04/22 09:44:10 >> Finished more 100 comments...
2017/04/22 09:44:16 >> Finished more 100 comments...
Apr 22, 2017 9:44:16 AM solr.utils.Log doInfoLogging
INFO: 2017/04/22 09:44:16 >> Finished more 100 comments...
2017/04/22 09:44:21 >> Finished more 100 comments...
Apr 22, 2017 9:44:21 AM solr.utils.Log doInfoLogging
INFO: 2017/04/22 09:44:21 >> Finished more 100 comments...
2017/04/22 09:44:25 >> Finished more 100 comments...
Apr 22, 2017 9:44:25 AM solr.utils.Log doInfoLogging
INFO: 2017/04/22 09:44:25 >> Finished more 100 comments...
2017/04/22 09:44:32 >> Finished more 100 comments...
Apr 22, 2017 9:44:32 AM solr.utils.Log doInfoLogging
INFO: 2017/04/22 09:44:32 >> Finished more 100 comments...
2017/04/22 09:45:00 >> Finished more 100 comments...
Apr 22, 2017 9:45:00 AM solr.utils.Log doInfoLogging
INFO: 2017/04/22 09:45:00 >> Finished more 100 comments...
2017/04/22 09:45:05 >> Finished more 100 comments...
Apr 22, 2017 9:45:05 AM solr.utils.Log doInfoLogging
INFO: 2017/04/22 09:45:05 >> Finished more 100 comments...
2017/04/22 09:45:09 >> Finished more 100 comments...
Apr 22, 2017 9:45:09 AM solr.utils.Log doInfoLogging
INFO: 2017/04/22 09:45:09 >> Finished more 100 comments...
2017/04/22 09:45:17 >> Finished more 100 comments...
Apr 22, 2017 9:45:17 AM solr.utils.Log doInfoLogging
INFO: 2017/04/22 09:45:17 >> Finished more 100 comments...
2017/04/22 09:45:20 >> Finished more 100 comments...
Apr 22, 2017 9:45:20 AM solr.utils.Log doInfoLogging
INFO: 2017/04/22 09:45:20 >> Finished more 100 comments...
2017/04/22 09:45:36 >> Finished more 100 comments...
Apr 22, 2017 9:45:36 AM solr.utils.Log doInfoLogging
INFO: 2017/04/22 09:45:36 >> Finished more 100 comments...
2017/04/22 09:45:41 >> Finished more 100 comments...
Apr 22, 2017 9:45:41 AM solr.utils.Log doInfoLogging
INFO: 2017/04/22 09:45:41 >> Finished more 100 comments...
2017/04/22 09:45:48 >> Finished more 100 comments...
Apr 22, 2017 9:45:48 AM solr.utils.Log doInfoLogging
INFO: 2017/04/22 09:45:48 >> Finished more 100 comments...
2017/04/22 09:45:55 >> Finished more 100 comments...
Apr 22, 2017 9:45:55 AM solr.utils.Log doInfoLogging
INFO: 2017/04/22 09:45:55 >> Finished more 100 comments...
2017/04/22 09:45:59 >> Finished more 100 comments...
Apr 22, 2017 9:45:59 AM solr.utils.Log doInfoLogging
INFO: 2017/04/22 09:45:59 >> Finished more 100 comments...
2017/04/22 09:46:03 >> Finished more 100 comments...
Apr 22, 2017 9:46:03 AM solr.utils.Log doInfoLogging
INFO: 2017/04/22 09:46:03 >> Finished more 100 comments...
2017/04/22 09:46:08 >> Finished more 100 comments...
Apr 22, 2017 9:46:08 AM solr.utils.Log doInfoLogging
INFO: 2017/04/22 09:46:08 >> Finished more 100 comments...
2017/04/22 09:46:31 >> Finished more 100 comments...
Apr 22, 2017 9:46:31 AM solr.utils.Log doInfoLogging
INFO: 2017/04/22 09:46:31 >> Finished more 100 comments...
2017/04/22 09:46:39 >> Finished more 100 comments...
Apr 22, 2017 9:46:39 AM solr.utils.Log doInfoLogging
INFO: 2017/04/22 09:46:39 >> Finished more 100 comments...
2017/04/22 09:46:54 >> Finished more 100 comments...
Apr 22, 2017 9:46:54 AM solr.utils.Log doInfoLogging
INFO: 2017/04/22 09:46:54 >> Finished more 100 comments...
2017/04/22 09:47:00 >> Finished more 100 comments...
Apr 22, 2017 9:47:00 AM solr.utils.Log doInfoLogging
INFO: 2017/04/22 09:47:00 >> Finished more 100 comments...
2017/04/22 09:47:56 >> Finished more 100 comments...
Apr 22, 2017 9:47:56 AM solr.utils.Log doInfoLogging
INFO: 2017/04/22 09:47:56 >> Finished more 100 comments...
2017/04/22 09:48:00 >> Finished more 100 comments...
Apr 22, 2017 9:48:00 AM solr.utils.Log doInfoLogging
INFO: 2017/04/22 09:48:00 >> Finished more 100 comments...
2017/04/22 09:48:07 >> Finished more 100 comments...
Apr 22, 2017 9:48:07 AM solr.utils.Log doInfoLogging
INFO: 2017/04/22 09:48:07 >> Finished more 100 comments...
2017/04/22 09:48:18 >> Finished more 100 comments...
Apr 22, 2017 9:48:18 AM solr.utils.Log doInfoLogging
INFO: 2017/04/22 09:48:18 >> Finished more 100 comments...
2017/04/22 09:48:35 >> Finished more 100 comments...
Apr 22, 2017 9:48:35 AM solr.utils.Log doInfoLogging
INFO: 2017/04/22 09:48:35 >> Finished more 100 comments...
2017/04/22 09:48:41 >> Finished more 100 comments...
Apr 22, 2017 9:48:41 AM solr.utils.Log doInfoLogging
INFO: 2017/04/22 09:48:41 >> Finished more 100 comments...
2017/04/22 09:49:02 >> Finished more 100 comments...
Apr 22, 2017 9:49:02 AM solr.utils.Log doInfoLogging
INFO: 2017/04/22 09:49:02 >> Finished more 100 comments...
2017/04/22 09:49:06 >> Finished more 100 comments...
Apr 22, 2017 9:49:06 AM solr.utils.Log doInfoLogging
INFO: 2017/04/22 09:49:06 >> Finished more 100 comments...
2017/04/22 09:49:15 >> Finished more 100 comments...
Apr 22, 2017 9:49:15 AM solr.utils.Log doInfoLogging
INFO: 2017/04/22 09:49:15 >> Finished more 100 comments...
2017/04/22 09:49:26 >> Finished more 100 comments...
Apr 22, 2017 9:49:26 AM solr.utils.Log doInfoLogging
INFO: 2017/04/22 09:49:26 >> Finished more 100 comments...
2017/04/22 09:49:31 >> Finished more 100 comments...
Apr 22, 2017 9:49:31 AM solr.utils.Log doInfoLogging
INFO: 2017/04/22 09:49:31 >> Finished more 100 comments...
2017/04/22 09:49:45 >> Finished more 100 comments...
Apr 22, 2017 9:49:45 AM solr.utils.Log doInfoLogging
INFO: 2017/04/22 09:49:45 >> Finished more 100 comments...
2017/04/22 09:49:48 >> Finished more 100 comments...
Apr 22, 2017 9:49:48 AM solr.utils.Log doInfoLogging
INFO: 2017/04/22 09:49:48 >> Finished more 100 comments...
2017/04/22 09:49:55 >> Finished more 100 comments...
Apr 22, 2017 9:49:55 AM solr.utils.Log doInfoLogging
INFO: 2017/04/22 09:49:55 >> Finished more 100 comments...
2017/04/22 09:50:26 >> Finished more 100 comments...
Apr 22, 2017 9:50:26 AM solr.utils.Log doInfoLogging
INFO: 2017/04/22 09:50:26 >> Finished more 100 comments...
2017/04/22 09:50:30 >> Finished more 100 comments...
Apr 22, 2017 9:50:30 AM solr.utils.Log doInfoLogging
INFO: 2017/04/22 09:50:30 >> Finished more 100 comments...
2017/04/22 09:50:40 >> Finished more 100 comments...
Apr 22, 2017 9:50:40 AM solr.utils.Log doInfoLogging
INFO: 2017/04/22 09:50:40 >> Finished more 100 comments...
2017/04/22 09:50:45 >> Finished more 100 comments...
Apr 22, 2017 9:50:45 AM solr.utils.Log doInfoLogging
INFO: 2017/04/22 09:50:45 >> Finished more 100 comments...
2017/04/22 09:50:48 >> Finished more 100 comments...
Apr 22, 2017 9:50:48 AM solr.utils.Log doInfoLogging
INFO: 2017/04/22 09:50:48 >> Finished more 100 comments...
2017/04/22 09:51:23 >> Finished more 100 comments...
Apr 22, 2017 9:51:23 AM solr.utils.Log doInfoLogging
INFO: 2017/04/22 09:51:23 >> Finished more 100 comments...
2017/04/22 09:51:31 >> Finished more 100 comments...
Apr 22, 2017 9:51:31 AM solr.utils.Log doInfoLogging
INFO: 2017/04/22 09:51:31 >> Finished more 100 comments...
2017/04/22 09:51:35 >> Finished more 100 comments...
Apr 22, 2017 9:51:35 AM solr.utils.Log doInfoLogging
INFO: 2017/04/22 09:51:35 >> Finished more 100 comments...
2017/04/22 09:51:38 >> Finished more 100 comments...
Apr 22, 2017 9:51:38 AM solr.utils.Log doInfoLogging
INFO: 2017/04/22 09:51:38 >> Finished more 100 comments...
2017/04/22 09:51:48 >> Finished more 100 comments...
Apr 22, 2017 9:51:48 AM solr.utils.Log doInfoLogging
INFO: 2017/04/22 09:51:48 >> Finished more 100 comments...
2017/04/22 09:51:55 >> Finished more 100 comments...
Apr 22, 2017 9:51:55 AM solr.utils.Log doInfoLogging
INFO: 2017/04/22 09:51:55 >> Finished more 100 comments...
2017/04/22 09:51:58 >> Finished more 100 comments...
Apr 22, 2017 9:51:58 AM solr.utils.Log doInfoLogging
INFO: 2017/04/22 09:51:58 >> Finished more 100 comments...
2017/04/22 09:52:04 >> Finished more 100 comments...
Apr 22, 2017 9:52:04 AM solr.utils.Log doInfoLogging
INFO: 2017/04/22 09:52:04 >> Finished more 100 comments...
2017/04/22 10:02:24 >> Finished more 100 comments...
Apr 22, 2017 10:02:24 AM solr.utils.Log doInfoLogging
INFO: 2017/04/22 10:02:24 >> Finished more 100 comments...
2017/04/22 10:02:27 >> Finished more 100 comments...
Apr 22, 2017 10:02:27 AM solr.utils.Log doInfoLogging
INFO: 2017/04/22 10:02:27 >> Finished more 100 comments...
2017/04/22 10:05:00 >> Finished more 100 comments...
Apr 22, 2017 10:05:00 AM solr.utils.Log doInfoLogging
INFO: 2017/04/22 10:05:00 >> Finished more 100 comments...
2017/04/22 10:05:02 >> Finished more 100 comments...
Apr 22, 2017 10:05:02 AM solr.utils.Log doInfoLogging
INFO: 2017/04/22 10:05:02 >> Finished more 100 comments...
2017/04/22 10:05:08 >> Finished more 100 comments...
Apr 22, 2017 10:05:08 AM solr.utils.Log doInfoLogging
INFO: 2017/04/22 10:05:08 >> Finished more 100 comments...
2017/04/22 10:05:11 >> Finished more 100 comments...
Apr 22, 2017 10:05:11 AM solr.utils.Log doInfoLogging
INFO: 2017/04/22 10:05:11 >> Finished more 100 comments...
2017/04/22 10:14:46 >> Finished more 100 comments...
Apr 22, 2017 10:14:46 AM solr.utils.Log doInfoLogging
INFO: 2017/04/22 10:14:46 >> Finished more 100 comments...
2017/04/22 10:14:58 >> Finished more 100 comments...
Apr 22, 2017 10:14:58 AM solr.utils.Log doInfoLogging
INFO: 2017/04/22 10:14:58 >> Finished more 100 comments...
2017/04/22 10:15:02 >> Finished more 100 comments...
Apr 22, 2017 10:15:02 AM solr.utils.Log doInfoLogging
INFO: 2017/04/22 10:15:02 >> Finished more 100 comments...
2017/04/22 10:15:07 >> Finished more 100 comments...
Apr 22, 2017 10:15:07 AM solr.utils.Log doInfoLogging
INFO: 2017/04/22 10:15:07 >> Finished more 100 comments...
2017/04/22 10:15:14 >> Finished more 100 comments...
Apr 22, 2017 10:15:14 AM solr.utils.Log doInfoLogging
INFO: 2017/04/22 10:15:14 >> Finished more 100 comments...
2017/04/22 10:15:26 >> Finished more 100 comments...
Apr 22, 2017 10:15:26 AM solr.utils.Log doInfoLogging
INFO: 2017/04/22 10:15:26 >> Finished more 100 comments...
2017/04/22 10:15:30 >> Finished more 100 comments...
Apr 22, 2017 10:15:30 AM solr.utils.Log doInfoLogging
INFO: 2017/04/22 10:15:30 >> Finished more 100 comments...
2017/04/22 10:15:36 >> Finished more 100 comments...
Apr 22, 2017 10:15:36 AM solr.utils.Log doInfoLogging
INFO: 2017/04/22 10:15:36 >> Finished more 100 comments...
2017/04/22 10:15:40 >> Finished more 100 comments...
Apr 22, 2017 10:15:40 AM solr.utils.Log doInfoLogging
INFO: 2017/04/22 10:15:40 >> Finished more 100 comments...
2017/04/22 10:15:48 >> Finished more 100 comments...
Apr 22, 2017 10:15:48 AM solr.utils.Log doInfoLogging
INFO: 2017/04/22 10:15:48 >> Finished more 100 comments...
2017/04/22 10:15:51 >> Finished more 100 comments...
Apr 22, 2017 10:15:51 AM solr.utils.Log doInfoLogging
INFO: 2017/04/22 10:15:51 >> Finished more 100 comments...
2017/04/22 10:16:08 >> Finished more 100 comments...
Apr 22, 2017 10:16:08 AM solr.utils.Log doInfoLogging
INFO: 2017/04/22 10:16:08 >> Finished more 100 comments...
2017/04/22 10:16:15 >> Finished more 100 comments...
Apr 22, 2017 10:16:15 AM solr.utils.Log doInfoLogging
INFO: 2017/04/22 10:16:15 >> Finished more 100 comments...
2017/04/22 10:16:22 >> Finished more 100 comments...
Apr 22, 2017 10:16:22 AM solr.utils.Log doInfoLogging
INFO: 2017/04/22 10:16:22 >> Finished more 100 comments...
2017/04/22 10:16:28 >> Finished more 100 comments...
Apr 22, 2017 10:16:28 AM solr.utils.Log doInfoLogging
INFO: 2017/04/22 10:16:28 >> Finished more 100 comments...
2017/04/22 10:16:36 >> Finished more 100 comments...
Apr 22, 2017 10:16:36 AM solr.utils.Log doInfoLogging
INFO: 2017/04/22 10:16:36 >> Finished more 100 comments...
2017/04/22 10:16:39 >> Finished more 100 comments...
Apr 22, 2017 10:16:39 AM solr.utils.Log doInfoLogging
INFO: 2017/04/22 10:16:39 >> Finished more 100 comments...
2017/04/22 10:16:43 >> Finished more 100 comments...
Apr 22, 2017 10:16:43 AM solr.utils.Log doInfoLogging
INFO: 2017/04/22 10:16:43 >> Finished more 100 comments...
2017/04/22 10:16:51 >> Finished more 100 comments...
Apr 22, 2017 10:16:51 AM solr.utils.Log doInfoLogging
INFO: 2017/04/22 10:16:51 >> Finished more 100 comments...
2017/04/22 10:31:15 >> Finished more 100 comments...
Apr 22, 2017 10:31:15 AM solr.utils.Log doInfoLogging
INFO: 2017/04/22 10:31:15 >> Finished more 100 comments...
2017/04/22 10:31:18 >> Finished more 100 comments...
Apr 22, 2017 10:31:18 AM solr.utils.Log doInfoLogging
INFO: 2017/04/22 10:31:18 >> Finished more 100 comments...
2017/04/22 10:31:23 >> Finished more 100 comments...
Apr 22, 2017 10:31:23 AM solr.utils.Log doInfoLogging
INFO: 2017/04/22 10:31:23 >> Finished more 100 comments...
2017/04/22 10:31:34 >> Finished more 100 comments...
Apr 22, 2017 10:31:34 AM solr.utils.Log doInfoLogging
INFO: 2017/04/22 10:31:34 >> Finished more 100 comments...
2017/04/22 10:31:50 >> Finished more 100 comments...
Apr 22, 2017 10:31:50 AM solr.utils.Log doInfoLogging
INFO: 2017/04/22 10:31:50 >> Finished more 100 comments...
2017/04/22 10:31:55 >> Finished more 100 comments...
Apr 22, 2017 10:31:55 AM solr.utils.Log doInfoLogging
INFO: 2017/04/22 10:31:55 >> Finished more 100 comments...
2017/04/22 10:32:04 >> Finished more 100 comments...
Apr 22, 2017 10:32:04 AM solr.utils.Log doInfoLogging
INFO: 2017/04/22 10:32:04 >> Finished more 100 comments...
2017/04/22 10:32:22 >> Finished more 100 comments...
Apr 22, 2017 10:32:22 AM solr.utils.Log doInfoLogging
INFO: 2017/04/22 10:32:22 >> Finished more 100 comments...
2017/04/22 10:32:27 >> Finished more 100 comments...
Apr 22, 2017 10:32:27 AM solr.utils.Log doInfoLogging
INFO: 2017/04/22 10:32:27 >> Finished more 100 comments...
2017/04/22 10:32:33 >> Finished more 100 comments...
Apr 22, 2017 10:32:33 AM solr.utils.Log doInfoLogging
INFO: 2017/04/22 10:32:33 >> Finished more 100 comments...
2017/04/22 10:33:05 >> Finished more 100 comments...
Apr 22, 2017 10:33:05 AM solr.utils.Log doInfoLogging
INFO: 2017/04/22 10:33:05 >> Finished more 100 comments...
2017/04/22 10:33:13 >> Finished more 100 comments...
Apr 22, 2017 10:33:13 AM solr.utils.Log doInfoLogging
INFO: 2017/04/22 10:33:13 >> Finished more 100 comments...
2017/04/22 10:33:18 >> Finished more 100 comments...
Apr 22, 2017 10:33:18 AM solr.utils.Log doInfoLogging
INFO: 2017/04/22 10:33:18 >> Finished more 100 comments...
2017/04/22 10:33:22 >> Finished more 100 comments...
Apr 22, 2017 10:33:22 AM solr.utils.Log doInfoLogging
INFO: 2017/04/22 10:33:22 >> Finished more 100 comments...
2017/04/22 10:33:25 >> Finished more 100 comments...
Apr 22, 2017 10:33:25 AM solr.utils.Log doInfoLogging
INFO: 2017/04/22 10:33:25 >> Finished more 100 comments...
2017/04/22 10:33:28 >> Finished more 100 comments...
Apr 22, 2017 10:33:28 AM solr.utils.Log doInfoLogging
INFO: 2017/04/22 10:33:28 >> Finished more 100 comments...
2017/04/22 10:33:42 >> Finished more 100 comments...
Apr 22, 2017 10:33:42 AM solr.utils.Log doInfoLogging
INFO: 2017/04/22 10:33:42 >> Finished more 100 comments...
2017/04/22 10:34:02 >> Finished more 100 comments...
Apr 22, 2017 10:34:02 AM solr.utils.Log doInfoLogging
INFO: 2017/04/22 10:34:02 >> Finished more 100 comments...
2017/04/22 10:34:29 >> Finished more 100 comments...
Apr 22, 2017 10:34:29 AM solr.utils.Log doInfoLogging
INFO: 2017/04/22 10:34:29 >> Finished more 100 comments...
2017/04/22 10:34:32 >> Finished more 100 comments...
Apr 22, 2017 10:34:32 AM solr.utils.Log doInfoLogging
INFO: 2017/04/22 10:34:32 >> Finished more 100 comments...
2017/04/22 10:34:45 >> Finished more 100 comments...
Apr 22, 2017 10:34:45 AM solr.utils.Log doInfoLogging
INFO: 2017/04/22 10:34:45 >> Finished more 100 comments...
2017/04/22 10:35:14 >> Finished more 100 comments...
Apr 22, 2017 10:35:14 AM solr.utils.Log doInfoLogging
INFO: 2017/04/22 10:35:14 >> Finished more 100 comments...
2017/04/22 10:35:19 >> Finished more 100 comments...
Apr 22, 2017 10:35:19 AM solr.utils.Log doInfoLogging
INFO: 2017/04/22 10:35:19 >> Finished more 100 comments...
2017/04/22 10:35:22 >> Finished more 100 comments...
Apr 22, 2017 10:35:22 AM solr.utils.Log doInfoLogging
INFO: 2017/04/22 10:35:22 >> Finished more 100 comments...
2017/04/22 10:35:28 >> Finished more 100 comments...
Apr 22, 2017 10:35:28 AM solr.utils.Log doInfoLogging
INFO: 2017/04/22 10:35:28 >> Finished more 100 comments...
2017/04/22 10:35:40 >> Finished more 100 comments...
Apr 22, 2017 10:35:40 AM solr.utils.Log doInfoLogging
INFO: 2017/04/22 10:35:40 >> Finished more 100 comments...
2017/04/22 10:35:47 >> Finished more 100 comments...
Apr 22, 2017 10:35:47 AM solr.utils.Log doInfoLogging
INFO: 2017/04/22 10:35:47 >> Finished more 100 comments...
2017/04/22 10:35:50 >> Finished more 100 comments...
Apr 22, 2017 10:35:50 AM solr.utils.Log doInfoLogging
INFO: 2017/04/22 10:35:50 >> Finished more 100 comments...
2017/04/22 10:35:53 >> Finished more 100 comments...
Apr 22, 2017 10:35:53 AM solr.utils.Log doInfoLogging
INFO: 2017/04/22 10:35:53 >> Finished more 100 comments...
2017/04/22 10:36:01 >> Finished more 100 comments...
Apr 22, 2017 10:36:01 AM solr.utils.Log doInfoLogging
INFO: 2017/04/22 10:36:01 >> Finished more 100 comments...
2017/04/22 10:36:09 >> Finished more 100 comments...
Apr 22, 2017 10:36:09 AM solr.utils.Log doInfoLogging
INFO: 2017/04/22 10:36:09 >> Finished more 100 comments...
2017/04/22 10:36:13 >> Finished more 100 comments...
Apr 22, 2017 10:36:13 AM solr.utils.Log doInfoLogging
INFO: 2017/04/22 10:36:13 >> Finished more 100 comments...
2017/04/22 10:36:28 >> Finished more 100 comments...
Apr 22, 2017 10:36:28 AM solr.utils.Log doInfoLogging
INFO: 2017/04/22 10:36:28 >> Finished more 100 comments...
2017/04/22 10:37:04 >> Finished more 100 comments...
Apr 22, 2017 10:37:04 AM solr.utils.Log doInfoLogging
INFO: 2017/04/22 10:37:04 >> Finished more 100 comments...
[main] INFO edu.stanford.nlp.pipeline.ParserAnnotator - WARNING: Parsing of sentence failed, possibly because of out of memory.  Will ignore and continue: tsv | cut - f2 | filter_over.py 3854 | histogram.py # NumSamples = 286082 ; Min = 364.00 ; Max = 3854.00 # Mean = 1528.570602 ; Variance = 383023.489393 ; SD = 618.888915 ; Median 1354.000000 # each Ã cents Ë † Å 1/2 represents a count of 1302 364.0000 - 713.0000 -LSB- 6481 -RSB- : Ã cents Ë † Å 1/2 Ã cents Ë † Å 1/2 Ã cents Ë † Å 1/2 Ã cents Ë † Å 1/2 713.0000 - 1062.0000 -LSB- 54968 -RSB- : Ã cents Ë † Å 1/2 Ã cents Ë † Å 1/2 Ã cents Ë † Å 1/2 Ã cents Ë † Å 1/2 Ã cents Ë † Å 1/2 Ã cents Ë † Å 1/2 Ã cents Ë † Å 1/2 Ã cents Ë † Å 1/2 Ã cents Ë † Å 1/2 Ã cents Ë † Å 1/2 Ã cents Ë † Å 1/2 Ã cents Ë † Å 1/2 Ã cents Ë † Å 1/2 Ã cents Ë † Å 1/2 Ã cents Ë † Å 1/2 Ã cents Ë † Å 1/2 Ã cents Ë † Å 1/2 Ã cents Ë † Å 1/2 Ã cents Ë † Å 1/2 Ã cents Ë † Å 1/2 Ã cents Ë † Å 1/2 Ã cents Ë † Å 1/2 Ã cents Ë † Å 1/2 Ã cents Ë † Å 1/2 Ã cents Ë † Å 1/2 Ã cents Ë † Å 1/2 Ã cents Ë † Å 1/2 Ã cents Ë † Å 1/2 Ã cents Ë † Å 1/2 Ã cents Ë † Å 1/2 Ã cents Ë † Å 1/2 Ã cents Ë † Å 1/2 Ã cents Ë † Å 1/2 Ã cents Ë † Å 1/2 Ã cents Ë † Å 1/2 Ã cents Ë † Å 1/2 Ã cents Ë † Å 1/2 Ã cents Ë † Å 1/2 Ã cents Ë † Å 1/2 Ã cents Ë † Å 1/2 Ã cents Ë † Å 1/2 Ã cents Ë † Å 1/2 1062.0000 - 1411.0000 -LSB- 97715 -RSB- : Ã cents Ë † Å 1/2 Ã cents Ë † Å 1/2 Ã cents Ë † Å 1/2 Ã cents Ë † Å 1/2 Ã cents Ë † Å 1/2 Ã cents Ë † Å 1/2 Ã cents Ë † Å 1/2 Ã cents Ë † Å 1/2 Ã cents Ë † Å 1/2 Ã cents Ë † Å 1/2 Ã cents Ë † Å 1/2 Ã cents Ë † Å 1/2 Ã cents Ë † Å 1/2 Ã cents Ë † Å 1/2 Ã cents Ë † Å 1/2 Ã cents Ë † Å 1/2 Ã cents Ë † Å 1/2 Ã cents Ë † Å 1/2 Ã cents Ë † Å 1/2 Ã cents Ë † Å 1/2 Ã cents Ë † Å 1/2 Ã cents Ë † Å 1/2 Ã cents Ë † Å 1/2 Ã cents Ë † Å 1/2 Ã cents Ë † Å 1/2 Ã cents Ë † Å 1/2 Ã cents Ë † Å 1/2 Ã cents Ë † Å 1/2 Ã cents Ë † Å 1/2 Ã cents Ë † Å 1/2 Ã cents Ë † Å 1/2 Ã cents Ë † Å 1/2 Ã cents Ë † Å 1/2 Ã cents Ë † Å 1/2 Ã cents Ë † Å 1/2 Ã cents Ë † Å 1/2 Ã cents Ë † Å 1/2 Ã cents Ë † Å 1/2 Ã cents Ë † Å 1/2 Ã cents Ë † Å 1/2 Ã cents Ë † Å 1/2 Ã cents Ë † Å 1/2 Ã cents Ë † Å 1/2 Ã cents Ë † Å 1/2 Ã cents Ë † Å 1/2 Ã cents Ë † Å 1/2 Ã cents Ë † Å 1/2 Ã cents Ë † Å 1/2 Ã cents Ë † Å 1/2 Ã cents Ë † Å 1/2 Ã cents Ë † Å 1/2 Ã cents Ë † Å 1/2 Ã cents Ë † Å 1/2 Ã cents Ë † Å 1/2 Ã cents Ë † Å 1/2 Ã cents Ë † Å 1/2 Ã cents Ë † Å 1/2 Ã cents Ë † Å 1/2 Ã cents Ë † Å 1/2 Ã cents Ë † Å 1/2 Ã cents Ë † Å 1/2 Ã cents Ë † Å 1/2 Ã cents Ë † Å 1/2 Ã cents Ë † Å 1/2 Ã cents Ë † Å 1/2 Ã cents Ë † Å 1/2 Ã cents Ë † Å 1/2 Ã cents Ë † Å 1/2 Ã cents Ë † Å 1/2 Ã cents Ë † Å 1/2 Ã cents Ë † Å 1/2 Ã cents Ë † Å 1/2 Ã cents Ë † Å 1/2 Ã cents Ë † Å 1/2 Ã cents Ë † Å 1/2 1411.0000 - 1760.0000 -LSB- 47819 -RSB- : Ã cents Ë † Å 1/2 Ã cents Ë † Å 1/2 Ã cents Ë † Å 1/2 Ã cents Ë † Å 1/2 Ã cents Ë † Å 1/2 Ã cents Ë † Å 1/2 Ã cents Ë † Å 1/2 Ã cents Ë † Å 1/2 Ã cents Ë † Å 1/2 Ã cents Ë † Å 1/2 Ã cents Ë † Å 1/2 Ã cents Ë † Å 1/2 Ã cents Ë † Å 1/2 Ã cents Ë † Å 1/2 Ã cents Ë † Å 1/2 Ã cents Ë † Å 1/2 Ã cents Ë † Å 1/2 Ã cents Ë † Å 1/2 Ã cents Ë † Å 1/2 Ã cents Ë † Å 1/2 Ã cents Ë † Å 1/2 Ã cents Ë † Å 1/2 Ã cents Ë † Å 1/2 Ã cents Ë † Å 1/2 Ã cents Ë † Å 1/2 Ã cents Ë † Å 1/2 Ã cents Ë † Å 1/2 Ã cents Ë † Å 1/2 Ã cents Ë † Å 1/2 Ã cents Ë † Å 1/2 Ã cents Ë † Å 1/2 Ã cents Ë † Å 1/2 Ã cents Ë † Å 1/2 Ã cents Ë † Å 1/2 Ã cents Ë † Å 1/2 Ã cents Ë † Å 1/2 1760.0000 - 2109.0000 -LSB- 33995 -RSB- : Ã cents Ë † Å 1/2 Ã cents Ë † Å 1/2 Ã cents Ë † Å 1/2 Ã cents Ë † Å 1/2 Ã cents Ë † Å 1/2 Ã cents Ë † Å 1/2 Ã cents Ë † Å 1/2 Ã cents Ë † Å 1/2 Ã cents Ë † Å 1/2 Ã cents Ë † Å 1/2 Ã cents Ë † Å 1/2 Ã cents Ë † Å 1/2 Ã cents Ë † Å 1/2 Ã cents Ë † Å 1/2 Ã cents Ë † Å 1/2 Ã cents Ë † Å 1/2 Ã cents Ë † Å 1/2 Ã cents Ë † Å 1/2 Ã cents Ë † Å 1/2 Ã cents Ë † Å 1/2 Ã cents Ë † Å 1/2 Ã cents Ë † Å 1/2 Ã cents Ë † Å 1/2 Ã cents Ë † Å 1/2 Ã cents Ë † Å 1/2 Ã cents Ë † Å 1/2 2109.0000 - 2458.0000 -LSB- 20359 -RSB- : Ã cents Ë † Å 1/2 Ã cents Ë † Å 1/2 Ã cents Ë † Å 1/2 Ã cents Ë † Å 1/2 Ã cents Ë † Å 1/2 Ã cents Ë † Å 1/2 Ã cents Ë † Å 1/2 Ã cents Ë † Å 1/2 Ã cents Ë † Å 1/2 Ã cents Ë † Å 1/2 Ã cents Ë † Å 1/2 Ã cents Ë † Å 1/2 Ã cents Ë † Å 1/2 Ã cents Ë † Å 1/2 Ã cents Ë † Å 1/2 2458.0000 - 2807.0000 -LSB- 9146 -RSB- : Ã cents Ë † Å 1/2 Ã cents Ë † Å 1/2 Ã cents Ë † Å 1/2 Ã cents Ë † Å 1/2 Ã cents Ë † Å 1/2 Ã cents Ë † Å 1/2 Ã cents Ë † Å 1/2 2807.0000 - 3156.0000 -LSB- 7140 -RSB- : Ã cents Ë † Å 1/2 Ã cents Ë † Å 1/2 Ã cents Ë † Å 1/2 Ã cents Ë † Å 1/2 Ã cents Ë † Å 1/2 3156.0000 - 3505.0000 -LSB- 5190 -RSB- : Ã cents Ë † Å 1/2 Ã cents Ë † Å 1/2 Ã cents Ë † Å 1/2 3505.0000 - 3854.0000 -LSB- 3269 -RSB- : Ã cents Ë † Å 1/2 Ã cents Ë † Å 1/2 % cat inittime-new .
[main] INFO edu.stanford.nlp.pipeline.ParserAnnotator - WARNING: Parsing of sentence failed, possibly because of out of memory.  Will ignore and continue: tsv | cut - f2 | filter_over.py 120520 | histogram.py # NumSamples = 441048 ; Min = 782.00 ; Max = 120520.00 # Mean = 24761.689583 ; Variance = 498747007.105553 ; SD = 22332.644427 ; Median 17812.000000 # each Ã cents Ë † Å 1/2 represents a count of 2066 782.0000 - 12755.8000 -LSB- 154994 -RSB- : Ã cents Ë † Å 1/2 Ã cents Ë † Å 1/2 Ã cents Ë † Å 1/2 Ã cents Ë † Å 1/2 Ã cents Ë † Å 1/2 Ã cents Ë † Å 1/2 Ã cents Ë † Å 1/2 Ã cents Ë † Å 1/2 Ã cents Ë † Å 1/2 Ã cents Ë † Å 1/2 Ã cents Ë † Å 1/2 Ã cents Ë † Å 1/2 Ã cents Ë † Å 1/2 Ã cents Ë † Å 1/2 Ã cents Ë † Å 1/2 Ã cents Ë † Å 1/2 Ã cents Ë † Å 1/2 Ã cents Ë † Å 1/2 Ã cents Ë † Å 1/2 Ã cents Ë † Å 1/2 Ã cents Ë † Å 1/2 Ã cents Ë † Å 1/2 Ã cents Ë † Å 1/2 Ã cents Ë † Å 1/2 Ã cents Ë † Å 1/2 Ã cents Ë † Å 1/2 Ã cents Ë † Å 1/2 Ã cents Ë † Å 1/2 Ã cents Ë † Å 1/2 Ã cents Ë † Å 1/2 Ã cents Ë † Å 1/2 Ã cents Ë † Å 1/2 Ã cents Ë † Å 1/2 Ã cents Ë † Å 1/2 Ã cents Ë † Å 1/2 Ã cents Ë † Å 1/2 Ã cents Ë † Å 1/2 Ã cents Ë † Å 1/2 Ã cents Ë † Å 1/2 Ã cents Ë † Å 1/2 Ã cents Ë † Å 1/2 Ã cents Ë † Å 1/2 Ã cents Ë † Å 1/2 Ã cents Ë † Å 1/2 Ã cents Ë † Å 1/2 Ã cents Ë † Å 1/2 Ã cents Ë † Å 1/2 Ã cents Ë † Å 1/2 Ã cents Ë † Å 1/2 Ã cents Ë † Å 1/2 Ã cents Ë † Å 1/2 Ã cents Ë † Å 1/2 Ã cents Ë † Å 1/2 Ã cents Ë † Å 1/2 Ã cents Ë † Å 1/2 Ã cents Ë † Å 1/2 Ã cents Ë † Å 1/2 Ã cents Ë † Å 1/2 Ã cents Ë † Å 1/2 Ã cents Ë † Å 1/2 Ã cents Ë † Å 1/2 Ã cents Ë † Å 1/2 Ã cents Ë † Å 1/2 Ã cents Ë † Å 1/2 Ã cents Ë † Å 1/2 Ã cents Ë † Å 1/2 Ã cents Ë † Å 1/2 Ã cents Ë † Å 1/2 Ã cents Ë † Å 1/2 Ã cents Ë † Å 1/2 Ã cents Ë † Å 1/2 Ã cents Ë † Å 1/2 Ã cents Ë † Å 1/2 Ã cents Ë † Å 1/2 Ã cents Ë † Å 1/2 12755.8000 - 24729.6000 -LSB- 130094 -RSB- : Ã cents Ë † Å 1/2 Ã cents Ë † Å 1/2 Ã cents Ë † Å 1/2 Ã cents Ë † Å 1/2 Ã cents Ë † Å 1/2 Ã cents Ë † Å 1/2 Ã cents Ë † Å 1/2 Ã cents Ë † Å 1/2 Ã cents Ë † Å 1/2 Ã cents Ë † Å 1/2 Ã cents Ë † Å 1/2 Ã cents Ë † Å 1/2 Ã cents Ë † Å 1/2 Ã cents Ë † Å 1/2 Ã cents Ë † Å 1/2 Ã cents Ë † Å 1/2 Ã cents Ë † Å 1/2 Ã cents Ë † Å 1/2 Ã cents Ë † Å 1/2 Ã cents Ë † Å 1/2 Ã cents Ë † Å 1/2 Ã cents Ë † Å 1/2 Ã cents Ë † Å 1/2 Ã cents Ë † Å 1/2 Ã cents Ë † Å 1/2 Ã cents Ë † Å 1/2 Ã cents Ë † Å 1/2 Ã cents Ë † Å 1/2 Ã cents Ë † Å 1/2 Ã cents Ë † Å 1/2 Ã cents Ë † Å 1/2 Ã cents Ë † Å 1/2 Ã cents Ë † Å 1/2 Ã cents Ë † Å 1/2 Ã cents Ë † Å 1/2 Ã cents Ë † Å 1/2 Ã cents Ë † Å 1/2 Ã cents Ë † Å 1/2 Ã cents Ë † Å 1/2 Ã cents Ë † Å 1/2 Ã cents Ë † Å 1/2 Ã cents Ë † Å 1/2 Ã cents Ë † Å 1/2 Ã cents Ë † Å 1/2 Ã cents Ë † Å 1/2 Ã cents Ë † Å 1/2 Ã cents Ë † Å 1/2 Ã cents Ë † Å 1/2 Ã cents Ë † Å 1/2 Ã cents Ë † Å 1/2 Ã cents Ë † Å 1/2 Ã cents Ë † Å 1/2 Ã cents Ë † Å 1/2 Ã cents Ë † Å 1/2 Ã cents Ë † Å 1/2 Ã cents Ë † Å 1/2 Ã cents Ë † Å 1/2 Ã cents Ë † Å 1/2 Ã cents Ë † Å 1/2 Ã cents Ë † Å 1/2 Ã cents Ë † Å 1/2 Ã cents Ë † Å 1/2 24729.6000 - 36703.4000 -LSB- 66790 -RSB- : Ã cents Ë † Å 1/2 Ã cents Ë † Å 1/2 Ã cents Ë † Å 1/2 Ã cents Ë † Å 1/2 Ã cents Ë † Å 1/2 Ã cents Ë † Å 1/2 Ã cents Ë † Å 1/2 Ã cents Ë † Å 1/2 Ã cents Ë † Å 1/2 Ã cents Ë † Å 1/2 Ã cents Ë † Å 1/2 Ã cents Ë † Å 1/2 Ã cents Ë † Å 1/2 Ã cents Ë † Å 1/2 Ã cents Ë † Å 1/2 Ã cents Ë † Å 1/2 Ã cents Ë † Å 1/2 Ã cents Ë † Å 1/2 Ã cents Ë † Å 1/2 Ã cents Ë † Å 1/2 Ã cents Ë † Å 1/2 Ã cents Ë † Å 1/2 Ã cents Ë † Å 1/2 Ã cents Ë † Å 1/2 Ã cents Ë † Å 1/2 Ã cents Ë † Å 1/2 Ã cents Ë † Å 1/2 Ã cents Ë † Å 1/2 Ã cents Ë † Å 1/2 Ã cents Ë † Å 1/2 Ã cents Ë † Å 1/2 Ã cents Ë † Å 1/2 36703.4000 - 48677.2000 -LSB- 30924 -RSB- : Ã cents Ë † Å 1/2 Ã cents Ë † Å 1/2 Ã cents Ë † Å 1/2 Ã cents Ë † Å 1/2 Ã cents Ë † Å 1/2 Ã cents Ë † Å 1/2 Ã cents Ë † Å 1/2 Ã cents Ë † Å 1/2 Ã cents Ë † Å 1/2 Ã cents Ë † Å 1/2 Ã cents Ë † Å 1/2 Ã cents Ë † Å 1/2 Ã cents Ë † Å 1/2 Ã cents Ë † Å 1/2 48677.2000 - 60651.0000 -LSB- 19824 -RSB- : Ã cents Ë † Å 1/2 Ã cents Ë † Å 1/2 Ã cents Ë † Å 1/2 Ã cents Ë † Å 1/2 Ã cents Ë † Å 1/2 Ã cents Ë † Å 1/2 Ã cents Ë † Å 1/2 Ã cents Ë † Å 1/2 Ã cents Ë † Å 1/2 60651.0000 - 72624.8000 -LSB- 14753 -RSB- : Ã cents Ë † Å 1/2 Ã cents Ë † Å 1/2 Ã cents Ë † Å 1/2 Ã cents Ë † Å 1/2 Ã cents Ë † Å 1/2 Ã cents Ë † Å 1/2 Ã cents Ë † Å 1/2 72624.8000 - 84598.6000 -LSB- 9841 -RSB- : Ã cents Ë † Å 1/2 Ã cents Ë † Å 1/2 Ã cents Ë † Å 1/2 Ã cents Ë † Å 1/2 84598.6000 - 96572.4000 -LSB- 6548 -RSB- : Ã cents Ë † Å 1/2 Ã cents Ë † Å 1/2 Ã cents Ë † Å 1/2 96572.4000 - 108546.2000 -LSB- 4308 -RSB- : Ã cents Ë † Å 1/2 Ã cents Ë † Å 1/2 108546.2000 - 120520.0000 -LSB- 2972 -RSB- : Ã cents Ë † Å 1/2 % cat linktime-new .
[main] INFO edu.stanford.nlp.pipeline.ParserAnnotator - WARNING: Parsing of sentence failed, possibly because of out of memory.  Will ignore and continue: tsv | cut - f2 | filter_over.py 128542 | histogram.py # NumSamples = 315976 ; Min = 1042.00 ; Max = 128542.00 # Mean = 25088.756830 ; Variance = 545054671.652663 ; SD = 23346.405969 ; Median 17761.000000 # each Ã cents Ë † Å 1/2 represents a count of 1690 1042.0000 - 13792.0000 -LSB- 126812 -RSB- : Ã cents Ë † Å 1/2 Ã cents Ë † Å 1/2 Ã cents Ë † Å 1/2 Ã cents Ë † Å 1/2 Ã cents Ë † Å 1/2 Ã cents Ë † Å 1/2 Ã cents Ë † Å 1/2 Ã cents Ë † Å 1/2 Ã cents Ë † Å 1/2 Ã cents Ë † Å 1/2 Ã cents Ë † Å 1/2 Ã cents Ë † Å 1/2 Ã cents Ë † Å 1/2 Ã cents Ë † Å 1/2 Ã cents Ë † Å 1/2 Ã cents Ë † Å 1/2 Ã cents Ë † Å 1/2 Ã cents Ë † Å 1/2 Ã cents Ë † Å 1/2 Ã cents Ë † Å 1/2 Ã cents Ë † Å 1/2 Ã cents Ë † Å 1/2 Ã cents Ë † Å 1/2 Ã cents Ë † Å 1/2 Ã cents Ë † Å 1/2 Ã cents Ë † Å 1/2 Ã cents Ë † Å 1/2 Ã cents Ë † Å 1/2 Ã cents Ë † Å 1/2 Ã cents Ë † Å 1/2 Ã cents Ë † Å 1/2 Ã cents Ë † Å 1/2 Ã cents Ë † Å 1/2 Ã cents Ë † Å 1/2 Ã cents Ë † Å 1/2 Ã cents Ë † Å 1/2 Ã cents Ë † Å 1/2 Ã cents Ë † Å 1/2 Ã cents Ë † Å 1/2 Ã cents Ë † Å 1/2 Ã cents Ë † Å 1/2 Ã cents Ë † Å 1/2 Ã cents Ë † Å 1/2 Ã cents Ë † Å 1/2 Ã cents Ë † Å 1/2 Ã cents Ë † Å 1/2 Ã cents Ë † Å 1/2 Ã cents Ë † Å 1/2 Ã cents Ë † Å 1/2 Ã cents Ë † Å 1/2 Ã cents Ë † Å 1/2 Ã cents Ë † Å 1/2 Ã cents Ë † Å 1/2 Ã cents Ë † Å 1/2 Ã cents Ë † Å 1/2 Ã cents Ë † Å 1/2 Ã cents Ë † Å 1/2 Ã cents Ë † Å 1/2 Ã cents Ë † Å 1/2 Ã cents Ë † Å 1/2 Ã cents Ë † Å 1/2 Ã cents Ë † Å 1/2 Ã cents Ë † Å 1/2 Ã cents Ë † Å 1/2 Ã cents Ë † Å 1/2 Ã cents Ë † Å 1/2 Ã cents Ë † Å 1/2 Ã cents Ë † Å 1/2 Ã cents Ë † Å 1/2 Ã cents Ë † Å 1/2 Ã cents Ë † Å 1/2 Ã cents Ë † Å 1/2 Ã cents Ë † Å 1/2 Ã cents Ë † Å 1/2 Ã cents Ë † Å 1/2 13792.0000 - 26542.0000 -LSB- 79922 -RSB- : Ã cents Ë † Å 1/2 Ã cents Ë † Å 1/2 Ã cents Ë † Å 1/2 Ã cents Ë † Å 1/2 Ã cents Ë † Å 1/2 Ã cents Ë † Å 1/2 Ã cents Ë † Å 1/2 Ã cents Ë † Å 1/2 Ã cents Ë † Å 1/2 Ã cents Ë † Å 1/2 Ã cents Ë † Å 1/2 Ã cents Ë † Å 1/2 Ã cents Ë † Å 1/2 Ã cents Ë † Å 1/2 Ã cents Ë † Å 1/2 Ã cents Ë † Å 1/2 Ã cents Ë † Å 1/2 Ã cents Ë † Å 1/2 Ã cents Ë † Å 1/2 Ã cents Ë † Å 1/2 Ã cents Ë † Å 1/2 Ã cents Ë † Å 1/2 Ã cents Ë † Å 1/2 Ã cents Ë † Å 1/2 Ã cents Ë † Å 1/2 Ã cents Ë † Å 1/2 Ã cents Ë † Å 1/2 Ã cents Ë † Å 1/2 Ã cents Ë † Å 1/2 Ã cents Ë † Å 1/2 Ã cents Ë † Å 1/2 Ã cents Ë † Å 1/2 Ã cents Ë † Å 1/2 Ã cents Ë † Å 1/2 Ã cents Ë † Å 1/2 Ã cents Ë † Å 1/2 Ã cents Ë † Å 1/2 Ã cents Ë † Å 1/2 Ã cents Ë † Å 1/2 Ã cents Ë † Å 1/2 Ã cents Ë † Å 1/2 Ã cents Ë † Å 1/2 Ã cents Ë † Å 1/2 Ã cents Ë † Å 1/2 Ã cents Ë † Å 1/2 Ã cents Ë † Å 1/2 Ã cents Ë † Å 1/2 26542.0000 - 39292.0000 -LSB- 45863 -RSB- : Ã cents Ë † Å 1/2 Ã cents Ë † Å 1/2 Ã cents Ë † Å 1/2 Ã cents Ë † Å 1/2 Ã cents Ë † Å 1/2 Ã cents Ë † Å 1/2 Ã cents Ë † Å 1/2 Ã cents Ë † Å 1/2 Ã cents Ë † Å 1/2 Ã cents Ë † Å 1/2 Ã cents Ë † Å 1/2 Ã cents Ë † Å 1/2 Ã cents Ë † Å 1/2 Ã cents Ë † Å 1/2 Ã cents Ë † Å 1/2 Ã cents Ë † Å 1/2 Ã cents Ë † Å 1/2 Ã cents Ë † Å 1/2 Ã cents Ë † Å 1/2 Ã cents Ë † Å 1/2 Ã cents Ë † Å 1/2 Ã cents Ë † Å 1/2 Ã cents Ë † Å 1/2 Ã cents Ë † Å 1/2 Ã cents Ë † Å 1/2 Ã cents Ë † Å 1/2 Ã cents Ë † Å 1/2 39292.0000 - 52042.0000 -LSB- 23653 -RSB- : Ã cents Ë † Å 1/2 Ã cents Ë † Å 1/2 Ã cents Ë † Å 1/2 Ã cents Ë † Å 1/2 Ã cents Ë † Å 1/2 Ã cents Ë † Å 1/2 Ã cents Ë † Å 1/2 Ã cents Ë † Å 1/2 Ã cents Ë † Å 1/2 Ã cents Ë † Å 1/2 Ã cents Ë † Å 1/2 Ã cents Ë † Å 1/2 Ã cents Ë † Å 1/2 52042.0000 - 64792.0000 -LSB- 16118 -RSB- : Ã cents Ë † Å 1/2 Ã cents Ë † Å 1/2 Ã cents Ë † Å 1/2 Ã cents Ë † Å 1/2 Ã cents Ë † Å 1/2 Ã cents Ë † Å 1/2 Ã cents Ë † Å 1/2 Ã cents Ë † Å 1/2 Ã cents Ë † Å 1/2 64792.0000 - 77542.0000 -LSB- 9520 -RSB- : Ã cents Ë † Å 1/2 Ã cents Ë † Å 1/2 Ã cents Ë † Å 1/2 Ã cents Ë † Å 1/2 Ã cents Ë † Å 1/2 77542.0000 - 90292.0000 -LSB- 5989 -RSB- : Ã cents Ë † Å 1/2 Ã cents Ë † Å 1/2 Ã cents Ë † Å 1/2 90292.0000 - 103042.0000 -LSB- 3785 -RSB- : Ã cents Ë † Å 1/2 Ã cents Ë † Å 1/2 103042.0000 - 115792.0000 -LSB- 2512 -RSB- : Ã cents Ë † Å 1/2 115792.0000 - 128542.0000 -LSB- 1802 -RSB- : Ã cents Ë † Å 1/2 % cat linktime-old .
2017/04/22 20:58:41 >> Finished more 100 comments...
Apr 22, 2017 8:58:41 PM solr.utils.Log doInfoLogging
INFO: 2017/04/22 20:58:41 >> Finished more 100 comments...
2017/04/22 20:58:50 >> Finished more 100 comments...
Apr 22, 2017 8:58:50 PM solr.utils.Log doInfoLogging
INFO: 2017/04/22 20:58:50 >> Finished more 100 comments...
2017/04/22 21:04:11 >> Finished more 100 comments...
Apr 22, 2017 9:04:11 PM solr.utils.Log doInfoLogging
INFO: 2017/04/22 21:04:11 >> Finished more 100 comments...
2017/04/22 21:04:17 >> Finished more 100 comments...
Apr 22, 2017 9:04:17 PM solr.utils.Log doInfoLogging
INFO: 2017/04/22 21:04:17 >> Finished more 100 comments...
2017/04/22 21:04:20 >> Finished more 100 comments...
Apr 22, 2017 9:04:20 PM solr.utils.Log doInfoLogging
INFO: 2017/04/22 21:04:20 >> Finished more 100 comments...
2017/04/22 21:04:23 >> Finished more 100 comments...
Apr 22, 2017 9:04:23 PM solr.utils.Log doInfoLogging
INFO: 2017/04/22 21:04:23 >> Finished more 100 comments...
2017/04/22 21:04:30 >> Finished more 100 comments...
Apr 22, 2017 9:04:30 PM solr.utils.Log doInfoLogging
INFO: 2017/04/22 21:04:30 >> Finished more 100 comments...
2017/04/22 21:04:37 >> Finished more 100 comments...
Apr 22, 2017 9:04:37 PM solr.utils.Log doInfoLogging
INFO: 2017/04/22 21:04:37 >> Finished more 100 comments...
2017/04/22 21:06:00 >> Finished more 100 comments...
Apr 22, 2017 9:06:00 PM solr.utils.Log doInfoLogging
INFO: 2017/04/22 21:06:00 >> Finished more 100 comments...
2017/04/22 21:06:11 >> Finished more 100 comments...
Apr 22, 2017 9:06:11 PM solr.utils.Log doInfoLogging
INFO: 2017/04/22 21:06:11 >> Finished more 100 comments...
2017/04/22 21:06:20 >> Finished more 100 comments...
Apr 22, 2017 9:06:20 PM solr.utils.Log doInfoLogging
INFO: 2017/04/22 21:06:20 >> Finished more 100 comments...
2017/04/22 21:06:25 >> Finished more 100 comments...
Apr 22, 2017 9:06:25 PM solr.utils.Log doInfoLogging
INFO: 2017/04/22 21:06:25 >> Finished more 100 comments...
2017/04/22 21:07:05 >> Finished more 100 comments...
Apr 22, 2017 9:07:05 PM solr.utils.Log doInfoLogging
INFO: 2017/04/22 21:07:05 >> Finished more 100 comments...
2017/04/22 21:07:09 >> Finished more 100 comments...
Apr 22, 2017 9:07:09 PM solr.utils.Log doInfoLogging
INFO: 2017/04/22 21:07:09 >> Finished more 100 comments...
2017/04/22 21:07:19 >> Finished more 100 comments...
Apr 22, 2017 9:07:19 PM solr.utils.Log doInfoLogging
INFO: 2017/04/22 21:07:19 >> Finished more 100 comments...
2017/04/22 21:07:24 >> Finished more 100 comments...
Apr 22, 2017 9:07:24 PM solr.utils.Log doInfoLogging
INFO: 2017/04/22 21:07:24 >> Finished more 100 comments...
2017/04/22 21:07:37 >> Finished more 100 comments...
Apr 22, 2017 9:07:37 PM solr.utils.Log doInfoLogging
INFO: 2017/04/22 21:07:37 >> Finished more 100 comments...
2017/04/22 21:07:52 >> Finished more 100 comments...
Apr 22, 2017 9:07:52 PM solr.utils.Log doInfoLogging
INFO: 2017/04/22 21:07:52 >> Finished more 100 comments...
2017/04/22 21:07:59 >> Finished more 100 comments...
Apr 22, 2017 9:07:59 PM solr.utils.Log doInfoLogging
INFO: 2017/04/22 21:07:59 >> Finished more 100 comments...
2017/04/22 21:08:13 >> Finished more 100 comments...
Apr 22, 2017 9:08:13 PM solr.utils.Log doInfoLogging
INFO: 2017/04/22 21:08:13 >> Finished more 100 comments...
2017/04/22 21:08:24 >> Finished more 100 comments...
Apr 22, 2017 9:08:24 PM solr.utils.Log doInfoLogging
INFO: 2017/04/22 21:08:24 >> Finished more 100 comments...
2017/04/22 21:08:35 >> Finished more 100 comments...
Apr 22, 2017 9:08:35 PM solr.utils.Log doInfoLogging
INFO: 2017/04/22 21:08:35 >> Finished more 100 comments...
2017/04/22 21:08:41 >> Finished more 100 comments...
Apr 22, 2017 9:08:41 PM solr.utils.Log doInfoLogging
INFO: 2017/04/22 21:08:41 >> Finished more 100 comments...
2017/04/22 21:08:47 >> Finished more 100 comments...
Apr 22, 2017 9:08:47 PM solr.utils.Log doInfoLogging
INFO: 2017/04/22 21:08:47 >> Finished more 100 comments...
2017/04/22 21:08:53 >> Finished more 100 comments...
Apr 22, 2017 9:08:53 PM solr.utils.Log doInfoLogging
INFO: 2017/04/22 21:08:53 >> Finished more 100 comments...
2017/04/22 21:08:56 >> Finished more 100 comments...
Apr 22, 2017 9:08:56 PM solr.utils.Log doInfoLogging
INFO: 2017/04/22 21:08:56 >> Finished more 100 comments...
2017/04/22 21:09:24 >> Finished more 100 comments...
Apr 22, 2017 9:09:24 PM solr.utils.Log doInfoLogging
INFO: 2017/04/22 21:09:24 >> Finished more 100 comments...
2017/04/22 21:09:31 >> Finished more 100 comments...
Apr 22, 2017 9:09:31 PM solr.utils.Log doInfoLogging
INFO: 2017/04/22 21:09:31 >> Finished more 100 comments...
2017/04/22 21:09:38 >> Finished more 100 comments...
Apr 22, 2017 9:09:38 PM solr.utils.Log doInfoLogging
INFO: 2017/04/22 21:09:38 >> Finished more 100 comments...
2017/04/22 21:09:51 >> Finished more 100 comments...
Apr 22, 2017 9:09:51 PM solr.utils.Log doInfoLogging
INFO: 2017/04/22 21:09:51 >> Finished more 100 comments...
2017/04/22 21:09:57 >> Finished more 100 comments...
Apr 22, 2017 9:09:57 PM solr.utils.Log doInfoLogging
INFO: 2017/04/22 21:09:57 >> Finished more 100 comments...
2017/04/22 21:10:03 >> Finished more 100 comments...
Apr 22, 2017 9:10:03 PM solr.utils.Log doInfoLogging
INFO: 2017/04/22 21:10:03 >> Finished more 100 comments...
2017/04/22 21:10:09 >> Finished more 100 comments...
Apr 22, 2017 9:10:09 PM solr.utils.Log doInfoLogging
INFO: 2017/04/22 21:10:09 >> Finished more 100 comments...
2017/04/22 21:10:23 >> Finished more 100 comments...
Apr 22, 2017 9:10:23 PM solr.utils.Log doInfoLogging
INFO: 2017/04/22 21:10:23 >> Finished more 100 comments...
2017/04/22 21:10:25 >> Finished more 100 comments...
Apr 22, 2017 9:10:25 PM solr.utils.Log doInfoLogging
INFO: 2017/04/22 21:10:25 >> Finished more 100 comments...
2017/04/22 21:10:30 >> Finished more 100 comments...
Apr 22, 2017 9:10:30 PM solr.utils.Log doInfoLogging
INFO: 2017/04/22 21:10:30 >> Finished more 100 comments...
2017/04/22 21:10:36 >> Finished more 100 comments...
Apr 22, 2017 9:10:36 PM solr.utils.Log doInfoLogging
INFO: 2017/04/22 21:10:36 >> Finished more 100 comments...
2017/04/22 21:10:40 >> Finished more 100 comments...
Apr 22, 2017 9:10:40 PM solr.utils.Log doInfoLogging
INFO: 2017/04/22 21:10:40 >> Finished more 100 comments...
2017/04/22 21:10:45 >> Finished more 100 comments...
Apr 22, 2017 9:10:45 PM solr.utils.Log doInfoLogging
INFO: 2017/04/22 21:10:45 >> Finished more 100 comments...
2017/04/22 21:10:49 >> Finished more 100 comments...
Apr 22, 2017 9:10:49 PM solr.utils.Log doInfoLogging
INFO: 2017/04/22 21:10:49 >> Finished more 100 comments...
2017/04/22 21:10:54 >> Finished more 100 comments...
Apr 22, 2017 9:10:54 PM solr.utils.Log doInfoLogging
INFO: 2017/04/22 21:10:54 >> Finished more 100 comments...
2017/04/22 21:10:57 >> Finished more 100 comments...
Apr 22, 2017 9:10:57 PM solr.utils.Log doInfoLogging
INFO: 2017/04/22 21:10:57 >> Finished more 100 comments...
2017/04/22 21:11:44 >> Finished more 100 comments...
Apr 22, 2017 9:11:44 PM solr.utils.Log doInfoLogging
INFO: 2017/04/22 21:11:44 >> Finished more 100 comments...
2017/04/22 21:11:46 >> Finished more 100 comments...
Apr 22, 2017 9:11:46 PM solr.utils.Log doInfoLogging
INFO: 2017/04/22 21:11:46 >> Finished more 100 comments...
2017/04/22 21:11:49 >> Finished more 100 comments...
Apr 22, 2017 9:11:49 PM solr.utils.Log doInfoLogging
INFO: 2017/04/22 21:11:49 >> Finished more 100 comments...
2017/04/22 21:11:59 >> Finished more 100 comments...
Apr 22, 2017 9:11:59 PM solr.utils.Log doInfoLogging
INFO: 2017/04/22 21:11:59 >> Finished more 100 comments...
2017/04/22 21:12:03 >> Finished more 100 comments...
Apr 22, 2017 9:12:03 PM solr.utils.Log doInfoLogging
INFO: 2017/04/22 21:12:03 >> Finished more 100 comments...
2017/04/22 21:12:09 >> Finished more 100 comments...
Apr 22, 2017 9:12:09 PM solr.utils.Log doInfoLogging
INFO: 2017/04/22 21:12:09 >> Finished more 100 comments...
2017/04/22 21:12:15 >> Finished more 100 comments...
Apr 22, 2017 9:12:15 PM solr.utils.Log doInfoLogging
INFO: 2017/04/22 21:12:15 >> Finished more 100 comments...
2017/04/22 21:12:21 >> Finished more 100 comments...
Apr 22, 2017 9:12:21 PM solr.utils.Log doInfoLogging
INFO: 2017/04/22 21:12:21 >> Finished more 100 comments...
2017/04/22 21:13:27 >> Finished more 100 comments...
Apr 22, 2017 9:13:27 PM solr.utils.Log doInfoLogging
INFO: 2017/04/22 21:13:27 >> Finished more 100 comments...
2017/04/22 21:15:31 >> Finished more 100 comments...
Apr 22, 2017 9:15:31 PM solr.utils.Log doInfoLogging
INFO: 2017/04/22 21:15:31 >> Finished more 100 comments...
2017/04/22 21:15:38 >> Finished more 100 comments...
Apr 22, 2017 9:15:38 PM solr.utils.Log doInfoLogging
INFO: 2017/04/22 21:15:38 >> Finished more 100 comments...
2017/04/22 21:15:42 >> Finished more 100 comments...
Apr 22, 2017 9:15:42 PM solr.utils.Log doInfoLogging
INFO: 2017/04/22 21:15:42 >> Finished more 100 comments...
2017/04/22 21:15:46 >> Finished more 100 comments...
Apr 22, 2017 9:15:46 PM solr.utils.Log doInfoLogging
INFO: 2017/04/22 21:15:46 >> Finished more 100 comments...
2017/04/22 21:15:49 >> Finished more 100 comments...
Apr 22, 2017 9:15:49 PM solr.utils.Log doInfoLogging
INFO: 2017/04/22 21:15:49 >> Finished more 100 comments...
2017/04/22 21:15:56 >> Finished more 100 comments...
Apr 22, 2017 9:15:56 PM solr.utils.Log doInfoLogging
INFO: 2017/04/22 21:15:56 >> Finished more 100 comments...
2017/04/22 21:16:03 >> Finished more 100 comments...
Apr 22, 2017 9:16:03 PM solr.utils.Log doInfoLogging
INFO: 2017/04/22 21:16:03 >> Finished more 100 comments...
2017/04/22 21:16:09 >> Finished more 100 comments...
Apr 22, 2017 9:16:09 PM solr.utils.Log doInfoLogging
INFO: 2017/04/22 21:16:09 >> Finished more 100 comments...
2017/04/22 21:16:16 >> Finished more 100 comments...
Apr 22, 2017 9:16:16 PM solr.utils.Log doInfoLogging
INFO: 2017/04/22 21:16:16 >> Finished more 100 comments...
2017/04/22 21:16:21 >> Finished more 100 comments...
Apr 22, 2017 9:16:21 PM solr.utils.Log doInfoLogging
INFO: 2017/04/22 21:16:21 >> Finished more 100 comments...
2017/04/22 21:16:26 >> Finished more 100 comments...
Apr 22, 2017 9:16:26 PM solr.utils.Log doInfoLogging
INFO: 2017/04/22 21:16:26 >> Finished more 100 comments...
2017/04/22 21:16:35 >> Finished more 100 comments...
Apr 22, 2017 9:16:35 PM solr.utils.Log doInfoLogging
INFO: 2017/04/22 21:16:35 >> Finished more 100 comments...
2017/04/22 21:16:49 >> Finished more 100 comments...
Apr 22, 2017 9:16:49 PM solr.utils.Log doInfoLogging
INFO: 2017/04/22 21:16:49 >> Finished more 100 comments...
2017/04/22 21:17:12 >> Finished more 100 comments...
Apr 22, 2017 9:17:12 PM solr.utils.Log doInfoLogging
INFO: 2017/04/22 21:17:12 >> Finished more 100 comments...
2017/04/22 21:17:32 >> Finished more 100 comments...
Apr 22, 2017 9:17:32 PM solr.utils.Log doInfoLogging
INFO: 2017/04/22 21:17:32 >> Finished more 100 comments...
2017/04/22 21:17:37 >> Finished more 100 comments...
Apr 22, 2017 9:17:37 PM solr.utils.Log doInfoLogging
INFO: 2017/04/22 21:17:37 >> Finished more 100 comments...
2017/04/22 21:17:41 >> Finished more 100 comments...
Apr 22, 2017 9:17:41 PM solr.utils.Log doInfoLogging
INFO: 2017/04/22 21:17:41 >> Finished more 100 comments...
2017/04/22 21:17:49 >> Finished more 100 comments...
Apr 22, 2017 9:17:49 PM solr.utils.Log doInfoLogging
INFO: 2017/04/22 21:17:49 >> Finished more 100 comments...
2017/04/22 21:17:54 >> Finished more 100 comments...
Apr 22, 2017 9:17:54 PM solr.utils.Log doInfoLogging
INFO: 2017/04/22 21:17:54 >> Finished more 100 comments...
2017/04/22 21:17:59 >> Finished more 100 comments...
Apr 22, 2017 9:17:59 PM solr.utils.Log doInfoLogging
INFO: 2017/04/22 21:17:59 >> Finished more 100 comments...
2017/04/22 21:18:04 >> Finished more 100 comments...
Apr 22, 2017 9:18:04 PM solr.utils.Log doInfoLogging
INFO: 2017/04/22 21:18:04 >> Finished more 100 comments...
2017/04/22 21:18:17 >> Finished SolrSearchQuestion!
