Error: Unable to access jarfile solrSearchQuestion.jar
2017/04/21 07:02:01 >> Started SolrSearchQuestion: start = 10000...
Starting the StanfordNLP API...
[main] INFO edu.stanford.nlp.pipeline.StanfordCoreNLP - Adding annotator tokenize
[main] INFO edu.stanford.nlp.pipeline.TokenizerAnnotator - No tokenizer type provided. Defaulting to PTBTokenizer.
[main] INFO edu.stanford.nlp.pipeline.StanfordCoreNLP - Adding annotator ssplit
[main] INFO edu.stanford.nlp.pipeline.StanfordCoreNLP - Adding annotator parse
[main] INFO edu.stanford.nlp.parser.common.ParserGrammar - Loading parser from serialized file edu/stanford/nlp/models/lexparser/englishPCFG.ser.gz ... done [0.5 sec].
Finished starting the StanfordNLP API!
2017/04/21 07:02:04 >> Finished more 100 comments...
Apr 21, 2017 7:02:04 AM solr.utils.Log doInfoLogging
INFO: 2017/04/21 07:02:04 >> Finished more 100 comments...
2017/04/21 07:02:15 >> Finished more 100 comments...
Apr 21, 2017 7:02:15 AM solr.utils.Log doInfoLogging
INFO: 2017/04/21 07:02:15 >> Finished more 100 comments...
2017/04/21 07:02:37 >> Finished more 100 comments...
Apr 21, 2017 7:02:37 AM solr.utils.Log doInfoLogging
INFO: 2017/04/21 07:02:37 >> Finished more 100 comments...
2017/04/21 07:02:55 >> Finished more 100 comments...
Apr 21, 2017 7:02:55 AM solr.utils.Log doInfoLogging
INFO: 2017/04/21 07:02:55 >> Finished more 100 comments...
2017/04/21 07:03:01 >> Finished more 100 comments...
Apr 21, 2017 7:03:01 AM solr.utils.Log doInfoLogging
INFO: 2017/04/21 07:03:01 >> Finished more 100 comments...
2017/04/21 07:03:04 >> Finished more 100 comments...
Apr 21, 2017 7:03:04 AM solr.utils.Log doInfoLogging
INFO: 2017/04/21 07:03:04 >> Finished more 100 comments...
2017/04/21 07:03:09 >> Finished more 100 comments...
Apr 21, 2017 7:03:09 AM solr.utils.Log doInfoLogging
INFO: 2017/04/21 07:03:09 >> Finished more 100 comments...
2017/04/21 07:03:15 >> Finished more 100 comments...
Apr 21, 2017 7:03:15 AM solr.utils.Log doInfoLogging
INFO: 2017/04/21 07:03:15 >> Finished more 100 comments...
2017/04/21 07:03:25 >> Finished more 100 comments...
Apr 21, 2017 7:03:25 AM solr.utils.Log doInfoLogging
INFO: 2017/04/21 07:03:25 >> Finished more 100 comments...
2017/04/21 07:03:32 >> Finished more 100 comments...
Apr 21, 2017 7:03:32 AM solr.utils.Log doInfoLogging
INFO: 2017/04/21 07:03:32 >> Finished more 100 comments...
2017/04/21 07:03:40 >> Finished more 100 comments...
Apr 21, 2017 7:03:40 AM solr.utils.Log doInfoLogging
INFO: 2017/04/21 07:03:40 >> Finished more 100 comments...
2017/04/21 07:03:45 >> Finished more 100 comments...
Apr 21, 2017 7:03:45 AM solr.utils.Log doInfoLogging
INFO: 2017/04/21 07:03:45 >> Finished more 100 comments...
2017/04/21 07:04:19 >> Finished more 100 comments...
Apr 21, 2017 7:04:19 AM solr.utils.Log doInfoLogging
INFO: 2017/04/21 07:04:19 >> Finished more 100 comments...
2017/04/21 07:04:24 >> Finished more 100 comments...
Apr 21, 2017 7:04:24 AM solr.utils.Log doInfoLogging
INFO: 2017/04/21 07:04:24 >> Finished more 100 comments...
2017/04/21 07:04:29 >> Finished more 100 comments...
Apr 21, 2017 7:04:29 AM solr.utils.Log doInfoLogging
INFO: 2017/04/21 07:04:29 >> Finished more 100 comments...
2017/04/21 07:06:11 >> Finished more 100 comments...
Apr 21, 2017 7:06:11 AM solr.utils.Log doInfoLogging
INFO: 2017/04/21 07:06:11 >> Finished more 100 comments...
2017/04/21 07:06:14 >> Finished more 100 comments...
Apr 21, 2017 7:06:14 AM solr.utils.Log doInfoLogging
INFO: 2017/04/21 07:06:14 >> Finished more 100 comments...
2017/04/21 07:06:24 >> Finished more 100 comments...
Apr 21, 2017 7:06:24 AM solr.utils.Log doInfoLogging
INFO: 2017/04/21 07:06:24 >> Finished more 100 comments...
2017/04/21 07:06:34 >> Finished more 100 comments...
Apr 21, 2017 7:06:34 AM solr.utils.Log doInfoLogging
INFO: 2017/04/21 07:06:34 >> Finished more 100 comments...
2017/04/21 07:06:39 >> Finished more 100 comments...
Apr 21, 2017 7:06:39 AM solr.utils.Log doInfoLogging
INFO: 2017/04/21 07:06:39 >> Finished more 100 comments...
2017/04/21 07:06:41 >> Finished more 100 comments...
Apr 21, 2017 7:06:41 AM solr.utils.Log doInfoLogging
INFO: 2017/04/21 07:06:41 >> Finished more 100 comments...
2017/04/21 07:08:22 >> Finished more 100 comments...
Apr 21, 2017 7:08:22 AM solr.utils.Log doInfoLogging
INFO: 2017/04/21 07:08:22 >> Finished more 100 comments...
2017/04/21 07:08:28 >> Finished more 100 comments...
Apr 21, 2017 7:08:28 AM solr.utils.Log doInfoLogging
INFO: 2017/04/21 07:08:28 >> Finished more 100 comments...
2017/04/21 07:08:33 >> Finished more 100 comments...
Apr 21, 2017 7:08:33 AM solr.utils.Log doInfoLogging
INFO: 2017/04/21 07:08:33 >> Finished more 100 comments...
2017/04/21 07:09:04 >> Finished more 100 comments...
Apr 21, 2017 7:09:04 AM solr.utils.Log doInfoLogging
INFO: 2017/04/21 07:09:04 >> Finished more 100 comments...
2017/04/21 07:09:08 >> Finished more 100 comments...
Apr 21, 2017 7:09:08 AM solr.utils.Log doInfoLogging
INFO: 2017/04/21 07:09:08 >> Finished more 100 comments...
2017/04/21 07:09:12 >> Finished more 100 comments...
Apr 21, 2017 7:09:12 AM solr.utils.Log doInfoLogging
INFO: 2017/04/21 07:09:12 >> Finished more 100 comments...
2017/04/21 07:09:17 >> Finished more 100 comments...
Apr 21, 2017 7:09:17 AM solr.utils.Log doInfoLogging
INFO: 2017/04/21 07:09:17 >> Finished more 100 comments...
2017/04/21 07:09:31 >> Finished more 100 comments...
Apr 21, 2017 7:09:31 AM solr.utils.Log doInfoLogging
INFO: 2017/04/21 07:09:31 >> Finished more 100 comments...
2017/04/21 07:09:36 >> Finished more 100 comments...
Apr 21, 2017 7:09:36 AM solr.utils.Log doInfoLogging
INFO: 2017/04/21 07:09:36 >> Finished more 100 comments...
2017/04/21 07:09:40 >> Finished more 100 comments...
Apr 21, 2017 7:09:40 AM solr.utils.Log doInfoLogging
INFO: 2017/04/21 07:09:40 >> Finished more 100 comments...
2017/04/21 07:09:44 >> Finished more 100 comments...
Apr 21, 2017 7:09:44 AM solr.utils.Log doInfoLogging
INFO: 2017/04/21 07:09:44 >> Finished more 100 comments...
2017/04/21 07:09:50 >> Finished more 100 comments...
Apr 21, 2017 7:09:50 AM solr.utils.Log doInfoLogging
INFO: 2017/04/21 07:09:50 >> Finished more 100 comments...
2017/04/21 07:28:06 >> Finished more 100 comments...
Apr 21, 2017 7:28:06 AM solr.utils.Log doInfoLogging
INFO: 2017/04/21 07:28:06 >> Finished more 100 comments...
2017/04/21 07:28:19 >> Finished more 100 comments...
Apr 21, 2017 7:28:19 AM solr.utils.Log doInfoLogging
INFO: 2017/04/21 07:28:19 >> Finished more 100 comments...
2017/04/21 07:28:24 >> Finished more 100 comments...
Apr 21, 2017 7:28:24 AM solr.utils.Log doInfoLogging
INFO: 2017/04/21 07:28:24 >> Finished more 100 comments...
2017/04/21 07:28:29 >> Finished more 100 comments...
Apr 21, 2017 7:28:29 AM solr.utils.Log doInfoLogging
INFO: 2017/04/21 07:28:29 >> Finished more 100 comments...
2017/04/21 07:28:34 >> Finished more 100 comments...
Apr 21, 2017 7:28:34 AM solr.utils.Log doInfoLogging
INFO: 2017/04/21 07:28:34 >> Finished more 100 comments...
2017/04/21 07:28:46 >> Finished more 100 comments...
Apr 21, 2017 7:28:46 AM solr.utils.Log doInfoLogging
INFO: 2017/04/21 07:28:46 >> Finished more 100 comments...
2017/04/21 07:33:05 >> Finished more 100 comments...
Apr 21, 2017 7:33:05 AM solr.utils.Log doInfoLogging
INFO: 2017/04/21 07:33:05 >> Finished more 100 comments...
2017/04/21 07:33:26 >> Finished more 100 comments...
Apr 21, 2017 7:33:26 AM solr.utils.Log doInfoLogging
INFO: 2017/04/21 07:33:26 >> Finished more 100 comments...
2017/04/21 07:33:33 >> Finished more 100 comments...
Apr 21, 2017 7:33:33 AM solr.utils.Log doInfoLogging
INFO: 2017/04/21 07:33:33 >> Finished more 100 comments...
2017/04/21 07:33:42 >> Finished more 100 comments...
Apr 21, 2017 7:33:42 AM solr.utils.Log doInfoLogging
INFO: 2017/04/21 07:33:42 >> Finished more 100 comments...
2017/04/21 07:33:47 >> Finished more 100 comments...
Apr 21, 2017 7:33:47 AM solr.utils.Log doInfoLogging
INFO: 2017/04/21 07:33:47 >> Finished more 100 comments...
2017/04/21 07:33:50 >> Finished more 100 comments...
Apr 21, 2017 7:33:50 AM solr.utils.Log doInfoLogging
INFO: 2017/04/21 07:33:50 >> Finished more 100 comments...
2017/04/21 07:33:59 >> Finished more 100 comments...
Apr 21, 2017 7:33:59 AM solr.utils.Log doInfoLogging
INFO: 2017/04/21 07:33:59 >> Finished more 100 comments...
2017/04/21 07:34:03 >> Finished more 100 comments...
Apr 21, 2017 7:34:03 AM solr.utils.Log doInfoLogging
INFO: 2017/04/21 07:34:03 >> Finished more 100 comments...
2017/04/21 07:34:16 >> Finished more 100 comments...
Apr 21, 2017 7:34:16 AM solr.utils.Log doInfoLogging
INFO: 2017/04/21 07:34:16 >> Finished more 100 comments...
2017/04/21 07:34:18 >> Finished more 100 comments...
Apr 21, 2017 7:34:18 AM solr.utils.Log doInfoLogging
INFO: 2017/04/21 07:34:18 >> Finished more 100 comments...
2017/04/21 07:34:22 >> Finished more 100 comments...
Apr 21, 2017 7:34:22 AM solr.utils.Log doInfoLogging
INFO: 2017/04/21 07:34:22 >> Finished more 100 comments...
2017/04/21 07:34:27 >> Finished more 100 comments...
Apr 21, 2017 7:34:27 AM solr.utils.Log doInfoLogging
INFO: 2017/04/21 07:34:27 >> Finished more 100 comments...
2017/04/21 07:34:40 >> Finished more 100 comments...
Apr 21, 2017 7:34:40 AM solr.utils.Log doInfoLogging
INFO: 2017/04/21 07:34:40 >> Finished more 100 comments...
2017/04/21 07:34:47 >> Finished more 100 comments...
Apr 21, 2017 7:34:47 AM solr.utils.Log doInfoLogging
INFO: 2017/04/21 07:34:47 >> Finished more 100 comments...
2017/04/21 07:34:59 >> Finished more 100 comments...
Apr 21, 2017 7:34:59 AM solr.utils.Log doInfoLogging
INFO: 2017/04/21 07:34:59 >> Finished more 100 comments...
2017/04/21 07:35:03 >> Finished more 100 comments...
Apr 21, 2017 7:35:03 AM solr.utils.Log doInfoLogging
INFO: 2017/04/21 07:35:03 >> Finished more 100 comments...
2017/04/21 07:35:22 >> Finished more 100 comments...
Apr 21, 2017 7:35:22 AM solr.utils.Log doInfoLogging
INFO: 2017/04/21 07:35:22 >> Finished more 100 comments...
2017/04/21 07:35:32 >> Finished more 100 comments...
Apr 21, 2017 7:35:32 AM solr.utils.Log doInfoLogging
INFO: 2017/04/21 07:35:32 >> Finished more 100 comments...
2017/04/21 07:39:21 >> Finished more 100 comments...
Apr 21, 2017 7:39:21 AM solr.utils.Log doInfoLogging
INFO: 2017/04/21 07:39:21 >> Finished more 100 comments...
2017/04/21 07:39:31 >> Finished more 100 comments...
Apr 21, 2017 7:39:31 AM solr.utils.Log doInfoLogging
INFO: 2017/04/21 07:39:31 >> Finished more 100 comments...
2017/04/21 07:39:37 >> Finished more 100 comments...
Apr 21, 2017 7:39:37 AM solr.utils.Log doInfoLogging
INFO: 2017/04/21 07:39:37 >> Finished more 100 comments...
2017/04/21 07:40:05 >> Finished more 100 comments...
Apr 21, 2017 7:40:05 AM solr.utils.Log doInfoLogging
INFO: 2017/04/21 07:40:05 >> Finished more 100 comments...
2017/04/21 07:40:11 >> Finished more 100 comments...
Apr 21, 2017 7:40:11 AM solr.utils.Log doInfoLogging
INFO: 2017/04/21 07:40:11 >> Finished more 100 comments...
2017/04/21 07:40:22 >> Finished more 100 comments...
Apr 21, 2017 7:40:22 AM solr.utils.Log doInfoLogging
INFO: 2017/04/21 07:40:22 >> Finished more 100 comments...
2017/04/21 07:41:26 >> Finished more 100 comments...
Apr 21, 2017 7:41:26 AM solr.utils.Log doInfoLogging
INFO: 2017/04/21 07:41:26 >> Finished more 100 comments...
2017/04/21 07:41:31 >> Finished more 100 comments...
Apr 21, 2017 7:41:31 AM solr.utils.Log doInfoLogging
INFO: 2017/04/21 07:41:31 >> Finished more 100 comments...
2017/04/21 07:41:36 >> Finished more 100 comments...
Apr 21, 2017 7:41:36 AM solr.utils.Log doInfoLogging
INFO: 2017/04/21 07:41:36 >> Finished more 100 comments...
2017/04/21 07:42:59 >> Finished more 100 comments...
Apr 21, 2017 7:42:59 AM solr.utils.Log doInfoLogging
INFO: 2017/04/21 07:42:59 >> Finished more 100 comments...
2017/04/21 07:43:20 >> Finished more 100 comments...
Apr 21, 2017 7:43:20 AM solr.utils.Log doInfoLogging
INFO: 2017/04/21 07:43:20 >> Finished more 100 comments...
2017/04/21 07:44:00 >> Finished more 100 comments...
Apr 21, 2017 7:44:00 AM solr.utils.Log doInfoLogging
INFO: 2017/04/21 07:44:00 >> Finished more 100 comments...
2017/04/21 07:44:13 >> Finished more 100 comments...
Apr 21, 2017 7:44:13 AM solr.utils.Log doInfoLogging
INFO: 2017/04/21 07:44:13 >> Finished more 100 comments...
2017/04/21 07:44:16 >> Finished more 100 comments...
Apr 21, 2017 7:44:16 AM solr.utils.Log doInfoLogging
INFO: 2017/04/21 07:44:16 >> Finished more 100 comments...
2017/04/21 07:44:22 >> Finished more 100 comments...
Apr 21, 2017 7:44:22 AM solr.utils.Log doInfoLogging
INFO: 2017/04/21 07:44:22 >> Finished more 100 comments...
2017/04/21 07:44:27 >> Finished more 100 comments...
Apr 21, 2017 7:44:27 AM solr.utils.Log doInfoLogging
INFO: 2017/04/21 07:44:27 >> Finished more 100 comments...
2017/04/21 07:44:33 >> Finished more 100 comments...
Apr 21, 2017 7:44:33 AM solr.utils.Log doInfoLogging
INFO: 2017/04/21 07:44:33 >> Finished more 100 comments...
2017/04/21 07:44:37 >> Finished more 100 comments...
Apr 21, 2017 7:44:37 AM solr.utils.Log doInfoLogging
INFO: 2017/04/21 07:44:37 >> Finished more 100 comments...
2017/04/21 07:45:22 >> Finished more 100 comments...
Apr 21, 2017 7:45:22 AM solr.utils.Log doInfoLogging
INFO: 2017/04/21 07:45:22 >> Finished more 100 comments...
2017/04/21 07:45:25 >> Finished more 100 comments...
Apr 21, 2017 7:45:25 AM solr.utils.Log doInfoLogging
INFO: 2017/04/21 07:45:25 >> Finished more 100 comments...
2017/04/21 07:45:32 >> Finished more 100 comments...
Apr 21, 2017 7:45:32 AM solr.utils.Log doInfoLogging
INFO: 2017/04/21 07:45:32 >> Finished more 100 comments...
2017/04/21 07:47:41 >> Finished more 100 comments...
Apr 21, 2017 7:47:41 AM solr.utils.Log doInfoLogging
INFO: 2017/04/21 07:47:41 >> Finished more 100 comments...
2017/04/21 07:48:19 >> Finished more 100 comments...
Apr 21, 2017 7:48:19 AM solr.utils.Log doInfoLogging
INFO: 2017/04/21 07:48:19 >> Finished more 100 comments...
2017/04/21 07:48:25 >> Finished more 100 comments...
Apr 21, 2017 7:48:25 AM solr.utils.Log doInfoLogging
INFO: 2017/04/21 07:48:25 >> Finished more 100 comments...
2017/04/21 07:48:33 >> Finished more 100 comments...
Apr 21, 2017 7:48:33 AM solr.utils.Log doInfoLogging
INFO: 2017/04/21 07:48:33 >> Finished more 100 comments...
2017/04/21 07:48:36 >> Finished more 100 comments...
Apr 21, 2017 7:48:36 AM solr.utils.Log doInfoLogging
INFO: 2017/04/21 07:48:36 >> Finished more 100 comments...
2017/04/21 07:48:43 >> Finished more 100 comments...
Apr 21, 2017 7:48:43 AM solr.utils.Log doInfoLogging
INFO: 2017/04/21 07:48:43 >> Finished more 100 comments...
2017/04/21 07:48:48 >> Finished more 100 comments...
Apr 21, 2017 7:48:48 AM solr.utils.Log doInfoLogging
INFO: 2017/04/21 07:48:48 >> Finished more 100 comments...
2017/04/21 07:48:57 >> Finished more 100 comments...
Apr 21, 2017 7:48:57 AM solr.utils.Log doInfoLogging
INFO: 2017/04/21 07:48:57 >> Finished more 100 comments...
2017/04/21 07:49:28 >> Finished more 100 comments...
Apr 21, 2017 7:49:28 AM solr.utils.Log doInfoLogging
INFO: 2017/04/21 07:49:28 >> Finished more 100 comments...
2017/04/21 07:49:36 >> Finished more 100 comments...
Apr 21, 2017 7:49:36 AM solr.utils.Log doInfoLogging
INFO: 2017/04/21 07:49:36 >> Finished more 100 comments...
2017/04/21 07:49:44 >> Finished more 100 comments...
Apr 21, 2017 7:49:44 AM solr.utils.Log doInfoLogging
INFO: 2017/04/21 07:49:44 >> Finished more 100 comments...
2017/04/21 07:49:49 >> Finished more 100 comments...
Apr 21, 2017 7:49:49 AM solr.utils.Log doInfoLogging
INFO: 2017/04/21 07:49:49 >> Finished more 100 comments...
2017/04/21 07:49:57 >> Finished more 100 comments...
Apr 21, 2017 7:49:57 AM solr.utils.Log doInfoLogging
INFO: 2017/04/21 07:49:57 >> Finished more 100 comments...
2017/04/21 07:50:00 >> Finished more 100 comments...
Apr 21, 2017 7:50:00 AM solr.utils.Log doInfoLogging
INFO: 2017/04/21 07:50:00 >> Finished more 100 comments...
2017/04/21 07:50:04 >> Finished more 100 comments...
Apr 21, 2017 7:50:04 AM solr.utils.Log doInfoLogging
INFO: 2017/04/21 07:50:04 >> Finished more 100 comments...
2017/04/21 07:50:12 >> Finished more 100 comments...
Apr 21, 2017 7:50:12 AM solr.utils.Log doInfoLogging
INFO: 2017/04/21 07:50:12 >> Finished more 100 comments...
2017/04/21 07:50:18 >> Finished more 100 comments...
Apr 21, 2017 7:50:18 AM solr.utils.Log doInfoLogging
INFO: 2017/04/21 07:50:18 >> Finished more 100 comments...
2017/04/21 07:50:30 >> Finished more 100 comments...
Apr 21, 2017 7:50:30 AM solr.utils.Log doInfoLogging
INFO: 2017/04/21 07:50:30 >> Finished more 100 comments...
2017/04/21 07:50:36 >> Finished more 100 comments...
Apr 21, 2017 7:50:36 AM solr.utils.Log doInfoLogging
INFO: 2017/04/21 07:50:36 >> Finished more 100 comments...
2017/04/21 07:50:41 >> Finished more 100 comments...
Apr 21, 2017 7:50:41 AM solr.utils.Log doInfoLogging
INFO: 2017/04/21 07:50:41 >> Finished more 100 comments...
2017/04/21 07:50:52 >> Finished more 100 comments...
Apr 21, 2017 7:50:52 AM solr.utils.Log doInfoLogging
INFO: 2017/04/21 07:50:52 >> Finished more 100 comments...
2017/04/21 07:50:57 >> Finished more 100 comments...
Apr 21, 2017 7:50:57 AM solr.utils.Log doInfoLogging
INFO: 2017/04/21 07:50:57 >> Finished more 100 comments...
2017/04/21 07:51:00 >> Finished SolrSearchQuestion!
