2017/05/01 05:32:03 >> Started SolrSearchQuestion: start = 470000...
Starting the StanfordNLP API...
[main] INFO edu.stanford.nlp.pipeline.StanfordCoreNLP - Adding annotator tokenize
[main] INFO edu.stanford.nlp.pipeline.TokenizerAnnotator - No tokenizer type provided. Defaulting to PTBTokenizer.
[main] INFO edu.stanford.nlp.pipeline.StanfordCoreNLP - Adding annotator ssplit
[main] INFO edu.stanford.nlp.pipeline.StanfordCoreNLP - Adding annotator parse
[main] INFO edu.stanford.nlp.parser.common.ParserGrammar - Loading parser from serialized file edu/stanford/nlp/models/lexparser/englishPCFG.ser.gz ... done [0.5 sec].
Finished starting the StanfordNLP API!
2017/05/01 05:33:33 >> Finished more 100 comments...
May 01, 2017 5:33:33 AM solr.utils.Log doInfoLogging
INFO: 2017/05/01 05:33:33 >> Finished more 100 comments...
2017/05/01 05:35:34 >> Finished more 100 comments...
May 01, 2017 5:35:34 AM solr.utils.Log doInfoLogging
INFO: 2017/05/01 05:35:34 >> Finished more 100 comments...
2017/05/01 05:35:49 >> Finished more 100 comments...
May 01, 2017 5:35:49 AM solr.utils.Log doInfoLogging
INFO: 2017/05/01 05:35:49 >> Finished more 100 comments...
2017/05/01 05:35:52 >> Finished more 100 comments...
May 01, 2017 5:35:52 AM solr.utils.Log doInfoLogging
INFO: 2017/05/01 05:35:52 >> Finished more 100 comments...
2017/05/01 05:35:58 >> Finished more 100 comments...
May 01, 2017 5:35:58 AM solr.utils.Log doInfoLogging
INFO: 2017/05/01 05:35:58 >> Finished more 100 comments...
2017/05/01 05:36:08 >> Finished more 100 comments...
May 01, 2017 5:36:08 AM solr.utils.Log doInfoLogging
INFO: 2017/05/01 05:36:08 >> Finished more 100 comments...
2017/05/01 08:01:52 >> Finished more 100 comments...
May 01, 2017 8:01:52 AM solr.utils.Log doInfoLogging
INFO: 2017/05/01 08:01:52 >> Finished more 100 comments...
2017/05/01 08:02:02 >> Finished more 100 comments...
May 01, 2017 8:02:02 AM solr.utils.Log doInfoLogging
INFO: 2017/05/01 08:02:02 >> Finished more 100 comments...
2017/05/01 08:02:13 >> Finished more 100 comments...
May 01, 2017 8:02:13 AM solr.utils.Log doInfoLogging
INFO: 2017/05/01 08:02:13 >> Finished more 100 comments...
2017/05/01 08:02:15 >> Finished more 100 comments...
May 01, 2017 8:02:15 AM solr.utils.Log doInfoLogging
INFO: 2017/05/01 08:02:15 >> Finished more 100 comments...
2017/05/01 08:02:19 >> Finished more 100 comments...
May 01, 2017 8:02:19 AM solr.utils.Log doInfoLogging
INFO: 2017/05/01 08:02:19 >> Finished more 100 comments...
2017/05/01 08:02:24 >> Finished more 100 comments...
May 01, 2017 8:02:24 AM solr.utils.Log doInfoLogging
INFO: 2017/05/01 08:02:24 >> Finished more 100 comments...
2017/05/01 08:02:32 >> Finished more 100 comments...
May 01, 2017 8:02:32 AM solr.utils.Log doInfoLogging
INFO: 2017/05/01 08:02:32 >> Finished more 100 comments...
2017/05/01 08:02:42 >> Finished more 100 comments...
May 01, 2017 8:02:42 AM solr.utils.Log doInfoLogging
INFO: 2017/05/01 08:02:42 >> Finished more 100 comments...
2017/05/01 08:02:46 >> Finished more 100 comments...
May 01, 2017 8:02:46 AM solr.utils.Log doInfoLogging
INFO: 2017/05/01 08:02:46 >> Finished more 100 comments...
2017/05/01 08:02:52 >> Finished more 100 comments...
May 01, 2017 8:02:52 AM solr.utils.Log doInfoLogging
INFO: 2017/05/01 08:02:52 >> Finished more 100 comments...
2017/05/01 08:02:56 >> Finished more 100 comments...
May 01, 2017 8:02:56 AM solr.utils.Log doInfoLogging
INFO: 2017/05/01 08:02:56 >> Finished more 100 comments...
2017/05/01 08:03:07 >> Finished more 100 comments...
May 01, 2017 8:03:07 AM solr.utils.Log doInfoLogging
INFO: 2017/05/01 08:03:07 >> Finished more 100 comments...
2017/05/01 08:03:33 >> Finished more 100 comments...
May 01, 2017 8:03:33 AM solr.utils.Log doInfoLogging
INFO: 2017/05/01 08:03:33 >> Finished more 100 comments...
2017/05/01 08:03:57 >> Finished more 100 comments...
May 01, 2017 8:03:57 AM solr.utils.Log doInfoLogging
INFO: 2017/05/01 08:03:57 >> Finished more 100 comments...
2017/05/01 08:05:04 >> Finished more 100 comments...
May 01, 2017 8:05:04 AM solr.utils.Log doInfoLogging
INFO: 2017/05/01 08:05:04 >> Finished more 100 comments...
2017/05/01 08:05:10 >> Finished more 100 comments...
May 01, 2017 8:05:10 AM solr.utils.Log doInfoLogging
INFO: 2017/05/01 08:05:10 >> Finished more 100 comments...
2017/05/01 08:05:13 >> Finished more 100 comments...
May 01, 2017 8:05:13 AM solr.utils.Log doInfoLogging
INFO: 2017/05/01 08:05:13 >> Finished more 100 comments...
2017/05/01 08:05:17 >> Finished more 100 comments...
May 01, 2017 8:05:17 AM solr.utils.Log doInfoLogging
INFO: 2017/05/01 08:05:17 >> Finished more 100 comments...
2017/05/01 08:05:20 >> Finished more 100 comments...
May 01, 2017 8:05:20 AM solr.utils.Log doInfoLogging
INFO: 2017/05/01 08:05:20 >> Finished more 100 comments...
2017/05/01 08:05:23 >> Finished more 100 comments...
May 01, 2017 8:05:23 AM solr.utils.Log doInfoLogging
INFO: 2017/05/01 08:05:23 >> Finished more 100 comments...
2017/05/01 08:05:28 >> Finished more 100 comments...
May 01, 2017 8:05:28 AM solr.utils.Log doInfoLogging
INFO: 2017/05/01 08:05:28 >> Finished more 100 comments...
2017/05/01 08:05:34 >> Finished more 100 comments...
May 01, 2017 8:05:34 AM solr.utils.Log doInfoLogging
INFO: 2017/05/01 08:05:34 >> Finished more 100 comments...
2017/05/01 08:05:43 >> Finished more 100 comments...
May 01, 2017 8:05:43 AM solr.utils.Log doInfoLogging
INFO: 2017/05/01 08:05:43 >> Finished more 100 comments...
2017/05/01 08:05:47 >> Finished more 100 comments...
May 01, 2017 8:05:47 AM solr.utils.Log doInfoLogging
INFO: 2017/05/01 08:05:47 >> Finished more 100 comments...
2017/05/01 08:05:55 >> Finished more 100 comments...
May 01, 2017 8:05:55 AM solr.utils.Log doInfoLogging
INFO: 2017/05/01 08:05:55 >> Finished more 100 comments...
2017/05/01 08:05:59 >> Finished more 100 comments...
May 01, 2017 8:05:59 AM solr.utils.Log doInfoLogging
INFO: 2017/05/01 08:05:59 >> Finished more 100 comments...
2017/05/01 08:09:45 >> Finished more 100 comments...
May 01, 2017 8:09:45 AM solr.utils.Log doInfoLogging
INFO: 2017/05/01 08:09:45 >> Finished more 100 comments...
2017/05/01 08:09:53 >> Finished more 100 comments...
May 01, 2017 8:09:53 AM solr.utils.Log doInfoLogging
INFO: 2017/05/01 08:09:53 >> Finished more 100 comments...
2017/05/01 08:09:57 >> Finished more 100 comments...
May 01, 2017 8:09:57 AM solr.utils.Log doInfoLogging
INFO: 2017/05/01 08:09:57 >> Finished more 100 comments...
2017/05/01 08:10:02 >> Finished more 100 comments...
May 01, 2017 8:10:02 AM solr.utils.Log doInfoLogging
INFO: 2017/05/01 08:10:02 >> Finished more 100 comments...
2017/05/01 08:10:09 >> Finished more 100 comments...
May 01, 2017 8:10:09 AM solr.utils.Log doInfoLogging
INFO: 2017/05/01 08:10:09 >> Finished more 100 comments...
2017/05/01 08:10:17 >> Finished more 100 comments...
May 01, 2017 8:10:17 AM solr.utils.Log doInfoLogging
INFO: 2017/05/01 08:10:17 >> Finished more 100 comments...
2017/05/01 08:10:28 >> Finished more 100 comments...
May 01, 2017 8:10:28 AM solr.utils.Log doInfoLogging
INFO: 2017/05/01 08:10:28 >> Finished more 100 comments...
2017/05/01 08:10:42 >> Finished more 100 comments...
May 01, 2017 8:10:42 AM solr.utils.Log doInfoLogging
INFO: 2017/05/01 08:10:42 >> Finished more 100 comments...
2017/05/01 08:11:47 >> Finished more 100 comments...
May 01, 2017 8:11:47 AM solr.utils.Log doInfoLogging
INFO: 2017/05/01 08:11:47 >> Finished more 100 comments...
2017/05/01 08:11:56 >> Finished more 100 comments...
May 01, 2017 8:11:56 AM solr.utils.Log doInfoLogging
INFO: 2017/05/01 08:11:56 >> Finished more 100 comments...
2017/05/01 08:12:00 >> Finished more 100 comments...
May 01, 2017 8:12:00 AM solr.utils.Log doInfoLogging
INFO: 2017/05/01 08:12:00 >> Finished more 100 comments...
2017/05/01 08:12:06 >> Finished more 100 comments...
May 01, 2017 8:12:06 AM solr.utils.Log doInfoLogging
INFO: 2017/05/01 08:12:06 >> Finished more 100 comments...
2017/05/01 08:27:59 >> Finished more 100 comments...
May 01, 2017 8:27:59 AM solr.utils.Log doInfoLogging
INFO: 2017/05/01 08:27:59 >> Finished more 100 comments...
2017/05/01 08:28:06 >> Finished more 100 comments...
May 01, 2017 8:28:06 AM solr.utils.Log doInfoLogging
INFO: 2017/05/01 08:28:06 >> Finished more 100 comments...
2017/05/01 08:28:26 >> Finished more 100 comments...
May 01, 2017 8:28:26 AM solr.utils.Log doInfoLogging
INFO: 2017/05/01 08:28:26 >> Finished more 100 comments...
2017/05/01 08:28:33 >> Finished more 100 comments...
May 01, 2017 8:28:33 AM solr.utils.Log doInfoLogging
INFO: 2017/05/01 08:28:33 >> Finished more 100 comments...
2017/05/01 08:28:41 >> Finished more 100 comments...
May 01, 2017 8:28:41 AM solr.utils.Log doInfoLogging
INFO: 2017/05/01 08:28:41 >> Finished more 100 comments...
2017/05/01 08:28:45 >> Finished more 100 comments...
May 01, 2017 8:28:45 AM solr.utils.Log doInfoLogging
INFO: 2017/05/01 08:28:45 >> Finished more 100 comments...
2017/05/01 08:28:48 >> Finished more 100 comments...
May 01, 2017 8:28:48 AM solr.utils.Log doInfoLogging
INFO: 2017/05/01 08:28:48 >> Finished more 100 comments...
2017/05/01 08:29:16 >> Finished more 100 comments...
May 01, 2017 8:29:16 AM solr.utils.Log doInfoLogging
INFO: 2017/05/01 08:29:16 >> Finished more 100 comments...
2017/05/01 08:29:21 >> Finished more 100 comments...
May 01, 2017 8:29:21 AM solr.utils.Log doInfoLogging
INFO: 2017/05/01 08:29:21 >> Finished more 100 comments...
2017/05/01 08:29:25 >> Finished more 100 comments...
May 01, 2017 8:29:25 AM solr.utils.Log doInfoLogging
INFO: 2017/05/01 08:29:25 >> Finished more 100 comments...
2017/05/01 08:29:31 >> Finished more 100 comments...
May 01, 2017 8:29:31 AM solr.utils.Log doInfoLogging
INFO: 2017/05/01 08:29:31 >> Finished more 100 comments...
2017/05/01 08:29:38 >> Finished more 100 comments...
May 01, 2017 8:29:38 AM solr.utils.Log doInfoLogging
INFO: 2017/05/01 08:29:38 >> Finished more 100 comments...
2017/05/01 08:29:45 >> Finished more 100 comments...
May 01, 2017 8:29:45 AM solr.utils.Log doInfoLogging
INFO: 2017/05/01 08:29:45 >> Finished more 100 comments...
2017/05/01 08:29:49 >> Finished more 100 comments...
May 01, 2017 8:29:49 AM solr.utils.Log doInfoLogging
INFO: 2017/05/01 08:29:49 >> Finished more 100 comments...
2017/05/01 08:29:55 >> Finished more 100 comments...
May 01, 2017 8:29:55 AM solr.utils.Log doInfoLogging
INFO: 2017/05/01 08:29:55 >> Finished more 100 comments...
2017/05/01 08:29:59 >> Finished more 100 comments...
May 01, 2017 8:29:59 AM solr.utils.Log doInfoLogging
INFO: 2017/05/01 08:29:59 >> Finished more 100 comments...
2017/05/01 08:30:04 >> Finished more 100 comments...
May 01, 2017 8:30:04 AM solr.utils.Log doInfoLogging
INFO: 2017/05/01 08:30:04 >> Finished more 100 comments...
2017/05/01 08:30:12 >> Finished more 100 comments...
May 01, 2017 8:30:12 AM solr.utils.Log doInfoLogging
INFO: 2017/05/01 08:30:12 >> Finished more 100 comments...
2017/05/01 08:30:16 >> Finished more 100 comments...
May 01, 2017 8:30:16 AM solr.utils.Log doInfoLogging
INFO: 2017/05/01 08:30:16 >> Finished more 100 comments...
2017/05/01 08:30:24 >> Finished more 100 comments...
May 01, 2017 8:30:24 AM solr.utils.Log doInfoLogging
INFO: 2017/05/01 08:30:24 >> Finished more 100 comments...
2017/05/01 08:30:28 >> Finished more 100 comments...
May 01, 2017 8:30:28 AM solr.utils.Log doInfoLogging
INFO: 2017/05/01 08:30:28 >> Finished more 100 comments...
2017/05/01 08:31:38 >> Finished more 100 comments...
May 01, 2017 8:31:38 AM solr.utils.Log doInfoLogging
INFO: 2017/05/01 08:31:38 >> Finished more 100 comments...
2017/05/01 08:31:50 >> Finished more 100 comments...
May 01, 2017 8:31:50 AM solr.utils.Log doInfoLogging
INFO: 2017/05/01 08:31:50 >> Finished more 100 comments...
2017/05/01 08:33:07 >> Finished more 100 comments...
May 01, 2017 8:33:07 AM solr.utils.Log doInfoLogging
INFO: 2017/05/01 08:33:07 >> Finished more 100 comments...
2017/05/01 08:33:20 >> Finished more 100 comments...
May 01, 2017 8:33:20 AM solr.utils.Log doInfoLogging
INFO: 2017/05/01 08:33:20 >> Finished more 100 comments...
2017/05/01 08:33:38 >> Finished more 100 comments...
May 01, 2017 8:33:38 AM solr.utils.Log doInfoLogging
INFO: 2017/05/01 08:33:38 >> Finished more 100 comments...
2017/05/01 08:33:45 >> Finished more 100 comments...
May 01, 2017 8:33:45 AM solr.utils.Log doInfoLogging
INFO: 2017/05/01 08:33:45 >> Finished more 100 comments...
2017/05/01 08:33:47 >> Finished more 100 comments...
May 01, 2017 8:33:47 AM solr.utils.Log doInfoLogging
INFO: 2017/05/01 08:33:47 >> Finished more 100 comments...
2017/05/01 08:34:10 >> Finished more 100 comments...
May 01, 2017 8:34:10 AM solr.utils.Log doInfoLogging
INFO: 2017/05/01 08:34:10 >> Finished more 100 comments...
2017/05/01 08:34:14 >> Finished more 100 comments...
May 01, 2017 8:34:14 AM solr.utils.Log doInfoLogging
INFO: 2017/05/01 08:34:14 >> Finished more 100 comments...
2017/05/01 08:34:20 >> Finished more 100 comments...
May 01, 2017 8:34:20 AM solr.utils.Log doInfoLogging
INFO: 2017/05/01 08:34:20 >> Finished more 100 comments...
2017/05/01 08:34:25 >> Finished more 100 comments...
May 01, 2017 8:34:25 AM solr.utils.Log doInfoLogging
INFO: 2017/05/01 08:34:25 >> Finished more 100 comments...
2017/05/01 08:34:28 >> Finished more 100 comments...
May 01, 2017 8:34:28 AM solr.utils.Log doInfoLogging
INFO: 2017/05/01 08:34:28 >> Finished more 100 comments...
2017/05/01 08:34:40 >> Finished more 100 comments...
May 01, 2017 8:34:40 AM solr.utils.Log doInfoLogging
INFO: 2017/05/01 08:34:40 >> Finished more 100 comments...
2017/05/01 08:34:48 >> Finished more 100 comments...
May 01, 2017 8:34:48 AM solr.utils.Log doInfoLogging
INFO: 2017/05/01 08:34:48 >> Finished more 100 comments...
2017/05/01 08:34:54 >> Finished more 100 comments...
May 01, 2017 8:34:54 AM solr.utils.Log doInfoLogging
INFO: 2017/05/01 08:34:54 >> Finished more 100 comments...
2017/05/01 08:36:20 >> Finished more 100 comments...
May 01, 2017 8:36:20 AM solr.utils.Log doInfoLogging
INFO: 2017/05/01 08:36:20 >> Finished more 100 comments...
2017/05/01 08:36:22 >> Finished more 100 comments...
May 01, 2017 8:36:22 AM solr.utils.Log doInfoLogging
INFO: 2017/05/01 08:36:22 >> Finished more 100 comments...
2017/05/01 08:36:24 >> Finished more 100 comments...
May 01, 2017 8:36:24 AM solr.utils.Log doInfoLogging
INFO: 2017/05/01 08:36:24 >> Finished more 100 comments...
2017/05/01 08:36:29 >> Finished more 100 comments...
May 01, 2017 8:36:29 AM solr.utils.Log doInfoLogging
INFO: 2017/05/01 08:36:29 >> Finished more 100 comments...
2017/05/01 08:36:35 >> Finished more 100 comments...
May 01, 2017 8:36:35 AM solr.utils.Log doInfoLogging
INFO: 2017/05/01 08:36:35 >> Finished more 100 comments...
2017/05/01 08:36:39 >> Finished more 100 comments...
May 01, 2017 8:36:39 AM solr.utils.Log doInfoLogging
INFO: 2017/05/01 08:36:39 >> Finished more 100 comments...
2017/05/01 08:36:44 >> Finished more 100 comments...
May 01, 2017 8:36:44 AM solr.utils.Log doInfoLogging
INFO: 2017/05/01 08:36:44 >> Finished more 100 comments...
2017/05/01 08:36:49 >> Finished more 100 comments...
May 01, 2017 8:36:49 AM solr.utils.Log doInfoLogging
INFO: 2017/05/01 08:36:49 >> Finished more 100 comments...
2017/05/01 08:36:56 >> Finished more 100 comments...
May 01, 2017 8:36:56 AM solr.utils.Log doInfoLogging
INFO: 2017/05/01 08:36:56 >> Finished more 100 comments...
2017/05/01 08:37:00 >> Finished more 100 comments...
May 01, 2017 8:37:00 AM solr.utils.Log doInfoLogging
INFO: 2017/05/01 08:37:00 >> Finished more 100 comments...
2017/05/01 08:37:06 >> Finished more 100 comments...
May 01, 2017 8:37:06 AM solr.utils.Log doInfoLogging
INFO: 2017/05/01 08:37:06 >> Finished more 100 comments...
2017/05/01 08:37:20 >> Finished more 100 comments...
May 01, 2017 8:37:20 AM solr.utils.Log doInfoLogging
INFO: 2017/05/01 08:37:20 >> Finished more 100 comments...
2017/05/01 08:37:26 >> Finished more 100 comments...
May 01, 2017 8:37:26 AM solr.utils.Log doInfoLogging
INFO: 2017/05/01 08:37:26 >> Finished more 100 comments...
2017/05/01 08:37:29 >> Finished more 100 comments...
May 01, 2017 8:37:29 AM solr.utils.Log doInfoLogging
INFO: 2017/05/01 08:37:29 >> Finished more 100 comments...
2017/05/01 08:37:38 >> Finished more 100 comments...
May 01, 2017 8:37:38 AM solr.utils.Log doInfoLogging
INFO: 2017/05/01 08:37:38 >> Finished more 100 comments...
2017/05/01 08:37:43 >> Finished more 100 comments...
May 01, 2017 8:37:43 AM solr.utils.Log doInfoLogging
INFO: 2017/05/01 08:37:43 >> Finished more 100 comments...
2017/05/01 08:37:48 >> Finished more 100 comments...
May 01, 2017 8:37:48 AM solr.utils.Log doInfoLogging
INFO: 2017/05/01 08:37:48 >> Finished more 100 comments...
2017/05/01 08:37:52 >> Finished more 100 comments...
May 01, 2017 8:37:52 AM solr.utils.Log doInfoLogging
INFO: 2017/05/01 08:37:52 >> Finished more 100 comments...
2017/05/01 08:38:31 >> Finished more 100 comments...
May 01, 2017 8:38:31 AM solr.utils.Log doInfoLogging
INFO: 2017/05/01 08:38:31 >> Finished more 100 comments...
2017/05/01 08:38:55 >> Finished more 100 comments...
May 01, 2017 8:38:55 AM solr.utils.Log doInfoLogging
INFO: 2017/05/01 08:38:55 >> Finished more 100 comments...
2017/05/01 08:39:14 >> Finished more 100 comments...
May 01, 2017 8:39:14 AM solr.utils.Log doInfoLogging
INFO: 2017/05/01 08:39:14 >> Finished more 100 comments...
2017/05/01 08:39:39 >> Finished more 100 comments...
May 01, 2017 8:39:39 AM solr.utils.Log doInfoLogging
INFO: 2017/05/01 08:39:39 >> Finished more 100 comments...
2017/05/01 08:39:44 >> Finished more 100 comments...
May 01, 2017 8:39:44 AM solr.utils.Log doInfoLogging
INFO: 2017/05/01 08:39:44 >> Finished more 100 comments...
2017/05/01 08:40:01 >> Finished more 100 comments...
May 01, 2017 8:40:01 AM solr.utils.Log doInfoLogging
INFO: 2017/05/01 08:40:01 >> Finished more 100 comments...
2017/05/01 08:40:05 >> Finished more 100 comments...
May 01, 2017 8:40:05 AM solr.utils.Log doInfoLogging
INFO: 2017/05/01 08:40:05 >> Finished more 100 comments...
2017/05/01 08:40:14 >> Finished more 100 comments...
May 01, 2017 8:40:14 AM solr.utils.Log doInfoLogging
INFO: 2017/05/01 08:40:14 >> Finished more 100 comments...
2017/05/01 08:40:27 >> Finished more 100 comments...
May 01, 2017 8:40:27 AM solr.utils.Log doInfoLogging
INFO: 2017/05/01 08:40:27 >> Finished more 100 comments...
2017/05/01 08:40:34 >> Finished more 100 comments...
May 01, 2017 8:40:34 AM solr.utils.Log doInfoLogging
INFO: 2017/05/01 08:40:34 >> Finished more 100 comments...
2017/05/01 08:40:40 >> Finished more 100 comments...
May 01, 2017 8:40:40 AM solr.utils.Log doInfoLogging
INFO: 2017/05/01 08:40:40 >> Finished more 100 comments...
2017/05/01 08:40:44 >> Finished more 100 comments...
May 01, 2017 8:40:44 AM solr.utils.Log doInfoLogging
INFO: 2017/05/01 08:40:44 >> Finished more 100 comments...
2017/05/01 08:40:49 >> Finished more 100 comments...
May 01, 2017 8:40:49 AM solr.utils.Log doInfoLogging
INFO: 2017/05/01 08:40:49 >> Finished more 100 comments...
2017/05/01 08:40:52 >> Finished more 100 comments...
May 01, 2017 8:40:52 AM solr.utils.Log doInfoLogging
INFO: 2017/05/01 08:40:52 >> Finished more 100 comments...
2017/05/01 08:40:57 >> Finished more 100 comments...
May 01, 2017 8:40:57 AM solr.utils.Log doInfoLogging
INFO: 2017/05/01 08:40:57 >> Finished more 100 comments...
2017/05/01 08:41:02 >> Finished more 100 comments...
May 01, 2017 8:41:02 AM solr.utils.Log doInfoLogging
INFO: 2017/05/01 08:41:02 >> Finished more 100 comments...
2017/05/01 08:41:05 >> Finished more 100 comments...
May 01, 2017 8:41:05 AM solr.utils.Log doInfoLogging
INFO: 2017/05/01 08:41:05 >> Finished more 100 comments...
2017/05/01 08:41:15 >> Finished more 100 comments...
May 01, 2017 8:41:15 AM solr.utils.Log doInfoLogging
INFO: 2017/05/01 08:41:15 >> Finished more 100 comments...
2017/05/01 08:42:59 >> Finished more 100 comments...
May 01, 2017 8:42:59 AM solr.utils.Log doInfoLogging
INFO: 2017/05/01 08:42:59 >> Finished more 100 comments...
2017/05/01 08:43:04 >> Finished more 100 comments...
May 01, 2017 8:43:04 AM solr.utils.Log doInfoLogging
INFO: 2017/05/01 08:43:04 >> Finished more 100 comments...
2017/05/01 08:43:10 >> Finished more 100 comments...
May 01, 2017 8:43:10 AM solr.utils.Log doInfoLogging
INFO: 2017/05/01 08:43:10 >> Finished more 100 comments...
2017/05/01 08:43:14 >> Finished more 100 comments...
May 01, 2017 8:43:14 AM solr.utils.Log doInfoLogging
INFO: 2017/05/01 08:43:14 >> Finished more 100 comments...
2017/05/01 08:44:51 >> Finished more 100 comments...
May 01, 2017 8:44:51 AM solr.utils.Log doInfoLogging
INFO: 2017/05/01 08:44:51 >> Finished more 100 comments...
2017/05/01 08:44:56 >> Finished more 100 comments...
May 01, 2017 8:44:56 AM solr.utils.Log doInfoLogging
INFO: 2017/05/01 08:44:56 >> Finished more 100 comments...
2017/05/01 08:45:06 >> Finished more 100 comments...
May 01, 2017 8:45:06 AM solr.utils.Log doInfoLogging
INFO: 2017/05/01 08:45:06 >> Finished more 100 comments...
2017/05/01 08:45:11 >> Finished more 100 comments...
May 01, 2017 8:45:11 AM solr.utils.Log doInfoLogging
INFO: 2017/05/01 08:45:11 >> Finished more 100 comments...
2017/05/01 08:45:15 >> Finished more 100 comments...
May 01, 2017 8:45:15 AM solr.utils.Log doInfoLogging
INFO: 2017/05/01 08:45:15 >> Finished more 100 comments...
2017/05/01 09:11:19 >> Finished more 100 comments...
May 01, 2017 9:11:19 AM solr.utils.Log doInfoLogging
INFO: 2017/05/01 09:11:19 >> Finished more 100 comments...
2017/05/01 09:11:36 >> Finished more 100 comments...
May 01, 2017 9:11:36 AM solr.utils.Log doInfoLogging
INFO: 2017/05/01 09:11:36 >> Finished more 100 comments...
2017/05/01 09:11:48 >> Finished more 100 comments...
May 01, 2017 9:11:48 AM solr.utils.Log doInfoLogging
INFO: 2017/05/01 09:11:48 >> Finished more 100 comments...
2017/05/01 09:11:59 >> Finished more 100 comments...
May 01, 2017 9:11:59 AM solr.utils.Log doInfoLogging
INFO: 2017/05/01 09:11:59 >> Finished more 100 comments...
2017/05/01 09:12:03 >> Finished more 100 comments...
May 01, 2017 9:12:03 AM solr.utils.Log doInfoLogging
INFO: 2017/05/01 09:12:03 >> Finished more 100 comments...
2017/05/01 09:12:06 >> Finished more 100 comments...
May 01, 2017 9:12:06 AM solr.utils.Log doInfoLogging
INFO: 2017/05/01 09:12:06 >> Finished more 100 comments...
2017/05/01 09:12:13 >> Finished more 100 comments...
May 01, 2017 9:12:13 AM solr.utils.Log doInfoLogging
INFO: 2017/05/01 09:12:13 >> Finished more 100 comments...
2017/05/01 09:12:24 >> Finished more 100 comments...
May 01, 2017 9:12:24 AM solr.utils.Log doInfoLogging
INFO: 2017/05/01 09:12:24 >> Finished more 100 comments...
2017/05/01 09:12:27 >> Finished more 100 comments...
May 01, 2017 9:12:27 AM solr.utils.Log doInfoLogging
INFO: 2017/05/01 09:12:27 >> Finished more 100 comments...
2017/05/01 09:12:31 >> Finished more 100 comments...
May 01, 2017 9:12:31 AM solr.utils.Log doInfoLogging
INFO: 2017/05/01 09:12:31 >> Finished more 100 comments...
2017/05/01 09:12:36 >> Finished more 100 comments...
May 01, 2017 9:12:36 AM solr.utils.Log doInfoLogging
INFO: 2017/05/01 09:12:36 >> Finished more 100 comments...
2017/05/01 09:12:59 >> Finished more 100 comments...
May 01, 2017 9:12:59 AM solr.utils.Log doInfoLogging
INFO: 2017/05/01 09:12:59 >> Finished more 100 comments...
2017/05/01 09:13:06 >> Finished more 100 comments...
May 01, 2017 9:13:06 AM solr.utils.Log doInfoLogging
INFO: 2017/05/01 09:13:06 >> Finished more 100 comments...
2017/05/01 09:13:10 >> Finished more 100 comments...
May 01, 2017 9:13:10 AM solr.utils.Log doInfoLogging
INFO: 2017/05/01 09:13:10 >> Finished more 100 comments...
2017/05/01 09:13:13 >> Finished more 100 comments...
May 01, 2017 9:13:13 AM solr.utils.Log doInfoLogging
INFO: 2017/05/01 09:13:13 >> Finished more 100 comments...
2017/05/01 09:13:37 >> Finished more 100 comments...
May 01, 2017 9:13:37 AM solr.utils.Log doInfoLogging
INFO: 2017/05/01 09:13:37 >> Finished more 100 comments...
2017/05/01 09:13:40 >> Finished more 100 comments...
May 01, 2017 9:13:40 AM solr.utils.Log doInfoLogging
INFO: 2017/05/01 09:13:40 >> Finished more 100 comments...
2017/05/01 09:24:34 >> Finished more 100 comments...
May 01, 2017 9:24:34 AM solr.utils.Log doInfoLogging
INFO: 2017/05/01 09:24:34 >> Finished more 100 comments...
2017/05/01 09:24:41 >> Finished more 100 comments...
May 01, 2017 9:24:41 AM solr.utils.Log doInfoLogging
INFO: 2017/05/01 09:24:41 >> Finished more 100 comments...
2017/05/01 09:24:45 >> Finished more 100 comments...
May 01, 2017 9:24:45 AM solr.utils.Log doInfoLogging
INFO: 2017/05/01 09:24:45 >> Finished more 100 comments...
2017/05/01 09:24:57 >> Finished more 100 comments...
May 01, 2017 9:24:57 AM solr.utils.Log doInfoLogging
INFO: 2017/05/01 09:24:57 >> Finished more 100 comments...
2017/05/01 09:25:02 >> Finished more 100 comments...
May 01, 2017 9:25:02 AM solr.utils.Log doInfoLogging
INFO: 2017/05/01 09:25:02 >> Finished more 100 comments...
2017/05/01 09:25:10 >> Finished more 100 comments...
May 01, 2017 9:25:10 AM solr.utils.Log doInfoLogging
INFO: 2017/05/01 09:25:10 >> Finished more 100 comments...
2017/05/01 09:29:19 >> Finished more 100 comments...
May 01, 2017 9:29:19 AM solr.utils.Log doInfoLogging
INFO: 2017/05/01 09:29:19 >> Finished more 100 comments...
2017/05/01 09:29:25 >> Finished more 100 comments...
May 01, 2017 9:29:25 AM solr.utils.Log doInfoLogging
INFO: 2017/05/01 09:29:25 >> Finished more 100 comments...
2017/05/01 09:29:34 >> Finished more 100 comments...
May 01, 2017 9:29:34 AM solr.utils.Log doInfoLogging
INFO: 2017/05/01 09:29:34 >> Finished more 100 comments...
2017/05/01 09:29:36 >> Finished more 100 comments...
May 01, 2017 9:29:36 AM solr.utils.Log doInfoLogging
INFO: 2017/05/01 09:29:36 >> Finished more 100 comments...
2017/05/01 09:29:42 >> Finished more 100 comments...
May 01, 2017 9:29:42 AM solr.utils.Log doInfoLogging
INFO: 2017/05/01 09:29:42 >> Finished more 100 comments...
2017/05/01 09:29:45 >> Finished more 100 comments...
May 01, 2017 9:29:45 AM solr.utils.Log doInfoLogging
INFO: 2017/05/01 09:29:45 >> Finished more 100 comments...
2017/05/01 09:29:53 >> Finished more 100 comments...
May 01, 2017 9:29:53 AM solr.utils.Log doInfoLogging
INFO: 2017/05/01 09:29:53 >> Finished more 100 comments...
2017/05/01 09:38:07 >> Finished more 100 comments...
May 01, 2017 9:38:07 AM solr.utils.Log doInfoLogging
INFO: 2017/05/01 09:38:07 >> Finished more 100 comments...
2017/05/01 09:38:11 >> Finished more 100 comments...
May 01, 2017 9:38:11 AM solr.utils.Log doInfoLogging
INFO: 2017/05/01 09:38:11 >> Finished more 100 comments...
2017/05/01 09:38:17 >> Finished more 100 comments...
May 01, 2017 9:38:17 AM solr.utils.Log doInfoLogging
INFO: 2017/05/01 09:38:17 >> Finished more 100 comments...
2017/05/01 09:38:30 >> Finished more 100 comments...
May 01, 2017 9:38:30 AM solr.utils.Log doInfoLogging
INFO: 2017/05/01 09:38:30 >> Finished more 100 comments...
2017/05/01 09:38:36 >> Finished more 100 comments...
May 01, 2017 9:38:36 AM solr.utils.Log doInfoLogging
INFO: 2017/05/01 09:38:36 >> Finished more 100 comments...
2017/05/01 09:39:09 >> Finished more 100 comments...
May 01, 2017 9:39:09 AM solr.utils.Log doInfoLogging
INFO: 2017/05/01 09:39:09 >> Finished more 100 comments...
2017/05/01 09:40:12 >> Finished more 100 comments...
May 01, 2017 9:40:12 AM solr.utils.Log doInfoLogging
INFO: 2017/05/01 09:40:12 >> Finished more 100 comments...
2017/05/01 09:40:17 >> Finished more 100 comments...
May 01, 2017 9:40:17 AM solr.utils.Log doInfoLogging
INFO: 2017/05/01 09:40:17 >> Finished more 100 comments...
2017/05/01 09:40:24 >> Finished more 100 comments...
May 01, 2017 9:40:24 AM solr.utils.Log doInfoLogging
INFO: 2017/05/01 09:40:24 >> Finished more 100 comments...
2017/05/01 09:40:30 >> Finished more 100 comments...
May 01, 2017 9:40:30 AM solr.utils.Log doInfoLogging
INFO: 2017/05/01 09:40:30 >> Finished more 100 comments...
2017/05/01 09:40:34 >> Finished more 100 comments...
May 01, 2017 9:40:34 AM solr.utils.Log doInfoLogging
INFO: 2017/05/01 09:40:34 >> Finished more 100 comments...
2017/05/01 09:40:41 >> Finished more 100 comments...
May 01, 2017 9:40:41 AM solr.utils.Log doInfoLogging
INFO: 2017/05/01 09:40:41 >> Finished more 100 comments...
2017/05/01 09:40:52 >> Finished more 100 comments...
May 01, 2017 9:40:52 AM solr.utils.Log doInfoLogging
INFO: 2017/05/01 09:40:52 >> Finished more 100 comments...
2017/05/01 09:40:58 >> Finished more 100 comments...
May 01, 2017 9:40:58 AM solr.utils.Log doInfoLogging
INFO: 2017/05/01 09:40:58 >> Finished more 100 comments...
2017/05/01 09:41:04 >> Finished more 100 comments...
May 01, 2017 9:41:04 AM solr.utils.Log doInfoLogging
INFO: 2017/05/01 09:41:04 >> Finished more 100 comments...
2017/05/01 09:41:09 >> Finished more 100 comments...
May 01, 2017 9:41:09 AM solr.utils.Log doInfoLogging
INFO: 2017/05/01 09:41:09 >> Finished more 100 comments...
2017/05/01 09:41:13 >> Finished more 100 comments...
May 01, 2017 9:41:13 AM solr.utils.Log doInfoLogging
INFO: 2017/05/01 09:41:13 >> Finished more 100 comments...
2017/05/01 09:41:34 >> Finished more 100 comments...
May 01, 2017 9:41:34 AM solr.utils.Log doInfoLogging
INFO: 2017/05/01 09:41:34 >> Finished more 100 comments...
2017/05/01 09:41:48 >> Finished more 100 comments...
May 01, 2017 9:41:48 AM solr.utils.Log doInfoLogging
INFO: 2017/05/01 09:41:48 >> Finished more 100 comments...
2017/05/01 09:42:10 >> Finished more 100 comments...
May 01, 2017 9:42:10 AM solr.utils.Log doInfoLogging
INFO: 2017/05/01 09:42:10 >> Finished more 100 comments...
2017/05/01 09:42:14 >> Finished more 100 comments...
May 01, 2017 9:42:14 AM solr.utils.Log doInfoLogging
INFO: 2017/05/01 09:42:14 >> Finished more 100 comments...
2017/05/01 09:42:33 >> Finished more 100 comments...
May 01, 2017 9:42:33 AM solr.utils.Log doInfoLogging
INFO: 2017/05/01 09:42:33 >> Finished more 100 comments...
2017/05/01 09:42:38 >> Finished more 100 comments...
May 01, 2017 9:42:38 AM solr.utils.Log doInfoLogging
INFO: 2017/05/01 09:42:38 >> Finished more 100 comments...
2017/05/01 09:43:12 >> Finished more 100 comments...
May 01, 2017 9:43:12 AM solr.utils.Log doInfoLogging
INFO: 2017/05/01 09:43:12 >> Finished more 100 comments...
2017/05/01 09:43:22 >> Finished more 100 comments...
May 01, 2017 9:43:22 AM solr.utils.Log doInfoLogging
INFO: 2017/05/01 09:43:22 >> Finished more 100 comments...
2017/05/01 09:43:31 >> Finished more 100 comments...
May 01, 2017 9:43:31 AM solr.utils.Log doInfoLogging
INFO: 2017/05/01 09:43:31 >> Finished more 100 comments...
2017/05/01 09:45:19 >> Finished more 100 comments...
May 01, 2017 9:45:19 AM solr.utils.Log doInfoLogging
INFO: 2017/05/01 09:45:19 >> Finished more 100 comments...
2017/05/01 09:45:28 >> Finished more 100 comments...
May 01, 2017 9:45:28 AM solr.utils.Log doInfoLogging
INFO: 2017/05/01 09:45:28 >> Finished more 100 comments...
2017/05/01 09:45:40 >> Finished more 100 comments...
May 01, 2017 9:45:40 AM solr.utils.Log doInfoLogging
INFO: 2017/05/01 09:45:40 >> Finished more 100 comments...
2017/05/01 09:45:43 >> Finished more 100 comments...
May 01, 2017 9:45:43 AM solr.utils.Log doInfoLogging
INFO: 2017/05/01 09:45:43 >> Finished more 100 comments...
2017/05/01 09:45:51 >> Finished more 100 comments...
May 01, 2017 9:45:51 AM solr.utils.Log doInfoLogging
INFO: 2017/05/01 09:45:51 >> Finished more 100 comments...
2017/05/01 09:45:59 >> Finished more 100 comments...
May 01, 2017 9:45:59 AM solr.utils.Log doInfoLogging
INFO: 2017/05/01 09:45:59 >> Finished more 100 comments...
2017/05/01 09:46:14 >> Finished more 100 comments...
May 01, 2017 9:46:14 AM solr.utils.Log doInfoLogging
INFO: 2017/05/01 09:46:14 >> Finished more 100 comments...
2017/05/01 09:46:28 >> Finished more 100 comments...
May 01, 2017 9:46:28 AM solr.utils.Log doInfoLogging
INFO: 2017/05/01 09:46:28 >> Finished more 100 comments...
2017/05/01 09:46:37 >> Finished more 100 comments...
May 01, 2017 9:46:37 AM solr.utils.Log doInfoLogging
INFO: 2017/05/01 09:46:37 >> Finished more 100 comments...
2017/05/01 09:46:41 >> Finished more 100 comments...
May 01, 2017 9:46:41 AM solr.utils.Log doInfoLogging
INFO: 2017/05/01 09:46:41 >> Finished more 100 comments...
2017/05/01 09:46:46 >> Finished more 100 comments...
May 01, 2017 9:46:46 AM solr.utils.Log doInfoLogging
INFO: 2017/05/01 09:46:46 >> Finished more 100 comments...
2017/05/01 09:47:04 >> Finished more 100 comments...
May 01, 2017 9:47:04 AM solr.utils.Log doInfoLogging
INFO: 2017/05/01 09:47:04 >> Finished more 100 comments...
2017/05/01 09:47:13 >> Finished more 100 comments...
May 01, 2017 9:47:13 AM solr.utils.Log doInfoLogging
INFO: 2017/05/01 09:47:13 >> Finished more 100 comments...
2017/05/01 09:47:19 >> Finished more 100 comments...
May 01, 2017 9:47:19 AM solr.utils.Log doInfoLogging
INFO: 2017/05/01 09:47:19 >> Finished more 100 comments...
2017/05/01 09:47:23 >> Finished more 100 comments...
May 01, 2017 9:47:23 AM solr.utils.Log doInfoLogging
INFO: 2017/05/01 09:47:23 >> Finished more 100 comments...
2017/05/01 09:47:27 >> Finished more 100 comments...
May 01, 2017 9:47:27 AM solr.utils.Log doInfoLogging
INFO: 2017/05/01 09:47:27 >> Finished more 100 comments...
2017/05/01 09:47:46 >> Finished more 100 comments...
May 01, 2017 9:47:46 AM solr.utils.Log doInfoLogging
INFO: 2017/05/01 09:47:46 >> Finished more 100 comments...
2017/05/01 09:47:55 >> Finished more 100 comments...
May 01, 2017 9:47:55 AM solr.utils.Log doInfoLogging
INFO: 2017/05/01 09:47:55 >> Finished more 100 comments...
2017/05/01 09:47:59 >> Finished more 100 comments...
May 01, 2017 9:47:59 AM solr.utils.Log doInfoLogging
INFO: 2017/05/01 09:47:59 >> Finished more 100 comments...
2017/05/01 09:48:07 >> Finished more 100 comments...
May 01, 2017 9:48:07 AM solr.utils.Log doInfoLogging
INFO: 2017/05/01 09:48:07 >> Finished more 100 comments...
2017/05/01 09:48:15 >> Finished more 100 comments...
May 01, 2017 9:48:15 AM solr.utils.Log doInfoLogging
INFO: 2017/05/01 09:48:15 >> Finished more 100 comments...
2017/05/01 09:48:20 >> Finished more 100 comments...
May 01, 2017 9:48:20 AM solr.utils.Log doInfoLogging
INFO: 2017/05/01 09:48:20 >> Finished more 100 comments...
2017/05/01 09:48:29 >> Finished more 100 comments...
May 01, 2017 9:48:29 AM solr.utils.Log doInfoLogging
INFO: 2017/05/01 09:48:29 >> Finished more 100 comments...
2017/05/01 09:48:49 >> Finished more 100 comments...
May 01, 2017 9:48:49 AM solr.utils.Log doInfoLogging
INFO: 2017/05/01 09:48:49 >> Finished more 100 comments...
2017/05/01 09:48:56 >> Finished more 100 comments...
May 01, 2017 9:48:56 AM solr.utils.Log doInfoLogging
INFO: 2017/05/01 09:48:56 >> Finished more 100 comments...
2017/05/01 09:49:24 >> Finished more 100 comments...
May 01, 2017 9:49:24 AM solr.utils.Log doInfoLogging
INFO: 2017/05/01 09:49:24 >> Finished more 100 comments...
2017/05/01 09:49:48 >> Finished more 100 comments...
May 01, 2017 9:49:48 AM solr.utils.Log doInfoLogging
INFO: 2017/05/01 09:49:48 >> Finished more 100 comments...
2017/05/01 09:49:52 >> Finished more 100 comments...
May 01, 2017 9:49:52 AM solr.utils.Log doInfoLogging
INFO: 2017/05/01 09:49:52 >> Finished more 100 comments...
2017/05/01 09:49:59 >> Finished more 100 comments...
May 01, 2017 9:49:59 AM solr.utils.Log doInfoLogging
INFO: 2017/05/01 09:49:59 >> Finished more 100 comments...
2017/05/01 09:50:05 >> Finished more 100 comments...
May 01, 2017 9:50:05 AM solr.utils.Log doInfoLogging
INFO: 2017/05/01 09:50:05 >> Finished more 100 comments...
2017/05/01 09:50:25 >> Finished more 100 comments...
May 01, 2017 9:50:25 AM solr.utils.Log doInfoLogging
INFO: 2017/05/01 09:50:25 >> Finished more 100 comments...
2017/05/01 09:51:01 >> Finished more 100 comments...
May 01, 2017 9:51:01 AM solr.utils.Log doInfoLogging
INFO: 2017/05/01 09:51:01 >> Finished more 100 comments...
2017/05/01 09:51:11 >> Finished more 100 comments...
May 01, 2017 9:51:11 AM solr.utils.Log doInfoLogging
INFO: 2017/05/01 09:51:11 >> Finished more 100 comments...
2017/05/01 09:51:14 >> Finished more 100 comments...
May 01, 2017 9:51:14 AM solr.utils.Log doInfoLogging
INFO: 2017/05/01 09:51:14 >> Finished more 100 comments...
2017/05/01 09:51:20 >> Finished more 100 comments...
May 01, 2017 9:51:20 AM solr.utils.Log doInfoLogging
INFO: 2017/05/01 09:51:20 >> Finished more 100 comments...
2017/05/01 09:51:24 >> Finished more 100 comments...
May 01, 2017 9:51:24 AM solr.utils.Log doInfoLogging
INFO: 2017/05/01 09:51:24 >> Finished more 100 comments...
2017/05/01 09:51:50 >> Finished more 100 comments...
May 01, 2017 9:51:50 AM solr.utils.Log doInfoLogging
INFO: 2017/05/01 09:51:50 >> Finished more 100 comments...
2017/05/01 09:51:55 >> Finished more 100 comments...
May 01, 2017 9:51:55 AM solr.utils.Log doInfoLogging
INFO: 2017/05/01 09:51:55 >> Finished more 100 comments...
2017/05/01 09:52:57 >> Finished more 100 comments...
May 01, 2017 9:52:57 AM solr.utils.Log doInfoLogging
INFO: 2017/05/01 09:52:57 >> Finished more 100 comments...
2017/05/01 09:53:00 >> Finished more 100 comments...
May 01, 2017 9:53:00 AM solr.utils.Log doInfoLogging
INFO: 2017/05/01 09:53:00 >> Finished more 100 comments...
2017/05/01 09:53:08 >> Finished more 100 comments...
May 01, 2017 9:53:08 AM solr.utils.Log doInfoLogging
INFO: 2017/05/01 09:53:08 >> Finished more 100 comments...
2017/05/01 09:53:18 >> Finished more 100 comments...
May 01, 2017 9:53:18 AM solr.utils.Log doInfoLogging
INFO: 2017/05/01 09:53:18 >> Finished more 100 comments...
2017/05/01 09:53:38 >> Finished more 100 comments...
May 01, 2017 9:53:38 AM solr.utils.Log doInfoLogging
INFO: 2017/05/01 09:53:38 >> Finished more 100 comments...
2017/05/01 09:53:49 >> Finished more 100 comments...
May 01, 2017 9:53:49 AM solr.utils.Log doInfoLogging
INFO: 2017/05/01 09:53:49 >> Finished more 100 comments...
2017/05/01 09:53:53 >> Finished more 100 comments...
May 01, 2017 9:53:53 AM solr.utils.Log doInfoLogging
INFO: 2017/05/01 09:53:53 >> Finished more 100 comments...
2017/05/01 09:56:39 >> Finished more 100 comments...
May 01, 2017 9:56:39 AM solr.utils.Log doInfoLogging
INFO: 2017/05/01 09:56:39 >> Finished more 100 comments...
2017/05/01 09:56:45 >> Finished more 100 comments...
May 01, 2017 9:56:45 AM solr.utils.Log doInfoLogging
INFO: 2017/05/01 09:56:45 >> Finished more 100 comments...
2017/05/01 09:56:57 >> Finished more 100 comments...
May 01, 2017 9:56:57 AM solr.utils.Log doInfoLogging
INFO: 2017/05/01 09:56:57 >> Finished more 100 comments...
2017/05/01 09:57:00 >> Finished more 100 comments...
May 01, 2017 9:57:00 AM solr.utils.Log doInfoLogging
INFO: 2017/05/01 09:57:00 >> Finished more 100 comments...
2017/05/01 09:57:07 >> Finished more 100 comments...
May 01, 2017 9:57:07 AM solr.utils.Log doInfoLogging
INFO: 2017/05/01 09:57:07 >> Finished more 100 comments...
2017/05/01 09:57:43 >> Finished more 100 comments...
May 01, 2017 9:57:43 AM solr.utils.Log doInfoLogging
INFO: 2017/05/01 09:57:43 >> Finished more 100 comments...
2017/05/01 09:59:18 >> Finished more 100 comments...
May 01, 2017 9:59:18 AM solr.utils.Log doInfoLogging
INFO: 2017/05/01 09:59:18 >> Finished more 100 comments...
2017/05/01 09:59:22 >> Finished more 100 comments...
May 01, 2017 9:59:22 AM solr.utils.Log doInfoLogging
INFO: 2017/05/01 09:59:22 >> Finished more 100 comments...
2017/05/01 09:59:24 >> Finished more 100 comments...
May 01, 2017 9:59:24 AM solr.utils.Log doInfoLogging
INFO: 2017/05/01 09:59:24 >> Finished more 100 comments...
2017/05/01 09:59:29 >> Finished more 100 comments...
May 01, 2017 9:59:29 AM solr.utils.Log doInfoLogging
INFO: 2017/05/01 09:59:29 >> Finished more 100 comments...
2017/05/01 09:59:34 >> Finished more 100 comments...
May 01, 2017 9:59:34 AM solr.utils.Log doInfoLogging
INFO: 2017/05/01 09:59:34 >> Finished more 100 comments...
2017/05/01 09:59:45 >> Finished more 100 comments...
May 01, 2017 9:59:45 AM solr.utils.Log doInfoLogging
INFO: 2017/05/01 09:59:45 >> Finished more 100 comments...
2017/05/01 09:59:51 >> Finished more 100 comments...
May 01, 2017 9:59:51 AM solr.utils.Log doInfoLogging
INFO: 2017/05/01 09:59:51 >> Finished more 100 comments...
2017/05/01 09:59:54 >> Finished more 100 comments...
May 01, 2017 9:59:54 AM solr.utils.Log doInfoLogging
INFO: 2017/05/01 09:59:54 >> Finished more 100 comments...
2017/05/01 09:59:58 >> Finished more 100 comments...
May 01, 2017 9:59:58 AM solr.utils.Log doInfoLogging
INFO: 2017/05/01 09:59:58 >> Finished more 100 comments...
2017/05/01 10:00:10 >> Finished more 100 comments...
May 01, 2017 10:00:10 AM solr.utils.Log doInfoLogging
INFO: 2017/05/01 10:00:10 >> Finished more 100 comments...
2017/05/01 10:00:26 >> Finished more 100 comments...
May 01, 2017 10:00:26 AM solr.utils.Log doInfoLogging
INFO: 2017/05/01 10:00:26 >> Finished more 100 comments...
2017/05/01 10:00:42 >> Finished more 100 comments...
May 01, 2017 10:00:42 AM solr.utils.Log doInfoLogging
INFO: 2017/05/01 10:00:42 >> Finished more 100 comments...
2017/05/01 10:00:46 >> Finished more 100 comments...
May 01, 2017 10:00:46 AM solr.utils.Log doInfoLogging
INFO: 2017/05/01 10:00:46 >> Finished more 100 comments...
2017/05/01 10:01:51 >> Finished more 100 comments...
May 01, 2017 10:01:51 AM solr.utils.Log doInfoLogging
INFO: 2017/05/01 10:01:51 >> Finished more 100 comments...
2017/05/01 10:01:53 >> Finished more 100 comments...
May 01, 2017 10:01:53 AM solr.utils.Log doInfoLogging
INFO: 2017/05/01 10:01:53 >> Finished more 100 comments...
2017/05/01 10:01:57 >> Finished more 100 comments...
May 01, 2017 10:01:57 AM solr.utils.Log doInfoLogging
INFO: 2017/05/01 10:01:57 >> Finished more 100 comments...
2017/05/01 10:02:00 >> Finished more 100 comments...
May 01, 2017 10:02:00 AM solr.utils.Log doInfoLogging
INFO: 2017/05/01 10:02:00 >> Finished more 100 comments...
2017/05/01 10:02:06 >> Finished more 100 comments...
May 01, 2017 10:02:06 AM solr.utils.Log doInfoLogging
INFO: 2017/05/01 10:02:06 >> Finished more 100 comments...
2017/05/01 10:06:00 >> Finished more 100 comments...
May 01, 2017 10:06:00 AM solr.utils.Log doInfoLogging
INFO: 2017/05/01 10:06:00 >> Finished more 100 comments...
2017/05/01 10:06:07 >> Finished more 100 comments...
May 01, 2017 10:06:07 AM solr.utils.Log doInfoLogging
INFO: 2017/05/01 10:06:07 >> Finished more 100 comments...
2017/05/01 10:06:22 >> Finished more 100 comments...
May 01, 2017 10:06:22 AM solr.utils.Log doInfoLogging
INFO: 2017/05/01 10:06:22 >> Finished more 100 comments...
2017/05/01 10:06:26 >> Finished more 100 comments...
May 01, 2017 10:06:26 AM solr.utils.Log doInfoLogging
INFO: 2017/05/01 10:06:26 >> Finished more 100 comments...
2017/05/01 10:06:31 >> Finished more 100 comments...
May 01, 2017 10:06:31 AM solr.utils.Log doInfoLogging
INFO: 2017/05/01 10:06:31 >> Finished more 100 comments...
2017/05/01 10:06:35 >> Finished more 100 comments...
May 01, 2017 10:06:35 AM solr.utils.Log doInfoLogging
INFO: 2017/05/01 10:06:35 >> Finished more 100 comments...
2017/05/01 10:06:45 >> Finished more 100 comments...
May 01, 2017 10:06:45 AM solr.utils.Log doInfoLogging
INFO: 2017/05/01 10:06:45 >> Finished more 100 comments...
2017/05/01 10:06:50 >> Finished more 100 comments...
May 01, 2017 10:06:50 AM solr.utils.Log doInfoLogging
INFO: 2017/05/01 10:06:50 >> Finished more 100 comments...
2017/05/01 10:06:57 >> Finished more 100 comments...
May 01, 2017 10:06:57 AM solr.utils.Log doInfoLogging
INFO: 2017/05/01 10:06:57 >> Finished more 100 comments...
2017/05/01 10:07:00 >> Finished more 100 comments...
May 01, 2017 10:07:00 AM solr.utils.Log doInfoLogging
INFO: 2017/05/01 10:07:00 >> Finished more 100 comments...
2017/05/01 10:07:05 >> Finished more 100 comments...
May 01, 2017 10:07:05 AM solr.utils.Log doInfoLogging
INFO: 2017/05/01 10:07:05 >> Finished more 100 comments...
2017/05/01 10:07:07 >> Finished more 100 comments...
May 01, 2017 10:07:07 AM solr.utils.Log doInfoLogging
INFO: 2017/05/01 10:07:07 >> Finished more 100 comments...
2017/05/01 10:07:11 >> Finished more 100 comments...
May 01, 2017 10:07:11 AM solr.utils.Log doInfoLogging
INFO: 2017/05/01 10:07:11 >> Finished more 100 comments...
2017/05/01 10:07:14 >> Finished more 100 comments...
May 01, 2017 10:07:14 AM solr.utils.Log doInfoLogging
INFO: 2017/05/01 10:07:14 >> Finished more 100 comments...
2017/05/01 10:07:18 >> Finished more 100 comments...
May 01, 2017 10:07:18 AM solr.utils.Log doInfoLogging
INFO: 2017/05/01 10:07:18 >> Finished more 100 comments...
2017/05/01 10:07:24 >> Finished more 100 comments...
May 01, 2017 10:07:24 AM solr.utils.Log doInfoLogging
INFO: 2017/05/01 10:07:24 >> Finished more 100 comments...
2017/05/01 10:07:28 >> Finished more 100 comments...
May 01, 2017 10:07:28 AM solr.utils.Log doInfoLogging
INFO: 2017/05/01 10:07:28 >> Finished more 100 comments...
2017/05/01 10:07:42 >> Finished more 100 comments...
May 01, 2017 10:07:42 AM solr.utils.Log doInfoLogging
INFO: 2017/05/01 10:07:42 >> Finished more 100 comments...
2017/05/01 10:07:48 >> Finished more 100 comments...
May 01, 2017 10:07:48 AM solr.utils.Log doInfoLogging
INFO: 2017/05/01 10:07:48 >> Finished more 100 comments...
2017/05/01 10:08:03 >> Finished more 100 comments...
May 01, 2017 10:08:03 AM solr.utils.Log doInfoLogging
INFO: 2017/05/01 10:08:03 >> Finished more 100 comments...
2017/05/01 10:08:11 >> Finished more 100 comments...
May 01, 2017 10:08:11 AM solr.utils.Log doInfoLogging
INFO: 2017/05/01 10:08:11 >> Finished more 100 comments...
2017/05/01 10:08:13 >> Finished more 100 comments...
May 01, 2017 10:08:13 AM solr.utils.Log doInfoLogging
INFO: 2017/05/01 10:08:13 >> Finished more 100 comments...
2017/05/01 10:08:27 >> Finished more 100 comments...
May 01, 2017 10:08:27 AM solr.utils.Log doInfoLogging
INFO: 2017/05/01 10:08:27 >> Finished more 100 comments...
2017/05/01 10:08:42 >> Finished more 100 comments...
May 01, 2017 10:08:42 AM solr.utils.Log doInfoLogging
INFO: 2017/05/01 10:08:42 >> Finished more 100 comments...
2017/05/01 10:08:50 >> Finished more 100 comments...
May 01, 2017 10:08:50 AM solr.utils.Log doInfoLogging
INFO: 2017/05/01 10:08:50 >> Finished more 100 comments...
2017/05/01 10:08:54 >> Finished more 100 comments...
May 01, 2017 10:08:54 AM solr.utils.Log doInfoLogging
INFO: 2017/05/01 10:08:54 >> Finished more 100 comments...
2017/05/01 10:08:58 >> Finished more 100 comments...
May 01, 2017 10:08:58 AM solr.utils.Log doInfoLogging
INFO: 2017/05/01 10:08:58 >> Finished more 100 comments...
2017/05/01 10:09:01 >> Finished more 100 comments...
May 01, 2017 10:09:01 AM solr.utils.Log doInfoLogging
INFO: 2017/05/01 10:09:01 >> Finished more 100 comments...
2017/05/01 10:09:07 >> Finished more 100 comments...
May 01, 2017 10:09:07 AM solr.utils.Log doInfoLogging
INFO: 2017/05/01 10:09:07 >> Finished more 100 comments...
2017/05/01 10:09:12 >> Finished more 100 comments...
May 01, 2017 10:09:12 AM solr.utils.Log doInfoLogging
INFO: 2017/05/01 10:09:12 >> Finished more 100 comments...
2017/05/01 10:09:15 >> Finished more 100 comments...
May 01, 2017 10:09:15 AM solr.utils.Log doInfoLogging
INFO: 2017/05/01 10:09:15 >> Finished more 100 comments...
2017/05/01 10:09:22 >> Finished more 100 comments...
May 01, 2017 10:09:22 AM solr.utils.Log doInfoLogging
INFO: 2017/05/01 10:09:22 >> Finished more 100 comments...
2017/05/01 10:09:24 >> Finished more 100 comments...
May 01, 2017 10:09:24 AM solr.utils.Log doInfoLogging
INFO: 2017/05/01 10:09:24 >> Finished more 100 comments...
2017/05/01 10:10:18 >> Finished more 100 comments...
May 01, 2017 10:10:18 AM solr.utils.Log doInfoLogging
INFO: 2017/05/01 10:10:18 >> Finished more 100 comments...
2017/05/01 10:10:24 >> Finished more 100 comments...
May 01, 2017 10:10:24 AM solr.utils.Log doInfoLogging
INFO: 2017/05/01 10:10:24 >> Finished more 100 comments...
2017/05/01 10:10:28 >> Finished more 100 comments...
May 01, 2017 10:10:28 AM solr.utils.Log doInfoLogging
INFO: 2017/05/01 10:10:28 >> Finished more 100 comments...
2017/05/01 10:10:37 >> Finished more 100 comments...
May 01, 2017 10:10:37 AM solr.utils.Log doInfoLogging
INFO: 2017/05/01 10:10:37 >> Finished more 100 comments...
2017/05/01 10:10:42 >> Finished more 100 comments...
May 01, 2017 10:10:42 AM solr.utils.Log doInfoLogging
INFO: 2017/05/01 10:10:42 >> Finished more 100 comments...
2017/05/01 10:10:56 >> Finished more 100 comments...
May 01, 2017 10:10:56 AM solr.utils.Log doInfoLogging
INFO: 2017/05/01 10:10:56 >> Finished more 100 comments...
2017/05/01 10:11:05 >> Finished more 100 comments...
May 01, 2017 10:11:05 AM solr.utils.Log doInfoLogging
INFO: 2017/05/01 10:11:05 >> Finished more 100 comments...
2017/05/01 10:11:13 >> Finished more 100 comments...
May 01, 2017 10:11:13 AM solr.utils.Log doInfoLogging
INFO: 2017/05/01 10:11:13 >> Finished more 100 comments...
2017/05/01 10:11:17 >> Finished more 100 comments...
May 01, 2017 10:11:17 AM solr.utils.Log doInfoLogging
INFO: 2017/05/01 10:11:17 >> Finished more 100 comments...
2017/05/01 10:12:50 >> Finished more 100 comments...
May 01, 2017 10:12:50 AM solr.utils.Log doInfoLogging
INFO: 2017/05/01 10:12:50 >> Finished more 100 comments...
2017/05/01 10:13:01 >> Finished more 100 comments...
May 01, 2017 10:13:01 AM solr.utils.Log doInfoLogging
INFO: 2017/05/01 10:13:01 >> Finished more 100 comments...
2017/05/01 10:13:08 >> Finished more 100 comments...
May 01, 2017 10:13:08 AM solr.utils.Log doInfoLogging
INFO: 2017/05/01 10:13:08 >> Finished more 100 comments...
2017/05/01 10:13:50 >> Finished more 100 comments...
May 01, 2017 10:13:50 AM solr.utils.Log doInfoLogging
INFO: 2017/05/01 10:13:50 >> Finished more 100 comments...
2017/05/01 10:13:56 >> Finished more 100 comments...
May 01, 2017 10:13:56 AM solr.utils.Log doInfoLogging
INFO: 2017/05/01 10:13:56 >> Finished more 100 comments...
2017/05/01 10:14:16 >> Finished more 100 comments...
May 01, 2017 10:14:16 AM solr.utils.Log doInfoLogging
INFO: 2017/05/01 10:14:16 >> Finished more 100 comments...
2017/05/01 10:14:21 >> Finished more 100 comments...
May 01, 2017 10:14:21 AM solr.utils.Log doInfoLogging
INFO: 2017/05/01 10:14:21 >> Finished more 100 comments...
2017/05/01 10:14:25 >> Finished more 100 comments...
May 01, 2017 10:14:25 AM solr.utils.Log doInfoLogging
INFO: 2017/05/01 10:14:25 >> Finished more 100 comments...
2017/05/01 10:14:31 >> Finished more 100 comments...
May 01, 2017 10:14:31 AM solr.utils.Log doInfoLogging
INFO: 2017/05/01 10:14:31 >> Finished more 100 comments...
2017/05/01 10:14:41 >> Finished more 100 comments...
May 01, 2017 10:14:41 AM solr.utils.Log doInfoLogging
INFO: 2017/05/01 10:14:41 >> Finished more 100 comments...
2017/05/01 10:22:07 >> Finished more 100 comments...
May 01, 2017 10:22:07 AM solr.utils.Log doInfoLogging
INFO: 2017/05/01 10:22:07 >> Finished more 100 comments...
2017/05/01 10:22:11 >> Finished more 100 comments...
May 01, 2017 10:22:11 AM solr.utils.Log doInfoLogging
INFO: 2017/05/01 10:22:11 >> Finished more 100 comments...
2017/05/01 10:22:16 >> Finished more 100 comments...
May 01, 2017 10:22:16 AM solr.utils.Log doInfoLogging
INFO: 2017/05/01 10:22:16 >> Finished more 100 comments...
2017/05/01 10:23:28 >> Finished more 100 comments...
May 01, 2017 10:23:28 AM solr.utils.Log doInfoLogging
INFO: 2017/05/01 10:23:28 >> Finished more 100 comments...
2017/05/01 10:23:31 >> Finished more 100 comments...
May 01, 2017 10:23:31 AM solr.utils.Log doInfoLogging
INFO: 2017/05/01 10:23:31 >> Finished more 100 comments...
2017/05/01 10:23:36 >> Finished more 100 comments...
May 01, 2017 10:23:36 AM solr.utils.Log doInfoLogging
INFO: 2017/05/01 10:23:36 >> Finished more 100 comments...
2017/05/01 10:23:39 >> Finished more 100 comments...
May 01, 2017 10:23:39 AM solr.utils.Log doInfoLogging
INFO: 2017/05/01 10:23:39 >> Finished more 100 comments...
2017/05/01 10:26:31 >> Finished more 100 comments...
May 01, 2017 10:26:31 AM solr.utils.Log doInfoLogging
INFO: 2017/05/01 10:26:31 >> Finished more 100 comments...
2017/05/01 10:26:35 >> Finished more 100 comments...
May 01, 2017 10:26:35 AM solr.utils.Log doInfoLogging
INFO: 2017/05/01 10:26:35 >> Finished more 100 comments...
2017/05/01 10:26:40 >> Finished more 100 comments...
May 01, 2017 10:26:40 AM solr.utils.Log doInfoLogging
INFO: 2017/05/01 10:26:40 >> Finished more 100 comments...
2017/05/01 10:26:43 >> Finished more 100 comments...
May 01, 2017 10:26:43 AM solr.utils.Log doInfoLogging
INFO: 2017/05/01 10:26:43 >> Finished more 100 comments...
2017/05/01 10:26:54 >> Finished more 100 comments...
May 01, 2017 10:26:54 AM solr.utils.Log doInfoLogging
INFO: 2017/05/01 10:26:54 >> Finished more 100 comments...
2017/05/01 10:27:03 >> Finished more 100 comments...
May 01, 2017 10:27:03 AM solr.utils.Log doInfoLogging
INFO: 2017/05/01 10:27:03 >> Finished more 100 comments...
2017/05/01 10:27:08 >> Finished more 100 comments...
May 01, 2017 10:27:08 AM solr.utils.Log doInfoLogging
INFO: 2017/05/01 10:27:08 >> Finished more 100 comments...
2017/05/01 10:27:15 >> Finished more 100 comments...
May 01, 2017 10:27:15 AM solr.utils.Log doInfoLogging
INFO: 2017/05/01 10:27:15 >> Finished more 100 comments...
2017/05/01 10:27:22 >> Finished more 100 comments...
May 01, 2017 10:27:22 AM solr.utils.Log doInfoLogging
INFO: 2017/05/01 10:27:22 >> Finished more 100 comments...
2017/05/01 10:27:27 >> Finished more 100 comments...
May 01, 2017 10:27:27 AM solr.utils.Log doInfoLogging
INFO: 2017/05/01 10:27:27 >> Finished more 100 comments...
2017/05/01 10:27:32 >> Finished more 100 comments...
May 01, 2017 10:27:32 AM solr.utils.Log doInfoLogging
INFO: 2017/05/01 10:27:32 >> Finished more 100 comments...
2017/05/01 10:27:46 >> Finished more 100 comments...
May 01, 2017 10:27:46 AM solr.utils.Log doInfoLogging
INFO: 2017/05/01 10:27:46 >> Finished more 100 comments...
2017/05/01 10:27:51 >> Finished more 100 comments...
May 01, 2017 10:27:51 AM solr.utils.Log doInfoLogging
INFO: 2017/05/01 10:27:51 >> Finished more 100 comments...
2017/05/01 10:28:37 >> Finished more 100 comments...
May 01, 2017 10:28:37 AM solr.utils.Log doInfoLogging
INFO: 2017/05/01 10:28:37 >> Finished more 100 comments...
2017/05/01 10:28:41 >> Finished more 100 comments...
May 01, 2017 10:28:41 AM solr.utils.Log doInfoLogging
INFO: 2017/05/01 10:28:41 >> Finished more 100 comments...
2017/05/01 10:28:45 >> Finished more 100 comments...
May 01, 2017 10:28:45 AM solr.utils.Log doInfoLogging
INFO: 2017/05/01 10:28:45 >> Finished more 100 comments...
2017/05/01 10:45:48 >> Finished more 100 comments...
May 01, 2017 10:45:48 AM solr.utils.Log doInfoLogging
INFO: 2017/05/01 10:45:48 >> Finished more 100 comments...
2017/05/01 10:45:53 >> Finished more 100 comments...
May 01, 2017 10:45:53 AM solr.utils.Log doInfoLogging
INFO: 2017/05/01 10:45:53 >> Finished more 100 comments...
2017/05/01 10:45:56 >> Finished more 100 comments...
May 01, 2017 10:45:56 AM solr.utils.Log doInfoLogging
INFO: 2017/05/01 10:45:56 >> Finished more 100 comments...
2017/05/01 10:46:03 >> Finished more 100 comments...
May 01, 2017 10:46:03 AM solr.utils.Log doInfoLogging
INFO: 2017/05/01 10:46:03 >> Finished more 100 comments...
2017/05/01 10:46:15 >> Finished more 100 comments...
May 01, 2017 10:46:15 AM solr.utils.Log doInfoLogging
INFO: 2017/05/01 10:46:15 >> Finished more 100 comments...
2017/05/01 10:46:21 >> Finished more 100 comments...
May 01, 2017 10:46:21 AM solr.utils.Log doInfoLogging
INFO: 2017/05/01 10:46:21 >> Finished more 100 comments...
2017/05/01 10:46:26 >> Finished more 100 comments...
May 01, 2017 10:46:26 AM solr.utils.Log doInfoLogging
INFO: 2017/05/01 10:46:26 >> Finished more 100 comments...
2017/05/01 10:46:45 >> Finished more 100 comments...
May 01, 2017 10:46:45 AM solr.utils.Log doInfoLogging
INFO: 2017/05/01 10:46:45 >> Finished more 100 comments...
2017/05/01 10:46:49 >> Finished more 100 comments...
May 01, 2017 10:46:49 AM solr.utils.Log doInfoLogging
INFO: 2017/05/01 10:46:49 >> Finished more 100 comments...
2017/05/01 10:46:55 >> Finished more 100 comments...
May 01, 2017 10:46:55 AM solr.utils.Log doInfoLogging
INFO: 2017/05/01 10:46:55 >> Finished more 100 comments...
2017/05/01 10:47:11 >> Finished more 100 comments...
May 01, 2017 10:47:11 AM solr.utils.Log doInfoLogging
INFO: 2017/05/01 10:47:11 >> Finished more 100 comments...
2017/05/01 10:47:17 >> Finished more 100 comments...
May 01, 2017 10:47:17 AM solr.utils.Log doInfoLogging
INFO: 2017/05/01 10:47:17 >> Finished more 100 comments...
2017/05/01 10:47:55 >> Finished more 100 comments...
May 01, 2017 10:47:55 AM solr.utils.Log doInfoLogging
INFO: 2017/05/01 10:47:55 >> Finished more 100 comments...
2017/05/01 10:48:00 >> Finished more 100 comments...
May 01, 2017 10:48:00 AM solr.utils.Log doInfoLogging
INFO: 2017/05/01 10:48:00 >> Finished more 100 comments...
2017/05/01 10:59:01 >> Finished more 100 comments...
May 01, 2017 10:59:01 AM solr.utils.Log doInfoLogging
INFO: 2017/05/01 10:59:01 >> Finished more 100 comments...
2017/05/01 10:59:06 >> Finished more 100 comments...
May 01, 2017 10:59:06 AM solr.utils.Log doInfoLogging
INFO: 2017/05/01 10:59:06 >> Finished more 100 comments...
2017/05/01 10:59:20 >> Finished more 100 comments...
May 01, 2017 10:59:20 AM solr.utils.Log doInfoLogging
INFO: 2017/05/01 10:59:20 >> Finished more 100 comments...
2017/05/01 10:59:25 >> Finished more 100 comments...
May 01, 2017 10:59:25 AM solr.utils.Log doInfoLogging
INFO: 2017/05/01 10:59:25 >> Finished more 100 comments...
2017/05/01 10:59:27 >> Finished more 100 comments...
May 01, 2017 10:59:27 AM solr.utils.Log doInfoLogging
INFO: 2017/05/01 10:59:27 >> Finished more 100 comments...
2017/05/01 10:59:35 >> Finished more 100 comments...
May 01, 2017 10:59:35 AM solr.utils.Log doInfoLogging
INFO: 2017/05/01 10:59:35 >> Finished more 100 comments...
2017/05/01 11:00:07 >> Finished more 100 comments...
May 01, 2017 11:00:07 AM solr.utils.Log doInfoLogging
INFO: 2017/05/01 11:00:07 >> Finished more 100 comments...
2017/05/01 11:00:12 >> Finished more 100 comments...
May 01, 2017 11:00:12 AM solr.utils.Log doInfoLogging
INFO: 2017/05/01 11:00:12 >> Finished more 100 comments...
2017/05/01 11:00:18 >> Finished more 100 comments...
May 01, 2017 11:00:18 AM solr.utils.Log doInfoLogging
INFO: 2017/05/01 11:00:18 >> Finished more 100 comments...
2017/05/01 11:00:28 >> Finished more 100 comments...
May 01, 2017 11:00:28 AM solr.utils.Log doInfoLogging
INFO: 2017/05/01 11:00:28 >> Finished more 100 comments...
2017/05/01 11:00:36 >> Finished more 100 comments...
May 01, 2017 11:00:36 AM solr.utils.Log doInfoLogging
INFO: 2017/05/01 11:00:36 >> Finished more 100 comments...
2017/05/01 11:00:43 >> Finished more 100 comments...
May 01, 2017 11:00:43 AM solr.utils.Log doInfoLogging
INFO: 2017/05/01 11:00:43 >> Finished more 100 comments...
2017/05/01 11:01:18 >> Finished more 100 comments...
May 01, 2017 11:01:18 AM solr.utils.Log doInfoLogging
INFO: 2017/05/01 11:01:18 >> Finished more 100 comments...
2017/05/01 11:16:40 >> Finished more 100 comments...
May 01, 2017 11:16:40 AM solr.utils.Log doInfoLogging
INFO: 2017/05/01 11:16:40 >> Finished more 100 comments...
2017/05/01 11:16:56 >> Finished more 100 comments...
May 01, 2017 11:16:56 AM solr.utils.Log doInfoLogging
INFO: 2017/05/01 11:16:56 >> Finished more 100 comments...
2017/05/01 11:17:01 >> Finished more 100 comments...
May 01, 2017 11:17:01 AM solr.utils.Log doInfoLogging
INFO: 2017/05/01 11:17:01 >> Finished more 100 comments...
2017/05/01 11:17:11 >> Finished more 100 comments...
May 01, 2017 11:17:11 AM solr.utils.Log doInfoLogging
INFO: 2017/05/01 11:17:11 >> Finished more 100 comments...
2017/05/01 11:17:32 >> Finished more 100 comments...
May 01, 2017 11:17:32 AM solr.utils.Log doInfoLogging
INFO: 2017/05/01 11:17:32 >> Finished more 100 comments...
2017/05/01 11:17:42 >> Finished more 100 comments...
May 01, 2017 11:17:42 AM solr.utils.Log doInfoLogging
INFO: 2017/05/01 11:17:42 >> Finished more 100 comments...
2017/05/01 11:17:48 >> Finished more 100 comments...
May 01, 2017 11:17:48 AM solr.utils.Log doInfoLogging
INFO: 2017/05/01 11:17:48 >> Finished more 100 comments...
2017/05/01 11:17:53 >> Finished more 100 comments...
May 01, 2017 11:17:53 AM solr.utils.Log doInfoLogging
INFO: 2017/05/01 11:17:53 >> Finished more 100 comments...
2017/05/01 11:17:58 >> Finished more 100 comments...
May 01, 2017 11:17:58 AM solr.utils.Log doInfoLogging
INFO: 2017/05/01 11:17:58 >> Finished more 100 comments...
2017/05/01 11:18:03 >> Finished more 100 comments...
May 01, 2017 11:18:03 AM solr.utils.Log doInfoLogging
INFO: 2017/05/01 11:18:03 >> Finished more 100 comments...
2017/05/01 11:18:07 >> Finished more 100 comments...
May 01, 2017 11:18:07 AM solr.utils.Log doInfoLogging
INFO: 2017/05/01 11:18:07 >> Finished more 100 comments...
2017/05/01 11:18:11 >> Finished more 100 comments...
May 01, 2017 11:18:11 AM solr.utils.Log doInfoLogging
INFO: 2017/05/01 11:18:11 >> Finished more 100 comments...
2017/05/01 11:18:14 >> Finished more 100 comments...
May 01, 2017 11:18:14 AM solr.utils.Log doInfoLogging
INFO: 2017/05/01 11:18:14 >> Finished more 100 comments...
2017/05/01 11:18:18 >> Finished more 100 comments...
May 01, 2017 11:18:18 AM solr.utils.Log doInfoLogging
INFO: 2017/05/01 11:18:18 >> Finished more 100 comments...
2017/05/01 11:19:42 >> Finished more 100 comments...
May 01, 2017 11:19:42 AM solr.utils.Log doInfoLogging
INFO: 2017/05/01 11:19:42 >> Finished more 100 comments...
2017/05/01 11:19:51 >> Finished more 100 comments...
May 01, 2017 11:19:51 AM solr.utils.Log doInfoLogging
INFO: 2017/05/01 11:19:51 >> Finished more 100 comments...
2017/05/01 11:19:53 >> Finished more 100 comments...
May 01, 2017 11:19:53 AM solr.utils.Log doInfoLogging
INFO: 2017/05/01 11:19:53 >> Finished more 100 comments...
2017/05/01 11:21:17 >> Finished more 100 comments...
May 01, 2017 11:21:17 AM solr.utils.Log doInfoLogging
INFO: 2017/05/01 11:21:17 >> Finished more 100 comments...
2017/05/01 11:21:28 >> Finished more 100 comments...
May 01, 2017 11:21:28 AM solr.utils.Log doInfoLogging
INFO: 2017/05/01 11:21:28 >> Finished more 100 comments...
2017/05/01 11:21:44 >> Finished more 100 comments...
May 01, 2017 11:21:44 AM solr.utils.Log doInfoLogging
INFO: 2017/05/01 11:21:44 >> Finished more 100 comments...
2017/05/01 11:22:45 >> Finished more 100 comments...
May 01, 2017 11:22:45 AM solr.utils.Log doInfoLogging
INFO: 2017/05/01 11:22:45 >> Finished more 100 comments...
2017/05/01 11:22:51 >> Finished more 100 comments...
May 01, 2017 11:22:51 AM solr.utils.Log doInfoLogging
INFO: 2017/05/01 11:22:51 >> Finished more 100 comments...
2017/05/01 11:23:02 >> Finished more 100 comments...
May 01, 2017 11:23:02 AM solr.utils.Log doInfoLogging
INFO: 2017/05/01 11:23:02 >> Finished more 100 comments...
2017/05/01 11:23:20 >> Finished more 100 comments...
May 01, 2017 11:23:20 AM solr.utils.Log doInfoLogging
INFO: 2017/05/01 11:23:20 >> Finished more 100 comments...
2017/05/01 11:23:22 >> Finished more 100 comments...
May 01, 2017 11:23:22 AM solr.utils.Log doInfoLogging
INFO: 2017/05/01 11:23:22 >> Finished more 100 comments...
2017/05/01 12:27:46 >> Finished more 100 comments...
May 01, 2017 12:27:46 PM solr.utils.Log doInfoLogging
INFO: 2017/05/01 12:27:46 >> Finished more 100 comments...
2017/05/01 12:30:14 >> Finished more 100 comments...
May 01, 2017 12:30:14 PM solr.utils.Log doInfoLogging
INFO: 2017/05/01 12:30:14 >> Finished more 100 comments...
2017/05/01 12:30:21 >> Finished more 100 comments...
May 01, 2017 12:30:21 PM solr.utils.Log doInfoLogging
INFO: 2017/05/01 12:30:21 >> Finished more 100 comments...
2017/05/01 12:30:25 >> Finished more 100 comments...
May 01, 2017 12:30:25 PM solr.utils.Log doInfoLogging
INFO: 2017/05/01 12:30:25 >> Finished more 100 comments...
2017/05/01 12:36:35 >> Finished more 100 comments...
May 01, 2017 12:36:35 PM solr.utils.Log doInfoLogging
INFO: 2017/05/01 12:36:35 >> Finished more 100 comments...
2017/05/01 12:36:39 >> Finished more 100 comments...
May 01, 2017 12:36:39 PM solr.utils.Log doInfoLogging
INFO: 2017/05/01 12:36:39 >> Finished more 100 comments...
2017/05/01 12:37:27 >> Finished more 100 comments...
May 01, 2017 12:37:27 PM solr.utils.Log doInfoLogging
INFO: 2017/05/01 12:37:27 >> Finished more 100 comments...
2017/05/01 12:37:33 >> Finished more 100 comments...
May 01, 2017 12:37:33 PM solr.utils.Log doInfoLogging
INFO: 2017/05/01 12:37:33 >> Finished more 100 comments...
2017/05/01 12:37:38 >> Finished more 100 comments...
May 01, 2017 12:37:38 PM solr.utils.Log doInfoLogging
INFO: 2017/05/01 12:37:38 >> Finished more 100 comments...
2017/05/01 12:38:00 >> Finished more 100 comments...
May 01, 2017 12:38:00 PM solr.utils.Log doInfoLogging
INFO: 2017/05/01 12:38:00 >> Finished more 100 comments...
2017/05/01 12:38:06 >> Finished more 100 comments...
May 01, 2017 12:38:06 PM solr.utils.Log doInfoLogging
INFO: 2017/05/01 12:38:06 >> Finished more 100 comments...
2017/05/01 12:38:12 >> Finished more 100 comments...
May 01, 2017 12:38:12 PM solr.utils.Log doInfoLogging
INFO: 2017/05/01 12:38:12 >> Finished more 100 comments...
2017/05/01 12:38:23 >> Finished more 100 comments...
May 01, 2017 12:38:23 PM solr.utils.Log doInfoLogging
INFO: 2017/05/01 12:38:23 >> Finished more 100 comments...
2017/05/01 12:38:26 >> Finished more 100 comments...
May 01, 2017 12:38:26 PM solr.utils.Log doInfoLogging
INFO: 2017/05/01 12:38:26 >> Finished more 100 comments...
2017/05/01 12:38:31 >> Finished more 100 comments...
May 01, 2017 12:38:31 PM solr.utils.Log doInfoLogging
INFO: 2017/05/01 12:38:31 >> Finished more 100 comments...
2017/05/01 12:38:40 >> Finished more 100 comments...
May 01, 2017 12:38:40 PM solr.utils.Log doInfoLogging
INFO: 2017/05/01 12:38:40 >> Finished more 100 comments...
2017/05/01 12:38:57 >> Finished more 100 comments...
May 01, 2017 12:38:57 PM solr.utils.Log doInfoLogging
INFO: 2017/05/01 12:38:57 >> Finished more 100 comments...
2017/05/01 12:39:06 >> Finished more 100 comments...
May 01, 2017 12:39:06 PM solr.utils.Log doInfoLogging
INFO: 2017/05/01 12:39:06 >> Finished more 100 comments...
2017/05/01 12:39:10 >> Finished more 100 comments...
May 01, 2017 12:39:10 PM solr.utils.Log doInfoLogging
INFO: 2017/05/01 12:39:10 >> Finished more 100 comments...
2017/05/01 12:39:23 >> Finished more 100 comments...
May 01, 2017 12:39:23 PM solr.utils.Log doInfoLogging
INFO: 2017/05/01 12:39:23 >> Finished more 100 comments...
2017/05/01 12:39:28 >> Finished more 100 comments...
May 01, 2017 12:39:28 PM solr.utils.Log doInfoLogging
INFO: 2017/05/01 12:39:28 >> Finished more 100 comments...
[main] WARN edu.stanford.nlp.process.PTBLexer - Untokenizable:  (U+FFFD, decimal: 65533)
2017/05/01 12:39:51 >> Finished more 100 comments...
May 01, 2017 12:39:51 PM solr.utils.Log doInfoLogging
INFO: 2017/05/01 12:39:51 >> Finished more 100 comments...
2017/05/01 12:39:56 >> Finished more 100 comments...
May 01, 2017 12:39:56 PM solr.utils.Log doInfoLogging
INFO: 2017/05/01 12:39:56 >> Finished more 100 comments...
2017/05/01 12:43:07 >> Finished more 100 comments...
May 01, 2017 12:43:07 PM solr.utils.Log doInfoLogging
INFO: 2017/05/01 12:43:07 >> Finished more 100 comments...
2017/05/01 12:43:17 >> Finished more 100 comments...
May 01, 2017 12:43:17 PM solr.utils.Log doInfoLogging
INFO: 2017/05/01 12:43:17 >> Finished more 100 comments...
2017/05/01 12:43:25 >> Finished more 100 comments...
May 01, 2017 12:43:25 PM solr.utils.Log doInfoLogging
INFO: 2017/05/01 12:43:25 >> Finished more 100 comments...
2017/05/01 12:43:33 >> Finished more 100 comments...
May 01, 2017 12:43:33 PM solr.utils.Log doInfoLogging
INFO: 2017/05/01 12:43:33 >> Finished more 100 comments...
2017/05/01 12:43:39 >> Finished more 100 comments...
May 01, 2017 12:43:39 PM solr.utils.Log doInfoLogging
INFO: 2017/05/01 12:43:39 >> Finished more 100 comments...
2017/05/01 12:43:42 >> Finished more 100 comments...
May 01, 2017 12:43:42 PM solr.utils.Log doInfoLogging
INFO: 2017/05/01 12:43:42 >> Finished more 100 comments...
2017/05/01 12:43:46 >> Finished more 100 comments...
May 01, 2017 12:43:46 PM solr.utils.Log doInfoLogging
INFO: 2017/05/01 12:43:46 >> Finished more 100 comments...
2017/05/01 12:44:04 >> Finished more 100 comments...
May 01, 2017 12:44:04 PM solr.utils.Log doInfoLogging
INFO: 2017/05/01 12:44:04 >> Finished more 100 comments...
2017/05/01 12:44:15 >> Finished more 100 comments...
May 01, 2017 12:44:15 PM solr.utils.Log doInfoLogging
INFO: 2017/05/01 12:44:15 >> Finished more 100 comments...
2017/05/01 12:44:22 >> Finished more 100 comments...
May 01, 2017 12:44:22 PM solr.utils.Log doInfoLogging
INFO: 2017/05/01 12:44:22 >> Finished more 100 comments...
2017/05/01 12:44:25 >> Finished more 100 comments...
May 01, 2017 12:44:25 PM solr.utils.Log doInfoLogging
INFO: 2017/05/01 12:44:25 >> Finished more 100 comments...
2017/05/01 12:44:35 >> Finished more 100 comments...
May 01, 2017 12:44:35 PM solr.utils.Log doInfoLogging
INFO: 2017/05/01 12:44:35 >> Finished more 100 comments...
2017/05/01 12:44:47 >> Finished more 100 comments...
May 01, 2017 12:44:47 PM solr.utils.Log doInfoLogging
INFO: 2017/05/01 12:44:47 >> Finished more 100 comments...
2017/05/01 12:44:51 >> Finished more 100 comments...
May 01, 2017 12:44:51 PM solr.utils.Log doInfoLogging
INFO: 2017/05/01 12:44:51 >> Finished more 100 comments...
2017/05/01 12:45:08 >> Finished more 100 comments...
May 01, 2017 12:45:08 PM solr.utils.Log doInfoLogging
INFO: 2017/05/01 12:45:08 >> Finished more 100 comments...
2017/05/01 12:45:16 >> Finished more 100 comments...
May 01, 2017 12:45:16 PM solr.utils.Log doInfoLogging
INFO: 2017/05/01 12:45:16 >> Finished more 100 comments...
2017/05/01 12:45:29 >> Finished more 100 comments...
May 01, 2017 12:45:29 PM solr.utils.Log doInfoLogging
INFO: 2017/05/01 12:45:29 >> Finished more 100 comments...
2017/05/01 12:45:34 >> Finished more 100 comments...
May 01, 2017 12:45:34 PM solr.utils.Log doInfoLogging
INFO: 2017/05/01 12:45:34 >> Finished more 100 comments...
2017/05/01 12:45:42 >> Finished more 100 comments...
May 01, 2017 12:45:42 PM solr.utils.Log doInfoLogging
INFO: 2017/05/01 12:45:42 >> Finished more 100 comments...
2017/05/01 12:45:46 >> Finished more 100 comments...
May 01, 2017 12:45:46 PM solr.utils.Log doInfoLogging
INFO: 2017/05/01 12:45:46 >> Finished more 100 comments...
2017/05/01 12:45:51 >> Finished more 100 comments...
May 01, 2017 12:45:51 PM solr.utils.Log doInfoLogging
INFO: 2017/05/01 12:45:51 >> Finished more 100 comments...
2017/05/01 12:46:03 >> Finished more 100 comments...
May 01, 2017 12:46:03 PM solr.utils.Log doInfoLogging
INFO: 2017/05/01 12:46:03 >> Finished more 100 comments...
2017/05/01 12:46:11 >> Finished more 100 comments...
May 01, 2017 12:46:11 PM solr.utils.Log doInfoLogging
INFO: 2017/05/01 12:46:11 >> Finished more 100 comments...
2017/05/01 12:46:17 >> Finished more 100 comments...
May 01, 2017 12:46:17 PM solr.utils.Log doInfoLogging
INFO: 2017/05/01 12:46:17 >> Finished more 100 comments...
2017/05/01 12:46:23 >> Finished more 100 comments...
May 01, 2017 12:46:23 PM solr.utils.Log doInfoLogging
INFO: 2017/05/01 12:46:23 >> Finished more 100 comments...
2017/05/01 12:46:40 >> Finished more 100 comments...
May 01, 2017 12:46:40 PM solr.utils.Log doInfoLogging
INFO: 2017/05/01 12:46:40 >> Finished more 100 comments...
2017/05/01 12:46:49 >> Finished more 100 comments...
May 01, 2017 12:46:49 PM solr.utils.Log doInfoLogging
INFO: 2017/05/01 12:46:49 >> Finished more 100 comments...
2017/05/01 12:46:53 >> Finished more 100 comments...
May 01, 2017 12:46:53 PM solr.utils.Log doInfoLogging
INFO: 2017/05/01 12:46:53 >> Finished more 100 comments...
2017/05/01 12:46:56 >> Finished more 100 comments...
May 01, 2017 12:46:56 PM solr.utils.Log doInfoLogging
INFO: 2017/05/01 12:46:56 >> Finished more 100 comments...
2017/05/01 12:47:08 >> Finished more 100 comments...
May 01, 2017 12:47:08 PM solr.utils.Log doInfoLogging
INFO: 2017/05/01 12:47:08 >> Finished more 100 comments...
2017/05/01 12:47:18 >> Finished more 100 comments...
May 01, 2017 12:47:18 PM solr.utils.Log doInfoLogging
INFO: 2017/05/01 12:47:18 >> Finished more 100 comments...
2017/05/01 12:47:22 >> Finished more 100 comments...
May 01, 2017 12:47:22 PM solr.utils.Log doInfoLogging
INFO: 2017/05/01 12:47:22 >> Finished more 100 comments...
2017/05/01 12:47:33 >> Finished more 100 comments...
May 01, 2017 12:47:33 PM solr.utils.Log doInfoLogging
INFO: 2017/05/01 12:47:33 >> Finished more 100 comments...
2017/05/01 12:47:36 >> Finished more 100 comments...
May 01, 2017 12:47:36 PM solr.utils.Log doInfoLogging
INFO: 2017/05/01 12:47:36 >> Finished more 100 comments...
2017/05/01 12:47:43 >> Finished more 100 comments...
May 01, 2017 12:47:43 PM solr.utils.Log doInfoLogging
INFO: 2017/05/01 12:47:43 >> Finished more 100 comments...
2017/05/01 12:47:47 >> Finished more 100 comments...
May 01, 2017 12:47:47 PM solr.utils.Log doInfoLogging
INFO: 2017/05/01 12:47:47 >> Finished more 100 comments...
2017/05/01 12:47:52 >> Finished more 100 comments...
May 01, 2017 12:47:52 PM solr.utils.Log doInfoLogging
INFO: 2017/05/01 12:47:52 >> Finished more 100 comments...
2017/05/01 12:47:59 >> Finished more 100 comments...
May 01, 2017 12:47:59 PM solr.utils.Log doInfoLogging
INFO: 2017/05/01 12:47:59 >> Finished more 100 comments...
2017/05/01 12:48:03 >> Finished more 100 comments...
May 01, 2017 12:48:03 PM solr.utils.Log doInfoLogging
INFO: 2017/05/01 12:48:03 >> Finished more 100 comments...
2017/05/01 12:48:29 >> Finished more 100 comments...
May 01, 2017 12:48:29 PM solr.utils.Log doInfoLogging
INFO: 2017/05/01 12:48:29 >> Finished more 100 comments...
2017/05/01 12:48:36 >> Finished more 100 comments...
May 01, 2017 12:48:36 PM solr.utils.Log doInfoLogging
INFO: 2017/05/01 12:48:36 >> Finished more 100 comments...
2017/05/01 12:48:42 >> Finished more 100 comments...
May 01, 2017 12:48:42 PM solr.utils.Log doInfoLogging
INFO: 2017/05/01 12:48:42 >> Finished more 100 comments...
2017/05/01 12:48:51 >> Finished more 100 comments...
May 01, 2017 12:48:51 PM solr.utils.Log doInfoLogging
INFO: 2017/05/01 12:48:51 >> Finished more 100 comments...
2017/05/01 12:48:57 >> Finished more 100 comments...
May 01, 2017 12:48:57 PM solr.utils.Log doInfoLogging
INFO: 2017/05/01 12:48:57 >> Finished more 100 comments...
2017/05/01 12:51:41 >> Finished more 100 comments...
May 01, 2017 12:51:41 PM solr.utils.Log doInfoLogging
INFO: 2017/05/01 12:51:41 >> Finished more 100 comments...
2017/05/01 12:51:54 >> Finished more 100 comments...
May 01, 2017 12:51:54 PM solr.utils.Log doInfoLogging
INFO: 2017/05/01 12:51:54 >> Finished more 100 comments...
2017/05/01 12:52:00 >> Finished more 100 comments...
May 01, 2017 12:52:00 PM solr.utils.Log doInfoLogging
INFO: 2017/05/01 12:52:00 >> Finished more 100 comments...
2017/05/01 12:52:10 >> Finished more 100 comments...
May 01, 2017 12:52:10 PM solr.utils.Log doInfoLogging
INFO: 2017/05/01 12:52:10 >> Finished more 100 comments...
2017/05/01 12:52:16 >> Finished more 100 comments...
May 01, 2017 12:52:16 PM solr.utils.Log doInfoLogging
INFO: 2017/05/01 12:52:16 >> Finished more 100 comments...
2017/05/01 12:52:26 >> Finished more 100 comments...
May 01, 2017 12:52:26 PM solr.utils.Log doInfoLogging
INFO: 2017/05/01 12:52:26 >> Finished more 100 comments...
2017/05/01 12:52:30 >> Finished more 100 comments...
May 01, 2017 12:52:30 PM solr.utils.Log doInfoLogging
INFO: 2017/05/01 12:52:30 >> Finished more 100 comments...
2017/05/01 12:52:33 >> Finished more 100 comments...
May 01, 2017 12:52:33 PM solr.utils.Log doInfoLogging
INFO: 2017/05/01 12:52:33 >> Finished more 100 comments...
2017/05/01 12:53:00 >> Finished more 100 comments...
May 01, 2017 12:53:00 PM solr.utils.Log doInfoLogging
INFO: 2017/05/01 12:53:00 >> Finished more 100 comments...
2017/05/01 12:53:11 >> Finished more 100 comments...
May 01, 2017 12:53:11 PM solr.utils.Log doInfoLogging
INFO: 2017/05/01 12:53:11 >> Finished more 100 comments...
2017/05/01 12:53:17 >> Finished more 100 comments...
May 01, 2017 12:53:17 PM solr.utils.Log doInfoLogging
INFO: 2017/05/01 12:53:17 >> Finished more 100 comments...
2017/05/01 13:06:05 >> Finished more 100 comments...
May 01, 2017 1:06:05 PM solr.utils.Log doInfoLogging
INFO: 2017/05/01 13:06:05 >> Finished more 100 comments...
2017/05/01 13:06:15 >> Finished more 100 comments...
May 01, 2017 1:06:15 PM solr.utils.Log doInfoLogging
INFO: 2017/05/01 13:06:15 >> Finished more 100 comments...
2017/05/01 13:06:22 >> Finished more 100 comments...
May 01, 2017 1:06:22 PM solr.utils.Log doInfoLogging
INFO: 2017/05/01 13:06:22 >> Finished more 100 comments...
2017/05/01 13:06:30 >> Finished more 100 comments...
May 01, 2017 1:06:30 PM solr.utils.Log doInfoLogging
INFO: 2017/05/01 13:06:30 >> Finished more 100 comments...
2017/05/01 13:06:33 >> Finished more 100 comments...
May 01, 2017 1:06:33 PM solr.utils.Log doInfoLogging
INFO: 2017/05/01 13:06:33 >> Finished more 100 comments...
2017/05/01 13:06:36 >> Finished more 100 comments...
May 01, 2017 1:06:36 PM solr.utils.Log doInfoLogging
INFO: 2017/05/01 13:06:36 >> Finished more 100 comments...
2017/05/01 13:06:41 >> Finished more 100 comments...
May 01, 2017 1:06:41 PM solr.utils.Log doInfoLogging
INFO: 2017/05/01 13:06:41 >> Finished more 100 comments...
2017/05/01 13:06:50 >> Finished more 100 comments...
May 01, 2017 1:06:50 PM solr.utils.Log doInfoLogging
INFO: 2017/05/01 13:06:50 >> Finished more 100 comments...
2017/05/01 13:11:36 >> Finished more 100 comments...
May 01, 2017 1:11:36 PM solr.utils.Log doInfoLogging
INFO: 2017/05/01 13:11:36 >> Finished more 100 comments...
2017/05/01 13:11:42 >> Finished more 100 comments...
May 01, 2017 1:11:42 PM solr.utils.Log doInfoLogging
INFO: 2017/05/01 13:11:42 >> Finished more 100 comments...
2017/05/01 13:11:48 >> Finished more 100 comments...
May 01, 2017 1:11:48 PM solr.utils.Log doInfoLogging
INFO: 2017/05/01 13:11:48 >> Finished more 100 comments...
2017/05/01 13:11:54 >> Finished more 100 comments...
May 01, 2017 1:11:54 PM solr.utils.Log doInfoLogging
INFO: 2017/05/01 13:11:54 >> Finished more 100 comments...
2017/05/01 13:12:06 >> Finished more 100 comments...
May 01, 2017 1:12:06 PM solr.utils.Log doInfoLogging
INFO: 2017/05/01 13:12:06 >> Finished more 100 comments...
2017/05/01 13:12:10 >> Finished more 100 comments...
May 01, 2017 1:12:10 PM solr.utils.Log doInfoLogging
INFO: 2017/05/01 13:12:10 >> Finished more 100 comments...
2017/05/01 13:12:40 >> Finished more 100 comments...
May 01, 2017 1:12:40 PM solr.utils.Log doInfoLogging
INFO: 2017/05/01 13:12:40 >> Finished more 100 comments...
2017/05/01 18:54:58 >> Finished more 100 comments...
May 01, 2017 6:54:58 PM solr.utils.Log doInfoLogging
INFO: 2017/05/01 18:54:58 >> Finished more 100 comments...
2017/05/01 18:55:09 >> Finished more 100 comments...
May 01, 2017 6:55:09 PM solr.utils.Log doInfoLogging
INFO: 2017/05/01 18:55:09 >> Finished more 100 comments...
2017/05/01 18:55:13 >> Finished more 100 comments...
May 01, 2017 6:55:13 PM solr.utils.Log doInfoLogging
INFO: 2017/05/01 18:55:13 >> Finished more 100 comments...
2017/05/01 18:55:19 >> Finished more 100 comments...
May 01, 2017 6:55:19 PM solr.utils.Log doInfoLogging
INFO: 2017/05/01 18:55:19 >> Finished more 100 comments...
2017/05/01 18:55:29 >> Finished more 100 comments...
May 01, 2017 6:55:29 PM solr.utils.Log doInfoLogging
INFO: 2017/05/01 18:55:29 >> Finished more 100 comments...
2017/05/01 18:55:35 >> Finished more 100 comments...
May 01, 2017 6:55:35 PM solr.utils.Log doInfoLogging
INFO: 2017/05/01 18:55:35 >> Finished more 100 comments...
2017/05/01 18:55:42 >> Finished more 100 comments...
May 01, 2017 6:55:42 PM solr.utils.Log doInfoLogging
INFO: 2017/05/01 18:55:42 >> Finished more 100 comments...
2017/05/01 18:55:48 >> Finished more 100 comments...
May 01, 2017 6:55:48 PM solr.utils.Log doInfoLogging
INFO: 2017/05/01 18:55:48 >> Finished more 100 comments...
2017/05/01 18:55:54 >> Finished more 100 comments...
May 01, 2017 6:55:54 PM solr.utils.Log doInfoLogging
INFO: 2017/05/01 18:55:54 >> Finished more 100 comments...
2017/05/01 18:55:56 >> Finished more 100 comments...
May 01, 2017 6:55:56 PM solr.utils.Log doInfoLogging
INFO: 2017/05/01 18:55:56 >> Finished more 100 comments...
2017/05/01 18:56:02 >> Finished more 100 comments...
May 01, 2017 6:56:02 PM solr.utils.Log doInfoLogging
INFO: 2017/05/01 18:56:02 >> Finished more 100 comments...
2017/05/01 18:56:10 >> Finished more 100 comments...
May 01, 2017 6:56:10 PM solr.utils.Log doInfoLogging
INFO: 2017/05/01 18:56:10 >> Finished more 100 comments...
2017/05/01 18:56:15 >> Finished more 100 comments...
May 01, 2017 6:56:15 PM solr.utils.Log doInfoLogging
INFO: 2017/05/01 18:56:15 >> Finished more 100 comments...
2017/05/01 18:56:24 >> Finished more 100 comments...
May 01, 2017 6:56:24 PM solr.utils.Log doInfoLogging
INFO: 2017/05/01 18:56:24 >> Finished more 100 comments...
2017/05/01 18:56:31 >> Finished more 100 comments...
May 01, 2017 6:56:31 PM solr.utils.Log doInfoLogging
INFO: 2017/05/01 18:56:31 >> Finished more 100 comments...
[main] WARN edu.stanford.nlp.process.PTBLexer - Untokenizable:  (U+FFFD, decimal: 65533)
[main] WARN edu.stanford.nlp.process.PTBLexer - Untokenizable:  (U+FFFD, decimal: 65533)
2017/05/01 18:57:03 >> Finished more 100 comments...
May 01, 2017 6:57:03 PM solr.utils.Log doInfoLogging
INFO: 2017/05/01 18:57:03 >> Finished more 100 comments...
2017/05/01 18:57:09 >> Finished more 100 comments...
May 01, 2017 6:57:09 PM solr.utils.Log doInfoLogging
INFO: 2017/05/01 18:57:09 >> Finished more 100 comments...
2017/05/01 18:57:15 >> Finished more 100 comments...
May 01, 2017 6:57:15 PM solr.utils.Log doInfoLogging
INFO: 2017/05/01 18:57:15 >> Finished more 100 comments...
2017/05/01 18:58:23 >> Finished more 100 comments...
May 01, 2017 6:58:23 PM solr.utils.Log doInfoLogging
INFO: 2017/05/01 18:58:23 >> Finished more 100 comments...
2017/05/01 18:58:28 >> Finished more 100 comments...
May 01, 2017 6:58:28 PM solr.utils.Log doInfoLogging
INFO: 2017/05/01 18:58:28 >> Finished more 100 comments...
2017/05/01 18:58:34 >> Finished more 100 comments...
May 01, 2017 6:58:34 PM solr.utils.Log doInfoLogging
INFO: 2017/05/01 18:58:34 >> Finished more 100 comments...
2017/05/01 18:58:46 >> Finished more 100 comments...
May 01, 2017 6:58:46 PM solr.utils.Log doInfoLogging
INFO: 2017/05/01 18:58:46 >> Finished more 100 comments...
2017/05/01 18:58:55 >> Finished more 100 comments...
May 01, 2017 6:58:55 PM solr.utils.Log doInfoLogging
INFO: 2017/05/01 18:58:55 >> Finished more 100 comments...
2017/05/01 18:59:00 >> Finished more 100 comments...
May 01, 2017 6:59:00 PM solr.utils.Log doInfoLogging
INFO: 2017/05/01 18:59:00 >> Finished more 100 comments...
2017/05/01 18:59:10 >> Finished more 100 comments...
May 01, 2017 6:59:10 PM solr.utils.Log doInfoLogging
INFO: 2017/05/01 18:59:10 >> Finished more 100 comments...
2017/05/01 18:59:23 >> Finished more 100 comments...
May 01, 2017 6:59:23 PM solr.utils.Log doInfoLogging
INFO: 2017/05/01 18:59:23 >> Finished more 100 comments...
2017/05/01 18:59:30 >> Finished more 100 comments...
May 01, 2017 6:59:30 PM solr.utils.Log doInfoLogging
INFO: 2017/05/01 18:59:30 >> Finished more 100 comments...
2017/05/01 18:59:35 >> Finished more 100 comments...
May 01, 2017 6:59:35 PM solr.utils.Log doInfoLogging
INFO: 2017/05/01 18:59:35 >> Finished more 100 comments...
2017/05/01 18:59:38 >> Finished more 100 comments...
May 01, 2017 6:59:38 PM solr.utils.Log doInfoLogging
INFO: 2017/05/01 18:59:38 >> Finished more 100 comments...
2017/05/01 18:59:53 >> Finished more 100 comments...
May 01, 2017 6:59:53 PM solr.utils.Log doInfoLogging
INFO: 2017/05/01 18:59:53 >> Finished more 100 comments...
2017/05/01 18:59:59 >> Finished SolrSearchQuestion!
