2017/05/04 03:57:42 >> Started SolrSearchQuestion: start = 600000...
Starting the StanfordNLP API...
[main] INFO edu.stanford.nlp.pipeline.StanfordCoreNLP - Adding annotator tokenize
[main] INFO edu.stanford.nlp.pipeline.TokenizerAnnotator - No tokenizer type provided. Defaulting to PTBTokenizer.
[main] INFO edu.stanford.nlp.pipeline.StanfordCoreNLP - Adding annotator ssplit
[main] INFO edu.stanford.nlp.pipeline.StanfordCoreNLP - Adding annotator parse
[main] INFO edu.stanford.nlp.parser.common.ParserGrammar - Loading parser from serialized file edu/stanford/nlp/models/lexparser/englishPCFG.ser.gz ... done [0.5 sec].
Finished starting the StanfordNLP API!
2017/05/04 03:58:11 >> Finished more 100 comments...
May 04, 2017 3:58:11 AM solr.utils.Log doInfoLogging
INFO: 2017/05/04 03:58:11 >> Finished more 100 comments...
2017/05/04 03:58:17 >> Finished more 100 comments...
May 04, 2017 3:58:17 AM solr.utils.Log doInfoLogging
INFO: 2017/05/04 03:58:17 >> Finished more 100 comments...
2017/05/04 03:58:22 >> Finished more 100 comments...
May 04, 2017 3:58:22 AM solr.utils.Log doInfoLogging
INFO: 2017/05/04 03:58:22 >> Finished more 100 comments...
2017/05/04 03:58:52 >> Finished more 100 comments...
May 04, 2017 3:58:52 AM solr.utils.Log doInfoLogging
INFO: 2017/05/04 03:58:52 >> Finished more 100 comments...
2017/05/04 03:58:55 >> Finished more 100 comments...
May 04, 2017 3:58:55 AM solr.utils.Log doInfoLogging
INFO: 2017/05/04 03:58:55 >> Finished more 100 comments...
2017/05/04 03:58:58 >> Finished more 100 comments...
May 04, 2017 3:58:58 AM solr.utils.Log doInfoLogging
INFO: 2017/05/04 03:58:58 >> Finished more 100 comments...
2017/05/04 03:59:07 >> Finished more 100 comments...
May 04, 2017 3:59:07 AM solr.utils.Log doInfoLogging
INFO: 2017/05/04 03:59:07 >> Finished more 100 comments...
2017/05/04 03:59:11 >> Finished more 100 comments...
May 04, 2017 3:59:11 AM solr.utils.Log doInfoLogging
INFO: 2017/05/04 03:59:11 >> Finished more 100 comments...
2017/05/04 03:59:24 >> Finished more 100 comments...
May 04, 2017 3:59:24 AM solr.utils.Log doInfoLogging
INFO: 2017/05/04 03:59:24 >> Finished more 100 comments...
2017/05/04 04:00:04 >> Finished more 100 comments...
May 04, 2017 4:00:04 AM solr.utils.Log doInfoLogging
INFO: 2017/05/04 04:00:04 >> Finished more 100 comments...
2017/05/04 04:00:09 >> Finished more 100 comments...
May 04, 2017 4:00:09 AM solr.utils.Log doInfoLogging
INFO: 2017/05/04 04:00:09 >> Finished more 100 comments...
2017/05/04 04:00:13 >> Finished more 100 comments...
May 04, 2017 4:00:13 AM solr.utils.Log doInfoLogging
INFO: 2017/05/04 04:00:13 >> Finished more 100 comments...
2017/05/04 04:00:18 >> Finished more 100 comments...
May 04, 2017 4:00:18 AM solr.utils.Log doInfoLogging
INFO: 2017/05/04 04:00:18 >> Finished more 100 comments...
2017/05/04 04:00:25 >> Finished more 100 comments...
May 04, 2017 4:00:25 AM solr.utils.Log doInfoLogging
INFO: 2017/05/04 04:00:25 >> Finished more 100 comments...
2017/05/04 04:00:39 >> Finished more 100 comments...
May 04, 2017 4:00:39 AM solr.utils.Log doInfoLogging
INFO: 2017/05/04 04:00:39 >> Finished more 100 comments...
2017/05/04 04:00:42 >> Finished more 100 comments...
May 04, 2017 4:00:42 AM solr.utils.Log doInfoLogging
INFO: 2017/05/04 04:00:42 >> Finished more 100 comments...
2017/05/04 04:00:46 >> Finished more 100 comments...
May 04, 2017 4:00:46 AM solr.utils.Log doInfoLogging
INFO: 2017/05/04 04:00:46 >> Finished more 100 comments...
2017/05/04 04:00:52 >> Finished more 100 comments...
May 04, 2017 4:00:52 AM solr.utils.Log doInfoLogging
INFO: 2017/05/04 04:00:52 >> Finished more 100 comments...
2017/05/04 04:00:58 >> Finished more 100 comments...
May 04, 2017 4:00:58 AM solr.utils.Log doInfoLogging
INFO: 2017/05/04 04:00:58 >> Finished more 100 comments...
2017/05/04 04:01:08 >> Finished more 100 comments...
May 04, 2017 4:01:08 AM solr.utils.Log doInfoLogging
INFO: 2017/05/04 04:01:08 >> Finished more 100 comments...
2017/05/04 04:01:14 >> Finished more 100 comments...
May 04, 2017 4:01:14 AM solr.utils.Log doInfoLogging
INFO: 2017/05/04 04:01:14 >> Finished more 100 comments...
2017/05/04 04:01:20 >> Finished more 100 comments...
May 04, 2017 4:01:20 AM solr.utils.Log doInfoLogging
INFO: 2017/05/04 04:01:20 >> Finished more 100 comments...
2017/05/04 04:01:25 >> Finished more 100 comments...
May 04, 2017 4:01:25 AM solr.utils.Log doInfoLogging
INFO: 2017/05/04 04:01:25 >> Finished more 100 comments...
2017/05/04 04:01:43 >> Finished more 100 comments...
May 04, 2017 4:01:43 AM solr.utils.Log doInfoLogging
INFO: 2017/05/04 04:01:43 >> Finished more 100 comments...
2017/05/04 04:01:47 >> Finished more 100 comments...
May 04, 2017 4:01:47 AM solr.utils.Log doInfoLogging
INFO: 2017/05/04 04:01:47 >> Finished more 100 comments...
2017/05/04 04:01:51 >> Finished more 100 comments...
May 04, 2017 4:01:51 AM solr.utils.Log doInfoLogging
INFO: 2017/05/04 04:01:51 >> Finished more 100 comments...
2017/05/04 04:01:56 >> Finished more 100 comments...
May 04, 2017 4:01:56 AM solr.utils.Log doInfoLogging
INFO: 2017/05/04 04:01:56 >> Finished more 100 comments...
2017/05/04 04:02:03 >> Finished more 100 comments...
May 04, 2017 4:02:03 AM solr.utils.Log doInfoLogging
INFO: 2017/05/04 04:02:03 >> Finished more 100 comments...
2017/05/04 04:02:17 >> Finished more 100 comments...
May 04, 2017 4:02:17 AM solr.utils.Log doInfoLogging
INFO: 2017/05/04 04:02:17 >> Finished more 100 comments...
2017/05/04 04:02:20 >> Finished more 100 comments...
May 04, 2017 4:02:20 AM solr.utils.Log doInfoLogging
INFO: 2017/05/04 04:02:20 >> Finished more 100 comments...
2017/05/04 04:02:24 >> Finished more 100 comments...
May 04, 2017 4:02:24 AM solr.utils.Log doInfoLogging
INFO: 2017/05/04 04:02:24 >> Finished more 100 comments...
2017/05/04 04:02:33 >> Finished more 100 comments...
May 04, 2017 4:02:33 AM solr.utils.Log doInfoLogging
INFO: 2017/05/04 04:02:33 >> Finished more 100 comments...
2017/05/04 04:02:36 >> Finished more 100 comments...
May 04, 2017 4:02:36 AM solr.utils.Log doInfoLogging
INFO: 2017/05/04 04:02:36 >> Finished more 100 comments...
2017/05/04 04:02:43 >> Finished more 100 comments...
May 04, 2017 4:02:43 AM solr.utils.Log doInfoLogging
INFO: 2017/05/04 04:02:43 >> Finished more 100 comments...
2017/05/04 04:02:49 >> Finished more 100 comments...
May 04, 2017 4:02:49 AM solr.utils.Log doInfoLogging
INFO: 2017/05/04 04:02:49 >> Finished more 100 comments...
2017/05/04 04:02:51 >> Finished more 100 comments...
May 04, 2017 4:02:51 AM solr.utils.Log doInfoLogging
INFO: 2017/05/04 04:02:51 >> Finished more 100 comments...
2017/05/04 04:02:57 >> Finished more 100 comments...
May 04, 2017 4:02:57 AM solr.utils.Log doInfoLogging
INFO: 2017/05/04 04:02:57 >> Finished more 100 comments...
2017/05/04 04:03:01 >> Finished more 100 comments...
May 04, 2017 4:03:01 AM solr.utils.Log doInfoLogging
INFO: 2017/05/04 04:03:01 >> Finished more 100 comments...
2017/05/04 04:03:09 >> Finished more 100 comments...
May 04, 2017 4:03:09 AM solr.utils.Log doInfoLogging
INFO: 2017/05/04 04:03:09 >> Finished more 100 comments...
2017/05/04 04:03:15 >> Finished more 100 comments...
May 04, 2017 4:03:15 AM solr.utils.Log doInfoLogging
INFO: 2017/05/04 04:03:15 >> Finished more 100 comments...
2017/05/04 04:03:20 >> Finished more 100 comments...
May 04, 2017 4:03:20 AM solr.utils.Log doInfoLogging
INFO: 2017/05/04 04:03:20 >> Finished more 100 comments...
2017/05/04 04:03:25 >> Finished more 100 comments...
May 04, 2017 4:03:25 AM solr.utils.Log doInfoLogging
INFO: 2017/05/04 04:03:25 >> Finished more 100 comments...
2017/05/04 04:03:29 >> Finished more 100 comments...
May 04, 2017 4:03:29 AM solr.utils.Log doInfoLogging
INFO: 2017/05/04 04:03:29 >> Finished more 100 comments...
2017/05/04 04:03:32 >> Finished more 100 comments...
May 04, 2017 4:03:32 AM solr.utils.Log doInfoLogging
INFO: 2017/05/04 04:03:32 >> Finished more 100 comments...
2017/05/04 04:03:35 >> Finished more 100 comments...
May 04, 2017 4:03:35 AM solr.utils.Log doInfoLogging
INFO: 2017/05/04 04:03:35 >> Finished more 100 comments...
2017/05/04 04:03:41 >> Finished more 100 comments...
May 04, 2017 4:03:41 AM solr.utils.Log doInfoLogging
INFO: 2017/05/04 04:03:41 >> Finished more 100 comments...
2017/05/04 04:03:58 >> Finished more 100 comments...
May 04, 2017 4:03:58 AM solr.utils.Log doInfoLogging
INFO: 2017/05/04 04:03:58 >> Finished more 100 comments...
2017/05/04 04:04:03 >> Finished more 100 comments...
May 04, 2017 4:04:03 AM solr.utils.Log doInfoLogging
INFO: 2017/05/04 04:04:03 >> Finished more 100 comments...
2017/05/04 04:04:07 >> Finished more 100 comments...
May 04, 2017 4:04:07 AM solr.utils.Log doInfoLogging
INFO: 2017/05/04 04:04:07 >> Finished more 100 comments...
2017/05/04 04:04:11 >> Finished more 100 comments...
May 04, 2017 4:04:11 AM solr.utils.Log doInfoLogging
INFO: 2017/05/04 04:04:11 >> Finished more 100 comments...
2017/05/04 04:04:17 >> Finished more 100 comments...
May 04, 2017 4:04:17 AM solr.utils.Log doInfoLogging
INFO: 2017/05/04 04:04:17 >> Finished more 100 comments...
2017/05/04 04:04:22 >> Finished more 100 comments...
May 04, 2017 4:04:22 AM solr.utils.Log doInfoLogging
INFO: 2017/05/04 04:04:22 >> Finished more 100 comments...
2017/05/04 04:04:27 >> Finished more 100 comments...
May 04, 2017 4:04:27 AM solr.utils.Log doInfoLogging
INFO: 2017/05/04 04:04:27 >> Finished more 100 comments...
2017/05/04 04:11:01 >> Finished more 100 comments...
May 04, 2017 4:11:01 AM solr.utils.Log doInfoLogging
INFO: 2017/05/04 04:11:01 >> Finished more 100 comments...
2017/05/04 04:11:04 >> Finished more 100 comments...
May 04, 2017 4:11:04 AM solr.utils.Log doInfoLogging
INFO: 2017/05/04 04:11:04 >> Finished more 100 comments...
2017/05/04 04:11:08 >> Finished more 100 comments...
May 04, 2017 4:11:08 AM solr.utils.Log doInfoLogging
INFO: 2017/05/04 04:11:08 >> Finished more 100 comments...
2017/05/04 04:11:20 >> Finished more 100 comments...
May 04, 2017 4:11:20 AM solr.utils.Log doInfoLogging
INFO: 2017/05/04 04:11:20 >> Finished more 100 comments...
2017/05/04 04:11:32 >> Finished more 100 comments...
May 04, 2017 4:11:32 AM solr.utils.Log doInfoLogging
INFO: 2017/05/04 04:11:32 >> Finished more 100 comments...
2017/05/04 04:11:36 >> Finished more 100 comments...
May 04, 2017 4:11:36 AM solr.utils.Log doInfoLogging
INFO: 2017/05/04 04:11:36 >> Finished more 100 comments...
2017/05/04 04:12:30 >> Finished more 100 comments...
May 04, 2017 4:12:30 AM solr.utils.Log doInfoLogging
INFO: 2017/05/04 04:12:30 >> Finished more 100 comments...
2017/05/04 04:13:02 >> Finished more 100 comments...
May 04, 2017 4:13:02 AM solr.utils.Log doInfoLogging
INFO: 2017/05/04 04:13:02 >> Finished more 100 comments...
2017/05/04 04:13:07 >> Finished more 100 comments...
May 04, 2017 4:13:07 AM solr.utils.Log doInfoLogging
INFO: 2017/05/04 04:13:07 >> Finished more 100 comments...
2017/05/04 04:13:14 >> Finished more 100 comments...
May 04, 2017 4:13:14 AM solr.utils.Log doInfoLogging
INFO: 2017/05/04 04:13:14 >> Finished more 100 comments...
2017/05/04 04:13:19 >> Finished more 100 comments...
May 04, 2017 4:13:19 AM solr.utils.Log doInfoLogging
INFO: 2017/05/04 04:13:19 >> Finished more 100 comments...
2017/05/04 04:13:21 >> Finished more 100 comments...
May 04, 2017 4:13:21 AM solr.utils.Log doInfoLogging
INFO: 2017/05/04 04:13:21 >> Finished more 100 comments...
2017/05/04 04:13:29 >> Finished more 100 comments...
May 04, 2017 4:13:29 AM solr.utils.Log doInfoLogging
INFO: 2017/05/04 04:13:29 >> Finished more 100 comments...
2017/05/04 04:13:39 >> Finished more 100 comments...
May 04, 2017 4:13:39 AM solr.utils.Log doInfoLogging
INFO: 2017/05/04 04:13:39 >> Finished more 100 comments...
2017/05/04 04:13:54 >> Finished more 100 comments...
May 04, 2017 4:13:54 AM solr.utils.Log doInfoLogging
INFO: 2017/05/04 04:13:54 >> Finished more 100 comments...
2017/05/04 04:13:58 >> Finished more 100 comments...
May 04, 2017 4:13:58 AM solr.utils.Log doInfoLogging
INFO: 2017/05/04 04:13:58 >> Finished more 100 comments...
2017/05/04 04:14:07 >> Finished more 100 comments...
May 04, 2017 4:14:07 AM solr.utils.Log doInfoLogging
INFO: 2017/05/04 04:14:07 >> Finished more 100 comments...
2017/05/04 04:14:11 >> Finished more 100 comments...
May 04, 2017 4:14:11 AM solr.utils.Log doInfoLogging
INFO: 2017/05/04 04:14:11 >> Finished more 100 comments...
2017/05/04 04:14:14 >> Finished more 100 comments...
May 04, 2017 4:14:14 AM solr.utils.Log doInfoLogging
INFO: 2017/05/04 04:14:14 >> Finished more 100 comments...
2017/05/04 04:14:24 >> Finished more 100 comments...
May 04, 2017 4:14:24 AM solr.utils.Log doInfoLogging
INFO: 2017/05/04 04:14:24 >> Finished more 100 comments...
2017/05/04 04:14:31 >> Finished more 100 comments...
May 04, 2017 4:14:31 AM solr.utils.Log doInfoLogging
INFO: 2017/05/04 04:14:31 >> Finished more 100 comments...
2017/05/04 04:14:35 >> Finished more 100 comments...
May 04, 2017 4:14:35 AM solr.utils.Log doInfoLogging
INFO: 2017/05/04 04:14:35 >> Finished more 100 comments...
2017/05/04 04:14:38 >> Finished more 100 comments...
May 04, 2017 4:14:38 AM solr.utils.Log doInfoLogging
INFO: 2017/05/04 04:14:38 >> Finished more 100 comments...
2017/05/04 04:14:42 >> Finished more 100 comments...
May 04, 2017 4:14:42 AM solr.utils.Log doInfoLogging
INFO: 2017/05/04 04:14:42 >> Finished more 100 comments...
2017/05/04 04:14:48 >> Finished more 100 comments...
May 04, 2017 4:14:48 AM solr.utils.Log doInfoLogging
INFO: 2017/05/04 04:14:48 >> Finished more 100 comments...
2017/05/04 04:14:59 >> Finished more 100 comments...
May 04, 2017 4:14:59 AM solr.utils.Log doInfoLogging
INFO: 2017/05/04 04:14:59 >> Finished more 100 comments...
2017/05/04 04:15:11 >> Finished more 100 comments...
May 04, 2017 4:15:11 AM solr.utils.Log doInfoLogging
INFO: 2017/05/04 04:15:11 >> Finished more 100 comments...
2017/05/04 04:15:16 >> Finished more 100 comments...
May 04, 2017 4:15:16 AM solr.utils.Log doInfoLogging
INFO: 2017/05/04 04:15:16 >> Finished more 100 comments...
2017/05/04 04:15:31 >> Finished more 100 comments...
May 04, 2017 4:15:31 AM solr.utils.Log doInfoLogging
INFO: 2017/05/04 04:15:31 >> Finished more 100 comments...
2017/05/04 04:16:00 >> Finished more 100 comments...
May 04, 2017 4:16:00 AM solr.utils.Log doInfoLogging
INFO: 2017/05/04 04:16:00 >> Finished more 100 comments...
2017/05/04 04:18:12 >> Finished more 100 comments...
May 04, 2017 4:18:12 AM solr.utils.Log doInfoLogging
INFO: 2017/05/04 04:18:12 >> Finished more 100 comments...
2017/05/04 04:18:16 >> Finished more 100 comments...
May 04, 2017 4:18:16 AM solr.utils.Log doInfoLogging
INFO: 2017/05/04 04:18:16 >> Finished more 100 comments...
2017/05/04 04:30:34 >> Finished more 100 comments...
May 04, 2017 4:30:34 AM solr.utils.Log doInfoLogging
INFO: 2017/05/04 04:30:34 >> Finished more 100 comments...
2017/05/04 04:30:39 >> Finished more 100 comments...
May 04, 2017 4:30:39 AM solr.utils.Log doInfoLogging
INFO: 2017/05/04 04:30:39 >> Finished more 100 comments...
2017/05/04 04:30:42 >> Finished more 100 comments...
May 04, 2017 4:30:42 AM solr.utils.Log doInfoLogging
INFO: 2017/05/04 04:30:42 >> Finished more 100 comments...
2017/05/04 04:30:50 >> Finished more 100 comments...
May 04, 2017 4:30:50 AM solr.utils.Log doInfoLogging
INFO: 2017/05/04 04:30:50 >> Finished more 100 comments...
2017/05/04 04:30:53 >> Finished more 100 comments...
May 04, 2017 4:30:53 AM solr.utils.Log doInfoLogging
INFO: 2017/05/04 04:30:53 >> Finished more 100 comments...
2017/05/04 04:30:59 >> Finished more 100 comments...
May 04, 2017 4:30:59 AM solr.utils.Log doInfoLogging
INFO: 2017/05/04 04:30:59 >> Finished more 100 comments...
2017/05/04 04:31:06 >> Finished more 100 comments...
May 04, 2017 4:31:06 AM solr.utils.Log doInfoLogging
INFO: 2017/05/04 04:31:06 >> Finished more 100 comments...
2017/05/04 04:31:13 >> Finished more 100 comments...
May 04, 2017 4:31:13 AM solr.utils.Log doInfoLogging
INFO: 2017/05/04 04:31:13 >> Finished more 100 comments...
2017/05/04 04:31:17 >> Finished more 100 comments...
May 04, 2017 4:31:17 AM solr.utils.Log doInfoLogging
INFO: 2017/05/04 04:31:17 >> Finished more 100 comments...
2017/05/04 04:31:20 >> Finished more 100 comments...
May 04, 2017 4:31:20 AM solr.utils.Log doInfoLogging
INFO: 2017/05/04 04:31:20 >> Finished more 100 comments...
2017/05/04 04:31:24 >> Finished more 100 comments...
May 04, 2017 4:31:24 AM solr.utils.Log doInfoLogging
INFO: 2017/05/04 04:31:24 >> Finished more 100 comments...
2017/05/04 05:50:20 >> Finished more 100 comments...
May 04, 2017 5:50:20 AM solr.utils.Log doInfoLogging
INFO: 2017/05/04 05:50:20 >> Finished more 100 comments...
2017/05/04 05:50:23 >> Finished more 100 comments...
May 04, 2017 5:50:23 AM solr.utils.Log doInfoLogging
INFO: 2017/05/04 05:50:23 >> Finished more 100 comments...
2017/05/04 05:50:26 >> Finished more 100 comments...
May 04, 2017 5:50:26 AM solr.utils.Log doInfoLogging
INFO: 2017/05/04 05:50:26 >> Finished more 100 comments...
2017/05/04 05:50:32 >> Finished more 100 comments...
May 04, 2017 5:50:32 AM solr.utils.Log doInfoLogging
INFO: 2017/05/04 05:50:32 >> Finished more 100 comments...
2017/05/04 05:50:38 >> Finished SolrSearchQuestion!
