Apr 19, 2017 4:56:35 PM solr.utils.Log doInfoLogging
INFO: Started countAllFeatures for inline...
Apr 19, 2017 4:56:35 PM solr.utils.Log doInfoLogging
INFO: Started countFeatures for hedges...
Apr 19, 2017 4:58:05 PM solr.utils.Log doInfoLogging
INFO: Finished countFeatures for hedges...
Apr 19, 2017 4:58:05 PM solr.utils.Log doInfoLogging
INFO: Started countFeatures for hypotheticals...
Apr 19, 2017 4:58:06 PM solr.utils.Log doInfoLogging
INFO: Finished countFeatures for hypotheticals...
Apr 19, 2017 4:58:06 PM solr.utils.Log doInfoLogging
INFO: Started countFeatures for probables...
Apr 19, 2017 4:58:08 PM solr.utils.Log doInfoLogging
INFO: Finished countFeatures for probables...
Apr 19, 2017 4:58:08 PM solr.utils.Log doInfoLogging
INFO: Started countFeatures for  I-statements...
Apr 19, 2017 4:58:09 PM solr.utils.Log doInfoLogging
INFO: Finished countFeatures for I-statements...
Apr 19, 2017 4:58:09 PM solr.utils.Log doInfoLogging
INFO: Started countFeatures for  nonverbals...
Apr 19, 2017 4:58:10 PM solr.utils.Log doInfoLogging
INFO: Finished countFeatures for nonverbals...
Apr 19, 2017 4:58:10 PM solr.utils.Log doInfoLogging
INFO: Started countFeatures for  meta...
Apr 19, 2017 4:58:10 PM solr.utils.Log doInfoLogging
INFO: Finished countFeatures for meta...
Apr 19, 2017 4:58:10 PM solr.utils.Log doInfoLogging
INFO: Started countFeatures for  questions...
Started method countQuestionFeatures!
Starting the StanfordNLP API...
[main] INFO edu.stanford.nlp.pipeline.StanfordCoreNLP - Adding annotator tokenize
[main] INFO edu.stanford.nlp.pipeline.TokenizerAnnotator - No tokenizer type provided. Defaulting to PTBTokenizer.
[main] INFO edu.stanford.nlp.pipeline.StanfordCoreNLP - Adding annotator ssplit
[main] INFO edu.stanford.nlp.pipeline.StanfordCoreNLP - Adding annotator parse
[main] INFO edu.stanford.nlp.parser.common.ParserGrammar - Loading parser from serialized file edu/stanford/nlp/models/lexparser/englishPCFG.ser.gz ... done [0.4 sec].
Finished starting the StanfordNLP API!
Finished querying solr cursor: AoExMDY4NjljOTZfZTA4NzgyNjI=
Finished querying solr cursor: AoExMGJjNWVlY2RfMzM5MWYyMGU=
[main] WARN edu.stanford.nlp.process.PTBLexer - Untokenizable: ? (U+FFFD, decimal: 65533)
Finished querying solr cursor: AoExMTBkNGZmMmNfYjlmMTFiNDc=
Finished querying solr cursor: AoExMTc4NWU4NThfMzFlOGIwMjY=
Finished querying solr cursor: AoExMWQ3MWIwNTNfN2M1OTI1NjM=
Finished querying solr cursor: AoExMjQzYWM1ZjZfNzQxMTEwOGY=
Finished querying solr cursor: AoExMmFjMzgzNWNfYjQ0ZjAwYmE=
Finished querying solr cursor: AoExMzAzNzVhNmRfYjA4ZmM2MmU=
Finished querying solr cursor: AoExMzY2M2JiYzVfYjdiY2U4NTc=
Finished querying solr cursor: AoExM2JlZGJiMDdfMzBkMDg4Y2E=
Finished querying solr cursor: AoExNDJiMWE5ZjBfYzA1NzU0MjM=
Finished querying solr cursor: AoExNDhiNTQzNDNfZjBlZTQwZWU=
[main] WARN edu.stanford.nlp.process.PTBLexer - Untokenizable: ? (U+FFFD, decimal: 65533)
Finished querying solr cursor: AoExNGYzOWM1YjdfZTlkZDk1ZDk=
Finished querying solr cursor: AoExNTY4ZDlkNDNfZWVmMTlmOWM=
Finished querying solr cursor: AoExNWMyNDBlZjNfZTdlNTYyMjQ=
Finished querying solr cursor: AoExNjJiZTg5ZTRfMTZhZTc2ZjY=
Finished querying solr cursor: AoExNjg1M2QxNTVfZmVlNjk5NTM=
Finished querying solr cursor: AoExNmRmMWQ1NGZfODM4MzAwYTk=
Finished querying solr cursor: AoExNzQ3ZjM5NGRfNGFhM2U3MTY=
Finished querying solr cursor: AoExNzllNDQ0NTFfNDRhMDIwYmU=
Finished querying solr cursor: AoExN2ZlYzg4MGFfNDAzMzM4NjE=
Finished querying solr cursor: AoExODVhNTQyYzlfN2Y2MTJmODg=
Finished querying solr cursor: AoExOGJkMWRlOGVfMTdmYmU5ZDg=
Finished querying solr cursor: AoExOTE1ZjUxZjlfMDIzNTRiODk=
Finished querying solr cursor: AoExOTg3ZjUyMjFfOTUxZTI2NjM=
[main] WARN edu.stanford.nlp.process.PTBLexer - Untokenizable: ? (U+FFFD, decimal: 65533)
Finished querying solr cursor: AoExOWU5OWZhZmJfZjA4MmU4MDg=
Finished querying solr cursor: AoE0QUFBQTNYJTJGJTJGJTJGaU0lM0Q=
Finished querying solr cursor: AoE0QUFBQXpYJTJGJTJGJTJCalUlM0Q=
[main] WARN edu.stanford.nlp.process.PTBLexer - Untokenizable: ? (U+FFFD, decimal: 65533)
Finished querying solr cursor: AoE0QUFBSTYzJTJGJTJGJTJCRW8lM0Q=
[main] WARN edu.stanford.nlp.process.PTBLexer - Untokenizable: ? (U+FFFD, decimal: 65533)
[main] WARN edu.stanford.nlp.process.PTBLexer - Untokenizable: ? (U+FFFD, decimal: 65533)
[main] WARN edu.stanford.nlp.process.PTBLexer - Untokenizable: ? (U+FFFD, decimal: 65533)
Finished querying solr cursor: AoEoUU9pdWFCYk0=
[main] WARN edu.stanford.nlp.process.PTBLexer - Untokenizable: ? (U+FFFD, decimal: 65533)
Finished querying solr cursor: AoExYTNkNGUyMzdfNmQ1MTk1Njg=
[main] WARN edu.stanford.nlp.process.PTBLexer - Untokenizable: ? (U+FFFD, decimal: 65533)
Finished querying solr cursor: AoExYWEyMTMzZTRfYmQzNmQzOGE=
[main] WARN edu.stanford.nlp.process.PTBLexer - Untokenizable: ? (U+FFFD, decimal: 65533)
Finished querying solr cursor: AoExYjAyNDJhYWVfOWEyYTEwMzE=
Finished querying solr cursor: AoExYjY5ZDFlNzJfYjQyNjBlOTQ=
[main] WARN edu.stanford.nlp.process.PTBLexer - Untokenizable: ? (U+FFFD, decimal: 65533)
Exception in thread "main" java.lang.OutOfMemoryError: Java heap space
	at java.util.Arrays.copyOfRange(Unknown Source)
	at java.lang.String.<init>(Unknown Source)
	at java.lang.String.substring(Unknown Source)
	at edu.stanford.nlp.util.logging.SLF4JHandler.print(SLF4JHandler.java:72)
	at edu.stanford.nlp.util.logging.OutputHandler.handle(OutputHandler.java:395)
	at edu.stanford.nlp.util.logging.SLF4JHandler.handle(SLF4JHandler.java:62)
	at edu.stanford.nlp.util.logging.Redwood$RecordHandlerTree.process(Redwood.java:743)
	at edu.stanford.nlp.util.logging.Redwood$RecordHandlerTree.process(Redwood.java:779)
	at edu.stanford.nlp.util.logging.Redwood$RecordHandlerTree.process(Redwood.java:779)
	at edu.stanford.nlp.util.logging.Redwood$RecordHandlerTree.access$000(Redwood.java:620)
	at edu.stanford.nlp.util.logging.Redwood.log(Redwood.java:306)
	at edu.stanford.nlp.util.logging.Redwood$RedwoodChannels.log(Redwood.java:1231)
	at edu.stanford.nlp.util.logging.Redwood$RedwoodChannels.info(Redwood.java:1283)
	at edu.stanford.nlp.pipeline.ParserAnnotator.doOneSentence(ParserAnnotator.java:358)
	at edu.stanford.nlp.pipeline.ParserAnnotator.doOneSentence(ParserAnnotator.java:254)
	at edu.stanford.nlp.pipeline.SentenceAnnotator.annotate(SentenceAnnotator.java:102)
	at edu.stanford.nlp.pipeline.AnnotationPipeline.annotate(AnnotationPipeline.java:76)
	at edu.stanford.nlp.pipeline.StanfordCoreNLP.annotate(StanfordCoreNLP.java:605)
	at solr.main.SolrSearch.countQuestionFeatures(SolrSearch.java:389)
	at solr.main.SolrSearch.countAllFeatures(SolrSearch.java:138)
	at solr.main.SolrSearch.main(SolrSearch.java:1003)
